------------------------------------------------------------------------------------------------------------------------

[2022-04-03 10:39:51 #1 store] 
Database 'C:\Users\34600\git\Iteracion1\Bets21\src\main\resources\bets.temp' is opened by 77168@LAPTOP-ILS8TMDB

[2022-04-03 10:39:51 #2 type.registry] 
New type domain.Question

[2022-04-03 10:39:51 #3 type] 
Type domain.Question is not enhanced.

[2022-04-03 10:39:51 #4 type.registry] 
New type domain.Pronostico

[2022-04-03 10:39:51 #5 type.registry] 
New type java.util.Vector<domain.Pronostico>

[2022-04-03 10:39:51 #6 type.registry] 
New type domain.Event

[2022-04-03 10:39:51 #7 type] 
Type domain.Pronostico is not enhanced.

[2022-04-03 10:39:51 #8 type.registry] 
New type domain.Usuario

[2022-04-03 10:39:51 #9 type.registry] 
New type java.util.ArrayList<domain.Usuario>

[2022-04-03 10:39:51 #10 type] 
Type domain.Event is not enhanced.

[2022-04-03 10:39:51 #11 type.registry] 
New type java.util.Vector<domain.Question>

[2022-04-03 10:39:51 #12 type] 
Type domain.Usuario is not enhanced.

[2022-04-03 10:39:51 #13 type.registry] 
New type java.util.Vector<java.lang.Object>

[2022-04-03 10:39:51 #14 type.registry] 
New type java.util.ArrayList<java.lang.Object>

------------------------------------------------------------------------------------------------------------------------

[2022-04-03 10:40:24 #1 store] 
Database 'C:\Users\34600\git\Iteracion1\Bets21\src\main\resources\bets.temp' is opened by 73156@LAPTOP-ILS8TMDB

[2022-04-03 10:40:24 #2 type.registry] 
New type domain.Question

[2022-04-03 10:40:24 #3 type] 
Type domain.Question is not enhanced.

[2022-04-03 10:40:24 #4 type.registry] 
New type domain.Pronostico

[2022-04-03 10:40:24 #5 type.registry] 
New type java.util.Vector<domain.Pronostico>

[2022-04-03 10:40:24 #6 type.registry] 
New type domain.Event

[2022-04-03 10:40:24 #7 type] 
Type domain.Pronostico is not enhanced.

[2022-04-03 10:40:24 #8 type.registry] 
New type domain.Usuario

[2022-04-03 10:40:24 #9 type.registry] 
New type java.util.ArrayList<domain.Usuario>

[2022-04-03 10:40:24 #10 type] 
Type domain.Event is not enhanced.

[2022-04-03 10:40:24 #11 type.registry] 
New type java.util.Vector<domain.Question>

[2022-04-03 10:40:24 #12 type] 
Type domain.Usuario is not enhanced.

[2022-04-03 10:40:24 #13 type.registry] 
New type java.util.Vector<java.lang.Object>

[2022-04-03 10:40:24 #14 type.registry] 
New type java.util.ArrayList<java.lang.Object>

------------------------------------------------------------------------------------------------------------------------

[2022-04-03 10:49:52 #1 store] 
Database 'C:\Users\34600\git\Iteracion1\Bets21\src\main\resources\bets.temp' is opened by 97752@LAPTOP-ILS8TMDB

[2022-04-03 10:49:53 #2 type.registry] 
New type domain.Question

[2022-04-03 10:49:53 #3 type] 
Type domain.Question is not enhanced.

[2022-04-03 10:49:53 #4 type.registry] 
New type domain.Pronostico

[2022-04-03 10:49:53 #5 type.registry] 
New type java.util.Vector<domain.Pronostico>

[2022-04-03 10:49:53 #6 type.registry] 
New type domain.Event

[2022-04-03 10:49:53 #7 type] 
Type domain.Pronostico is not enhanced.

[2022-04-03 10:49:53 #8 type.registry] 
New type domain.Usuario

[2022-04-03 10:49:53 #9 type.registry] 
New type java.util.ArrayList<domain.Usuario>

[2022-04-03 10:49:53 #10 type] 
Type domain.Event is not enhanced.

[2022-04-03 10:49:53 #11 type.registry] 
New type java.util.Vector<domain.Question>

[2022-04-03 10:49:53 #12 type] 
Type domain.Usuario is not enhanced.

[2022-04-03 10:49:53 #13 type.registry] 
New type java.util.Vector<java.lang.Object>

[2022-04-03 10:49:53 #14 type.registry] 
New type java.util.ArrayList<java.lang.Object>

------------------------------------------------------------------------------------------------------------------------

[2022-04-03 10:50:04 #1 store] 
Database 'C:\Users\34600\git\Iteracion1\Bets21\src\main\resources\bets.temp' is opened by 99228@LAPTOP-ILS8TMDB

[2022-04-03 10:50:04 #2 type.registry] 
New type domain.Question

[2022-04-03 10:50:04 #3 type] 
Type domain.Question is not enhanced.

[2022-04-03 10:50:04 #4 type.registry] 
New type domain.Pronostico

[2022-04-03 10:50:04 #5 type.registry] 
New type java.util.Vector<domain.Pronostico>

[2022-04-03 10:50:04 #6 type.registry] 
New type domain.Event

[2022-04-03 10:50:04 #7 type] 
Type domain.Pronostico is not enhanced.

[2022-04-03 10:50:04 #8 type.registry] 
New type domain.Usuario

[2022-04-03 10:50:04 #9 type.registry] 
New type java.util.ArrayList<domain.Usuario>

[2022-04-03 10:50:04 #10 type] 
Type domain.Event is not enhanced.

[2022-04-03 10:50:04 #11 type.registry] 
New type java.util.Vector<domain.Question>

[2022-04-03 10:50:04 #12 type] 
Type domain.Usuario is not enhanced.

[2022-04-03 10:50:04 #13 type.registry] 
New type java.util.Vector<java.lang.Object>

[2022-04-03 10:50:04 #14 type.registry] 
New type java.util.ArrayList<java.lang.Object>

------------------------------------------------------------------------------------------------------------------------

[2022-04-03 10:51:32 #1 store] 
Database 'C:\Users\34600\git\Iteracion1\Bets21\src\main\resources\bets.temp' is opened by 65016@LAPTOP-ILS8TMDB

[2022-04-03 10:51:32 #2 type.registry] 
New type domain.Question

[2022-04-03 10:51:32 #3 type] 
Type domain.Question is not enhanced.

[2022-04-03 10:51:32 #4 type.registry] 
New type domain.Pronostico

[2022-04-03 10:51:32 #5 type.registry] 
New type java.util.Vector<domain.Pronostico>

[2022-04-03 10:51:32 #6 type.registry] 
New type domain.Event

[2022-04-03 10:51:32 #7 type] 
Type domain.Pronostico is not enhanced.

[2022-04-03 10:51:32 #8 type.registry] 
New type domain.Usuario

[2022-04-03 10:51:32 #9 type.registry] 
New type java.util.ArrayList<domain.Usuario>

[2022-04-03 10:51:32 #10 type] 
Type domain.Event is not enhanced.

[2022-04-03 10:51:32 #11 type.registry] 
New type java.util.Vector<domain.Question>

[2022-04-03 10:51:32 #12 type] 
Type domain.Usuario is not enhanced.

[2022-04-03 10:51:32 #13 type.registry] 
New type java.util.Vector<java.lang.Object>

[2022-04-03 10:51:32 #14 type.registry] 
New type java.util.ArrayList<java.lang.Object>

------------------------------------------------------------------------------------------------------------------------

[2022-04-03 10:53:14 #1 store] 
Database 'C:\Users\34600\git\Iteracion1\Bets21\src\main\resources\bets.temp' is opened by 102212@LAPTOP-ILS8TMDB

[2022-04-03 10:53:14 #2 type.registry] 
New type domain.Question

[2022-04-03 10:53:14 #3 type] 
Type domain.Question is not enhanced.

[2022-04-03 10:53:14 #4 type.registry] 
New type domain.Pronostico

[2022-04-03 10:53:14 #5 type.registry] 
New type java.util.Vector<domain.Pronostico>

[2022-04-03 10:53:14 #6 type.registry] 
New type domain.Event

[2022-04-03 10:53:14 #7 type] 
Type domain.Pronostico is not enhanced.

[2022-04-03 10:53:14 #8 type.registry] 
New type domain.Usuario

[2022-04-03 10:53:14 #9 type.registry] 
New type java.util.ArrayList<domain.Usuario>

[2022-04-03 10:53:14 #10 type] 
Type domain.Event is not enhanced.

[2022-04-03 10:53:14 #11 type.registry] 
New type java.util.Vector<domain.Question>

[2022-04-03 10:53:14 #12 type] 
Type domain.Usuario is not enhanced.

[2022-04-03 10:53:14 #13 type.registry] 
New type java.util.Vector<java.lang.Object>

[2022-04-03 10:53:14 #14 type.registry] 
New type java.util.ArrayList<java.lang.Object>

------------------------------------------------------------------------------------------------------------------------

[2022-04-03 11:00:37 #1 store] 
Database 'C:\Users\34600\git\Iteracion1\Bets21\src\main\resources\bets.temp' is opened by 97388@LAPTOP-ILS8TMDB

[2022-04-03 11:00:37 #2 type.registry] 
New type domain.Question

[2022-04-03 11:00:37 #3 type] 
Type domain.Question is not enhanced.

[2022-04-03 11:00:37 #4 type.registry] 
New type domain.Pronostico

[2022-04-03 11:00:37 #5 type.registry] 
New type java.util.Vector<domain.Pronostico>

[2022-04-03 11:00:37 #6 type.registry] 
New type domain.Event

[2022-04-03 11:00:37 #7 type] 
Type domain.Pronostico is not enhanced.

[2022-04-03 11:00:37 #8 type.registry] 
New type domain.Usuario

[2022-04-03 11:00:37 #9 type.registry] 
New type java.util.ArrayList<domain.Usuario>

[2022-04-03 11:00:37 #10 type] 
Type domain.Event is not enhanced.

[2022-04-03 11:00:37 #11 type.registry] 
New type java.util.Vector<domain.Question>

[2022-04-03 11:00:37 #12 type] 
Type domain.Usuario is not enhanced.

[2022-04-03 11:00:37 #13 type.registry] 
New type java.util.Vector<java.lang.Object>

[2022-04-03 11:00:37 #14 type.registry] 
New type java.util.ArrayList<java.lang.Object>

------------------------------------------------------------------------------------------------------------------------

[2022-04-03 11:01:03 #1 store] 
Database 'C:\Users\34600\git\Iteracion1\Bets21\src\main\resources\bets.temp' is opened by 103000@LAPTOP-ILS8TMDB

[2022-04-03 11:01:04 #2 type.registry] 
New type domain.Question

[2022-04-03 11:01:04 #3 type] 
Type domain.Question is not enhanced.

[2022-04-03 11:01:04 #4 type.registry] 
New type domain.Pronostico

[2022-04-03 11:01:04 #5 type.registry] 
New type java.util.Vector<domain.Pronostico>

[2022-04-03 11:01:04 #6 type.registry] 
New type domain.Event

[2022-04-03 11:01:04 #7 type] 
Type domain.Pronostico is not enhanced.

[2022-04-03 11:01:04 #8 type.registry] 
New type domain.Usuario

[2022-04-03 11:01:04 #9 type.registry] 
New type java.util.ArrayList<domain.Usuario>

[2022-04-03 11:01:04 #10 type] 
Type domain.Event is not enhanced.

[2022-04-03 11:01:04 #11 type.registry] 
New type java.util.Vector<domain.Question>

[2022-04-03 11:01:04 #12 type] 
Type domain.Usuario is not enhanced.

[2022-04-03 11:01:04 #13 type.registry] 
New type java.util.Vector<java.lang.Object>

[2022-04-03 11:01:04 #14 type.registry] 
New type java.util.ArrayList<java.lang.Object>

------------------------------------------------------------------------------------------------------------------------

[2022-04-03 11:01:16 #1 store] 
Database 'C:\Users\34600\git\Iteracion1\Bets21\src\main\resources\bets.temp' is opened by 89080@LAPTOP-ILS8TMDB

[2022-04-03 11:01:16 #2 type.registry] 
New type domain.Question

[2022-04-03 11:01:16 #3 type] 
Type domain.Question is not enhanced.

[2022-04-03 11:01:16 #4 type.registry] 
New type domain.Pronostico

[2022-04-03 11:01:16 #5 type.registry] 
New type java.util.Vector<domain.Pronostico>

[2022-04-03 11:01:16 #6 type.registry] 
New type domain.Event

[2022-04-03 11:01:16 #7 type] 
Type domain.Pronostico is not enhanced.

[2022-04-03 11:01:16 #8 type.registry] 
New type domain.Usuario

[2022-04-03 11:01:16 #9 type.registry] 
New type java.util.ArrayList<domain.Usuario>

[2022-04-03 11:01:16 #10 type] 
Type domain.Event is not enhanced.

[2022-04-03 11:01:16 #11 type.registry] 
New type java.util.Vector<domain.Question>

[2022-04-03 11:01:16 #12 type] 
Type domain.Usuario is not enhanced.

[2022-04-03 11:01:16 #13 type.registry] 
New type java.util.Vector<java.lang.Object>

[2022-04-03 11:01:16 #14 type.registry] 
New type java.util.ArrayList<java.lang.Object>

------------------------------------------------------------------------------------------------------------------------

[2022-04-03 11:01:33 #1 store] 
Database 'C:\Users\34600\git\Iteracion1\Bets21\src\main\resources\bets.temp' is opened by 97068@LAPTOP-ILS8TMDB

[2022-04-03 11:01:33 #2 type.registry] 
New type domain.Question

[2022-04-03 11:01:33 #3 type] 
Type domain.Question is not enhanced.

[2022-04-03 11:01:33 #4 type.registry] 
New type domain.Pronostico

[2022-04-03 11:01:33 #5 type.registry] 
New type java.util.Vector<domain.Pronostico>

[2022-04-03 11:01:33 #6 type.registry] 
New type domain.Event

[2022-04-03 11:01:33 #7 type] 
Type domain.Pronostico is not enhanced.

[2022-04-03 11:01:33 #8 type.registry] 
New type domain.Usuario

[2022-04-03 11:01:33 #9 type.registry] 
New type java.util.ArrayList<domain.Usuario>

[2022-04-03 11:01:33 #10 type] 
Type domain.Event is not enhanced.

[2022-04-03 11:01:33 #11 type.registry] 
New type java.util.Vector<domain.Question>

[2022-04-03 11:01:33 #12 type] 
Type domain.Usuario is not enhanced.

[2022-04-03 11:01:33 #13 type.registry] 
New type java.util.Vector<java.lang.Object>

[2022-04-03 11:01:33 #14 type.registry] 
New type java.util.ArrayList<java.lang.Object>

------------------------------------------------------------------------------------------------------------------------

[2022-04-03 12:26:53 #1 store] 
Database 'C:\Users\34600\git\Iteracion1\Bets21\src\main\resources\bets.temp' is opened by 94964@LAPTOP-ILS8TMDB

[2022-04-03 12:26:53 #2 type.registry] 
New type domain.Question

[2022-04-03 12:26:53 #3 type] 
Type domain.Question is not enhanced.

[2022-04-03 12:26:53 #4 type.registry] 
New type domain.Pronostico

[2022-04-03 12:26:53 #5 type.registry] 
New type java.util.Vector<domain.Pronostico>

[2022-04-03 12:26:53 #6 type.registry] 
New type domain.Event

[2022-04-03 12:26:53 #7 type] 
Type domain.Pronostico is not enhanced.

[2022-04-03 12:26:53 #8 type.registry] 
New type domain.Usuario

[2022-04-03 12:26:53 #9 type.registry] 
New type java.util.ArrayList<domain.Usuario>

[2022-04-03 12:26:53 #10 type] 
Type domain.Event is not enhanced.

[2022-04-03 12:26:53 #11 type.registry] 
New type java.util.Vector<domain.Question>

[2022-04-03 12:26:53 #12 type] 
Type domain.Usuario is not enhanced.

[2022-04-03 12:26:53 #13 type.registry] 
New type java.util.Vector<java.lang.Object>

[2022-04-03 12:26:53 #14 type.registry] 
New type java.util.ArrayList<java.lang.Object>

------------------------------------------------------------------------------------------------------------------------

[2022-04-03 12:27:02 #1 store] 
Database 'C:\Users\34600\git\Iteracion1\Bets21\src\main\resources\bets.temp' is opened by 104332@LAPTOP-ILS8TMDB

[2022-04-03 12:27:02 #2 type.registry] 
New type domain.Question

[2022-04-03 12:27:02 #3 type] 
Type domain.Question is not enhanced.

[2022-04-03 12:27:02 #4 type.registry] 
New type domain.Pronostico

[2022-04-03 12:27:02 #5 type.registry] 
New type java.util.Vector<domain.Pronostico>

[2022-04-03 12:27:02 #6 type.registry] 
New type domain.Event

[2022-04-03 12:27:02 #7 type] 
Type domain.Pronostico is not enhanced.

[2022-04-03 12:27:02 #8 type.registry] 
New type domain.Usuario

[2022-04-03 12:27:02 #9 type.registry] 
New type java.util.ArrayList<domain.Usuario>

[2022-04-03 12:27:02 #10 type] 
Type domain.Event is not enhanced.

[2022-04-03 12:27:02 #11 type.registry] 
New type java.util.Vector<domain.Question>

[2022-04-03 12:27:02 #12 type] 
Type domain.Usuario is not enhanced.

[2022-04-03 12:27:02 #13 type.registry] 
New type java.util.Vector<java.lang.Object>

[2022-04-03 12:27:02 #14 type.registry] 
New type java.util.ArrayList<java.lang.Object>

------------------------------------------------------------------------------------------------------------------------

[2022-04-03 12:30:33 #1 store] 
Database 'C:\Users\34600\git\Iteracion1\Bets21\src\main\resources\bets.temp' is opened by 102760@LAPTOP-ILS8TMDB

[2022-04-03 12:30:33 #2 type.registry] 
New type domain.Question

[2022-04-03 12:30:33 #3 type] 
Type domain.Question is not enhanced.

[2022-04-03 12:30:33 #4 type.registry] 
New type domain.Pronostico

[2022-04-03 12:30:33 #5 type.registry] 
New type java.util.Vector<domain.Pronostico>

[2022-04-03 12:30:33 #6 type.registry] 
New type domain.Event

[2022-04-03 12:30:33 #7 type] 
Type domain.Pronostico is not enhanced.

[2022-04-03 12:30:33 #8 type.registry] 
New type domain.Usuario

[2022-04-03 12:30:33 #9 type.registry] 
New type java.util.ArrayList<domain.Usuario>

[2022-04-03 12:30:33 #10 type] 
Type domain.Event is not enhanced.

[2022-04-03 12:30:33 #11 type.registry] 
New type java.util.Vector<domain.Question>

[2022-04-03 12:30:33 #12 type] 
Type domain.Usuario is not enhanced.

[2022-04-03 12:30:33 #13 type.registry] 
New type java.util.Vector<java.lang.Object>

[2022-04-03 12:30:33 #14 type.registry] 
New type java.util.ArrayList<java.lang.Object>

------------------------------------------------------------------------------------------------------------------------

[2022-04-03 12:33:35 #1 store] 
Database 'C:\Users\34600\git\Iteracion1\Bets21\src\main\resources\bets.temp' is opened by 104600@LAPTOP-ILS8TMDB

[2022-04-03 12:33:35 #2 type.registry] 
New type domain.Question

[2022-04-03 12:33:35 #3 type] 
Type domain.Question is not enhanced.

[2022-04-03 12:33:35 #4 type.registry] 
New type domain.Pronostico

[2022-04-03 12:33:35 #5 type.registry] 
New type java.util.Vector<domain.Pronostico>

[2022-04-03 12:33:35 #6 type.registry] 
New type domain.Event

[2022-04-03 12:33:35 #7 type] 
Type domain.Pronostico is not enhanced.

[2022-04-03 12:33:35 #8 type.registry] 
New type domain.Usuario

[2022-04-03 12:33:35 #9 type.registry] 
New type java.util.ArrayList<domain.Usuario>

[2022-04-03 12:33:35 #10 type] 
Type domain.Event is not enhanced.

[2022-04-03 12:33:35 #11 type.registry] 
New type java.util.Vector<domain.Question>

[2022-04-03 12:33:35 #12 type] 
Type domain.Usuario is not enhanced.

[2022-04-03 12:33:35 #13 type.registry] 
New type java.util.Vector<java.lang.Object>

[2022-04-03 12:33:35 #14 type.registry] 
New type java.util.ArrayList<java.lang.Object>

------------------------------------------------------------------------------------------------------------------------

[2022-04-03 12:33:41 #1 store] 
Database 'C:\Users\34600\git\Iteracion1\Bets21\src\main\resources\bets.temp' is opened by 104912@LAPTOP-ILS8TMDB

[2022-04-03 12:33:41 #2 type.registry] 
New type domain.Question

[2022-04-03 12:33:41 #3 type] 
Type domain.Question is not enhanced.

[2022-04-03 12:33:41 #4 type.registry] 
New type domain.Pronostico

[2022-04-03 12:33:41 #5 type.registry] 
New type java.util.Vector<domain.Pronostico>

[2022-04-03 12:33:41 #6 type.registry] 
New type domain.Event

[2022-04-03 12:33:41 #7 type] 
Type domain.Pronostico is not enhanced.

[2022-04-03 12:33:41 #8 type.registry] 
New type domain.Usuario

[2022-04-03 12:33:41 #9 type.registry] 
New type java.util.ArrayList<domain.Usuario>

[2022-04-03 12:33:41 #10 type] 
Type domain.Event is not enhanced.

[2022-04-03 12:33:41 #11 type.registry] 
New type java.util.Vector<domain.Question>

[2022-04-03 12:33:41 #12 type] 
Type domain.Usuario is not enhanced.

[2022-04-03 12:33:41 #13 type.registry] 
New type java.util.Vector<java.lang.Object>

[2022-04-03 12:33:41 #14 type.registry] 
New type java.util.ArrayList<java.lang.Object>

------------------------------------------------------------------------------------------------------------------------

[2022-04-03 13:00:51 #1 store] 
Database 'C:\Users\34600\git\Iteracion1\Bets21\src\main\resources\bets.temp' is opened by 104464@LAPTOP-ILS8TMDB

[2022-04-03 13:00:51 #2 type.registry] 
New type domain.Question

[2022-04-03 13:00:51 #3 type] 
Type domain.Question is not enhanced.

[2022-04-03 13:00:51 #4 type.registry] 
New type domain.Pronostico

[2022-04-03 13:00:51 #5 type.registry] 
New type java.util.Vector<domain.Pronostico>

[2022-04-03 13:00:51 #6 type.registry] 
New type domain.Event

[2022-04-03 13:00:51 #7 type] 
Type domain.Pronostico is not enhanced.

[2022-04-03 13:00:51 #8 type.registry] 
New type domain.Usuario

[2022-04-03 13:00:51 #9 type.registry] 
New type java.util.ArrayList<domain.Usuario>

[2022-04-03 13:00:51 #10 type] 
Type domain.Event is not enhanced.

[2022-04-03 13:00:51 #11 type.registry] 
New type java.util.Vector<domain.Question>

[2022-04-03 13:00:51 #12 type] 
Type domain.Usuario is not enhanced.

[2022-04-03 13:00:51 #13 type.registry] 
New type java.util.Vector<java.lang.Object>

[2022-04-03 13:00:51 #14 type.registry] 
New type java.util.ArrayList<java.lang.Object>

------------------------------------------------------------------------------------------------------------------------

[2022-04-03 13:07:50 #1 store] 
Database 'C:\Users\34600\git\Iteracion1\Bets21\src\main\resources\bets.temp' is opened by 99176@LAPTOP-ILS8TMDB

[2022-04-03 13:07:50 #2 type.registry] 
New type domain.Question

[2022-04-03 13:07:50 #3 type] 
Type domain.Question is not enhanced.

[2022-04-03 13:07:50 #4 type.registry] 
New type domain.Pronostico

[2022-04-03 13:07:50 #5 type.registry] 
New type java.util.Vector<domain.Pronostico>

[2022-04-03 13:07:50 #6 type.registry] 
New type domain.Event

[2022-04-03 13:07:50 #7 type] 
Type domain.Pronostico is not enhanced.

[2022-04-03 13:07:50 #8 type.registry] 
New type domain.Usuario

[2022-04-03 13:07:50 #9 type.registry] 
New type java.util.ArrayList<domain.Usuario>

[2022-04-03 13:07:50 #10 type] 
Type domain.Event is not enhanced.

[2022-04-03 13:07:50 #11 type.registry] 
New type java.util.Vector<domain.Question>

[2022-04-03 13:07:50 #12 type] 
Type domain.Usuario is not enhanced.

[2022-04-03 13:07:50 #13 type.registry] 
New type java.util.Vector<java.lang.Object>

[2022-04-03 13:07:50 #14 type.registry] 
New type java.util.ArrayList<java.lang.Object>

------------------------------------------------------------------------------------------------------------------------

[2022-04-03 13:09:14 #1 store] 
Database 'C:\Users\34600\git\Iteracion1\Bets21\src\main\resources\bets.temp' is opened by 97196@LAPTOP-ILS8TMDB

[2022-04-03 13:09:14 #2 type.registry] 
New type domain.Question

[2022-04-03 13:09:14 #3 type] 
Type domain.Question is not enhanced.

[2022-04-03 13:09:14 #4 type.registry] 
New type domain.Pronostico

[2022-04-03 13:09:14 #5 type.registry] 
New type java.util.Vector<domain.Pronostico>

[2022-04-03 13:09:14 #6 type.registry] 
New type domain.Event

[2022-04-03 13:09:14 #7 type] 
Type domain.Pronostico is not enhanced.

[2022-04-03 13:09:14 #8 type.registry] 
New type domain.Usuario

[2022-04-03 13:09:14 #9 type.registry] 
New type java.util.ArrayList<domain.Usuario>

[2022-04-03 13:09:14 #10 type] 
Type domain.Event is not enhanced.

[2022-04-03 13:09:14 #11 type.registry] 
New type java.util.Vector<domain.Question>

[2022-04-03 13:09:14 #12 type] 
Type domain.Usuario is not enhanced.

[2022-04-03 13:09:14 #13 type.registry] 
New type java.util.Vector<java.lang.Object>

[2022-04-03 13:09:14 #14 type.registry] 
New type java.util.ArrayList<java.lang.Object>

------------------------------------------------------------------------------------------------------------------------

[2022-04-03 13:16:17 #1 store] 
Database 'C:\Users\34600\git\Iteracion1\Bets21\src\main\resources\bets.temp' is opened by 106252@LAPTOP-ILS8TMDB

[2022-04-03 13:16:17 #2 type.registry] 
New type domain.Question

[2022-04-03 13:16:17 #3 type] 
Type domain.Question is not enhanced.

[2022-04-03 13:16:17 #4 type.registry] 
New type domain.Pronostico

[2022-04-03 13:16:17 #5 type.registry] 
New type java.util.Vector<domain.Pronostico>

[2022-04-03 13:16:17 #6 type.registry] 
New type domain.Event

[2022-04-03 13:16:17 #7 type] 
Type domain.Pronostico is not enhanced.

[2022-04-03 13:16:17 #8 type.registry] 
New type domain.Usuario

[2022-04-03 13:16:17 #9 type.registry] 
New type java.util.ArrayList<domain.Usuario>

[2022-04-03 13:16:17 #10 type] 
Type domain.Event is not enhanced.

[2022-04-03 13:16:17 #11 type.registry] 
New type java.util.Vector<domain.Question>

[2022-04-03 13:16:17 #12 type] 
Type domain.Usuario is not enhanced.

[2022-04-03 13:16:17 #13 type.registry] 
New type java.util.Vector<java.lang.Object>

[2022-04-03 13:16:17 #14 type.registry] 
New type java.util.ArrayList<java.lang.Object>

------------------------------------------------------------------------------------------------------------------------

[2022-04-03 13:38:14 #1 store] 
Database 'C:\Users\34600\git\Iteracion1\Bets21\src\main\resources\bets.temp' is opened by 104316@LAPTOP-ILS8TMDB

[2022-04-03 13:38:14 #2 type.registry] 
New type domain.Question

[2022-04-03 13:38:14 #3 type] 
Type domain.Question is not enhanced.

[2022-04-03 13:38:14 #4 type.registry] 
New type domain.Pronostico

[2022-04-03 13:38:14 #5 type.registry] 
New type java.util.Vector<domain.Pronostico>

[2022-04-03 13:38:14 #6 type.registry] 
New type domain.Event

[2022-04-03 13:38:14 #7 type] 
Type domain.Pronostico is not enhanced.

[2022-04-03 13:38:14 #8 type.registry] 
New type domain.Usuario

[2022-04-03 13:38:14 #9 type.registry] 
New type java.util.ArrayList<domain.Usuario>

[2022-04-03 13:38:14 #10 type] 
Type domain.Event is not enhanced.

[2022-04-03 13:38:14 #11 type.registry] 
New type java.util.Vector<domain.Question>

[2022-04-03 13:38:14 #12 type] 
Type domain.Usuario is not enhanced.

[2022-04-03 13:38:14 #13 type.registry] 
New type java.util.Vector<java.lang.Object>

[2022-04-03 13:38:14 #14 type.registry] 
New type java.util.ArrayList<java.lang.Object>

------------------------------------------------------------------------------------------------------------------------

[2022-04-03 14:24:27 #1 store] 
Database 'C:\Users\34600\git\Iteracion1\Bets21\src\main\resources\bets.temp' is opened by 107864@LAPTOP-ILS8TMDB

[2022-04-03 14:24:27 #2 type.registry] 
New type domain.Question

[2022-04-03 14:24:27 #3 type] 
Type domain.Question is not enhanced.

[2022-04-03 14:24:27 #4 type.registry] 
New type domain.Pronostico

[2022-04-03 14:24:27 #5 type.registry] 
New type java.util.Vector<domain.Pronostico>

[2022-04-03 14:24:27 #6 type.registry] 
New type domain.Event

[2022-04-03 14:24:27 #7 type] 
Type domain.Pronostico is not enhanced.

[2022-04-03 14:24:27 #8 type.registry] 
New type domain.Usuario

[2022-04-03 14:24:27 #9 type.registry] 
New type java.util.ArrayList<domain.Usuario>

[2022-04-03 14:24:27 #10 type] 
Type domain.Event is not enhanced.

[2022-04-03 14:24:27 #11 type.registry] 
New type java.util.Vector<domain.Question>

[2022-04-03 14:24:27 #12 type] 
Type domain.Usuario is not enhanced.

[2022-04-03 14:24:27 #13 type.registry] 
New type java.util.Vector<java.lang.Object>

[2022-04-03 14:24:27 #14 type.registry] 
New type java.util.ArrayList<java.lang.Object>

------------------------------------------------------------------------------------------------------------------------

[2022-04-03 14:33:45 #1 store] 
Database 'C:\Users\34600\git\Iteracion1\Bets21\src\main\resources\bets.temp' is opened by 106556@LAPTOP-ILS8TMDB

[2022-04-03 14:33:45 #2 type.registry] 
New type domain.Question

[2022-04-03 14:33:45 #3 type] 
Type domain.Question is not enhanced.

[2022-04-03 14:33:45 #4 type.registry] 
New type domain.Pronostico

[2022-04-03 14:33:45 #5 type.registry] 
New type java.util.Vector<domain.Pronostico>

[2022-04-03 14:33:45 #6 type.registry] 
New type domain.Event

[2022-04-03 14:33:45 #7 type] 
Type domain.Pronostico is not enhanced.

[2022-04-03 14:33:45 #8 type.registry] 
New type domain.Usuario

[2022-04-03 14:33:45 #9 type.registry] 
New type java.util.ArrayList<domain.Usuario>

[2022-04-03 14:33:45 #10 type] 
Type domain.Event is not enhanced.

[2022-04-03 14:33:45 #11 type.registry] 
New type java.util.Vector<domain.Question>

[2022-04-03 14:33:45 #12 type] 
Type domain.Usuario is not enhanced.

[2022-04-03 14:33:45 #13 type.registry] 
New type java.util.Vector<java.lang.Object>

[2022-04-03 14:33:45 #14 type.registry] 
New type java.util.ArrayList<java.lang.Object>

------------------------------------------------------------------------------------------------------------------------

[2022-04-03 14:37:23 #1 store] 
Database 'C:\Users\34600\git\Iteracion1\Bets21\src\main\resources\bets.temp' is opened by 97020@LAPTOP-ILS8TMDB

[2022-04-03 14:37:24 #2 type.registry] 
New type domain.Question

[2022-04-03 14:37:24 #3 type] 
Type domain.Question is not enhanced.

[2022-04-03 14:37:24 #4 type.registry] 
New type domain.Pronostico

[2022-04-03 14:37:24 #5 type.registry] 
New type java.util.Vector<domain.Pronostico>

[2022-04-03 14:37:24 #6 type.registry] 
New type domain.Event

[2022-04-03 14:37:24 #7 type] 
Type domain.Pronostico is not enhanced.

[2022-04-03 14:37:24 #8 type.registry] 
New type domain.Usuario

[2022-04-03 14:37:24 #9 type.registry] 
New type java.util.ArrayList<domain.Usuario>

[2022-04-03 14:37:24 #10 type] 
Type domain.Event is not enhanced.

[2022-04-03 14:37:24 #11 type.registry] 
New type java.util.Vector<domain.Question>

[2022-04-03 14:37:24 #12 type] 
Type domain.Usuario is not enhanced.

[2022-04-03 14:37:24 #13 type.registry] 
New type java.util.Vector<java.lang.Object>

[2022-04-03 14:37:24 #14 type.registry] 
New type java.util.ArrayList<java.lang.Object>

------------------------------------------------------------------------------------------------------------------------

[2022-04-03 14:40:11 #1 store] 
Database 'C:\Users\34600\git\Iteracion1\Bets21\src\main\resources\bets.temp' is opened by 102076@LAPTOP-ILS8TMDB

[2022-04-03 14:40:11 #2 type.registry] 
New type domain.Question

[2022-04-03 14:40:11 #3 type] 
Type domain.Question is not enhanced.

[2022-04-03 14:40:11 #4 type.registry] 
New type domain.Pronostico

[2022-04-03 14:40:11 #5 type.registry] 
New type java.util.Vector<domain.Pronostico>

[2022-04-03 14:40:11 #6 type.registry] 
New type domain.Event

[2022-04-03 14:40:11 #7 type] 
Type domain.Pronostico is not enhanced.

[2022-04-03 14:40:11 #8 type.registry] 
New type domain.Usuario

[2022-04-03 14:40:11 #9 type.registry] 
New type java.util.ArrayList<domain.Usuario>

[2022-04-03 14:40:11 #10 type] 
Type domain.Event is not enhanced.

[2022-04-03 14:40:11 #11 type.registry] 
New type java.util.Vector<domain.Question>

[2022-04-03 14:40:11 #12 type] 
Type domain.Usuario is not enhanced.

[2022-04-03 14:40:11 #13 type.registry] 
New type java.util.Vector<java.lang.Object>

[2022-04-03 14:40:11 #14 type.registry] 
New type java.util.ArrayList<java.lang.Object>

------------------------------------------------------------------------------------------------------------------------

[2022-04-03 14:40:36 #1 store] 
Database 'C:\Users\34600\git\Iteracion1\Bets21\src\main\resources\bets.temp' is opened by 99496@LAPTOP-ILS8TMDB

[2022-04-03 14:40:36 #2 type.registry] 
New type domain.Question

[2022-04-03 14:40:36 #3 type] 
Type domain.Question is not enhanced.

[2022-04-03 14:40:37 #4 type.registry] 
New type domain.Pronostico

[2022-04-03 14:40:37 #5 type.registry] 
New type java.util.Vector<domain.Pronostico>

[2022-04-03 14:40:37 #6 type.registry] 
New type domain.Event

[2022-04-03 14:40:37 #7 type] 
Type domain.Pronostico is not enhanced.

[2022-04-03 14:40:37 #8 type.registry] 
New type domain.Usuario

[2022-04-03 14:40:37 #9 type.registry] 
New type java.util.ArrayList<domain.Usuario>

[2022-04-03 14:40:37 #10 type] 
Type domain.Event is not enhanced.

[2022-04-03 14:40:37 #11 type.registry] 
New type java.util.Vector<domain.Question>

[2022-04-03 14:40:37 #12 type] 
Type domain.Usuario is not enhanced.

[2022-04-03 14:40:37 #13 type.registry] 
New type java.util.Vector<java.lang.Object>

[2022-04-03 14:40:37 #14 type.registry] 
New type java.util.ArrayList<java.lang.Object>

------------------------------------------------------------------------------------------------------------------------

[2022-04-03 14:41:09 #1 store] 
Database 'C:\Users\34600\git\Iteracion1\Bets21\src\main\resources\bets.temp' is opened by 90204@LAPTOP-ILS8TMDB

[2022-04-03 14:41:09 #2 type.registry] 
New type domain.Question

[2022-04-03 14:41:09 #3 type] 
Type domain.Question is not enhanced.

[2022-04-03 14:41:09 #4 type.registry] 
New type domain.Pronostico

[2022-04-03 14:41:09 #5 type.registry] 
New type java.util.Vector<domain.Pronostico>

[2022-04-03 14:41:09 #6 type.registry] 
New type domain.Event

[2022-04-03 14:41:09 #7 type] 
Type domain.Pronostico is not enhanced.

[2022-04-03 14:41:09 #8 type.registry] 
New type domain.Usuario

[2022-04-03 14:41:09 #9 type.registry] 
New type java.util.ArrayList<domain.Usuario>

[2022-04-03 14:41:09 #10 type] 
Type domain.Event is not enhanced.

[2022-04-03 14:41:09 #11 type.registry] 
New type java.util.Vector<domain.Question>

[2022-04-03 14:41:09 #12 type] 
Type domain.Usuario is not enhanced.

[2022-04-03 14:41:09 #13 type.registry] 
New type java.util.Vector<java.lang.Object>

[2022-04-03 14:41:09 #14 type.registry] 
New type java.util.ArrayList<java.lang.Object>

------------------------------------------------------------------------------------------------------------------------

[2022-04-03 14:45:11 #1 store] 
Database 'C:\Users\34600\git\Iteracion1\Bets21\src\main\resources\bets.temp' is opened by 102908@LAPTOP-ILS8TMDB

[2022-04-03 14:45:11 #2 type.registry] 
New type domain.Question

[2022-04-03 14:45:11 #3 type] 
Type domain.Question is not enhanced.

[2022-04-03 14:45:11 #4 type.registry] 
New type domain.Pronostico

[2022-04-03 14:45:11 #5 type.registry] 
New type java.util.Vector<domain.Pronostico>

[2022-04-03 14:45:11 #6 type.registry] 
New type domain.Event

[2022-04-03 14:45:11 #7 type] 
Type domain.Pronostico is not enhanced.

[2022-04-03 14:45:11 #8 type.registry] 
New type domain.Usuario

[2022-04-03 14:45:11 #9 type.registry] 
New type java.util.ArrayList<domain.Usuario>

[2022-04-03 14:45:11 #10 type] 
Type domain.Event is not enhanced.

[2022-04-03 14:45:11 #11 type.registry] 
New type java.util.Vector<domain.Question>

[2022-04-03 14:45:11 #12 type] 
Type domain.Usuario is not enhanced.

[2022-04-03 14:45:11 #13 type.registry] 
New type java.util.Vector<java.lang.Object>

[2022-04-03 14:45:11 #14 type.registry] 
New type java.util.ArrayList<java.lang.Object>

------------------------------------------------------------------------------------------------------------------------

[2022-04-03 14:47:47 #1 store] 
Database 'C:\Users\34600\git\Iteracion1\Bets21\src\main\resources\bets.temp' is opened by 108100@LAPTOP-ILS8TMDB

[2022-04-03 14:47:48 #2 type.registry] 
New type domain.Question

[2022-04-03 14:47:48 #3 type] 
Type domain.Question is not enhanced.

[2022-04-03 14:47:48 #4 type.registry] 
New type domain.Pronostico

[2022-04-03 14:47:48 #5 type.registry] 
New type java.util.Vector<domain.Pronostico>

[2022-04-03 14:47:48 #6 type.registry] 
New type domain.Event

[2022-04-03 14:47:48 #7 type] 
Type domain.Pronostico is not enhanced.

[2022-04-03 14:47:48 #8 type.registry] 
New type domain.Usuario

[2022-04-03 14:47:48 #9 type.registry] 
New type java.util.ArrayList<domain.Usuario>

[2022-04-03 14:47:48 #10 type] 
Type domain.Event is not enhanced.

[2022-04-03 14:47:48 #11 type.registry] 
New type java.util.Vector<domain.Question>

[2022-04-03 14:47:48 #12 type] 
Type domain.Usuario is not enhanced.

[2022-04-03 14:47:48 #13 type.registry] 
New type java.util.Vector<java.lang.Object>

[2022-04-03 14:47:48 #14 type.registry] 
New type java.util.ArrayList<java.lang.Object>

------------------------------------------------------------------------------------------------------------------------

[2022-04-03 14:51:48 #1 store] 
Database 'C:\Users\34600\git\Iteracion1\Bets21\src\main\resources\bets.temp' is opened by 108364@LAPTOP-ILS8TMDB

[2022-04-03 14:51:48 #2 type.registry] 
New type domain.Question

[2022-04-03 14:51:48 #3 type] 
Type domain.Question is not enhanced.

[2022-04-03 14:51:48 #4 type.registry] 
New type domain.Pronostico

[2022-04-03 14:51:48 #5 type.registry] 
New type java.util.Vector<domain.Pronostico>

[2022-04-03 14:51:48 #6 type.registry] 
New type domain.Event

[2022-04-03 14:51:48 #7 type] 
Type domain.Pronostico is not enhanced.

[2022-04-03 14:51:48 #8 type.registry] 
New type domain.Usuario

[2022-04-03 14:51:48 #9 type.registry] 
New type java.util.ArrayList<domain.Usuario>

[2022-04-03 14:51:48 #10 type] 
Type domain.Event is not enhanced.

[2022-04-03 14:51:48 #11 type.registry] 
New type java.util.Vector<domain.Question>

[2022-04-03 14:51:48 #12 type] 
Type domain.Usuario is not enhanced.

[2022-04-03 14:51:48 #13 type.registry] 
New type java.util.Vector<java.lang.Object>

[2022-04-03 14:51:48 #14 type.registry] 
New type java.util.ArrayList<java.lang.Object>

------------------------------------------------------------------------------------------------------------------------

[2022-04-03 14:55:58 #1 store] 
Database 'C:\Users\34600\git\Iteracion1\Bets21\src\main\resources\bets.temp' is opened by 92108@LAPTOP-ILS8TMDB

[2022-04-03 14:55:59 #2 type.registry] 
New type domain.Question

[2022-04-03 14:55:59 #3 type] 
Type domain.Question is not enhanced.

[2022-04-03 14:55:59 #4 type.registry] 
New type domain.Pronostico

[2022-04-03 14:55:59 #5 type.registry] 
New type java.util.Vector<domain.Pronostico>

[2022-04-03 14:55:59 #6 type.registry] 
New type domain.Event

[2022-04-03 14:55:59 #7 type] 
Type domain.Pronostico is not enhanced.

[2022-04-03 14:55:59 #8 type.registry] 
New type domain.Usuario

[2022-04-03 14:55:59 #9 type.registry] 
New type java.util.ArrayList<domain.Usuario>

[2022-04-03 14:55:59 #10 type] 
Type domain.Event is not enhanced.

[2022-04-03 14:55:59 #11 type.registry] 
New type java.util.Vector<domain.Question>

[2022-04-03 14:55:59 #12 type] 
Type domain.Usuario is not enhanced.

[2022-04-03 14:55:59 #13 type.registry] 
New type java.util.Vector<java.lang.Object>

[2022-04-03 14:55:59 #14 type.registry] 
New type java.util.ArrayList<java.lang.Object>

------------------------------------------------------------------------------------------------------------------------

[2022-04-03 17:27:13 #1 store] 
Database 'C:\Users\Carlos Diez\git\Iteracion1\Bets21\src\main\resources\bets.temp' is opened by 2408@Carlosdi

[2022-04-03 17:27:13 #2 type.registry] 
New type domain.Question

[2022-04-03 17:27:13 #3 type] 
Type domain.Question is not enhanced.

[2022-04-03 17:27:13 #4 type.registry] 
New type domain.Pronostico

[2022-04-03 17:27:13 #5 type.registry] 
New type java.util.Vector<domain.Pronostico>

[2022-04-03 17:27:13 #6 type.registry] 
New type domain.Event

[2022-04-03 17:27:13 #7 type] 
Type domain.Pronostico is not enhanced.

[2022-04-03 17:27:13 #8 type.registry] 
New type domain.Usuario

[2022-04-03 17:27:13 #9 type.registry] 
New type java.util.ArrayList<domain.Usuario>

[2022-04-03 17:27:13 #10 type] 
Type domain.Event is not enhanced.

[2022-04-03 17:27:13 #11 type.registry] 
New type java.util.Vector<domain.Question>

[2022-04-03 17:27:13 #12 type] 
Type domain.Usuario is not enhanced.

[2022-04-03 17:27:13 #13 type.registry] 
New type java.util.Vector<java.lang.Object>

[2022-04-03 17:27:13 #14 type.registry] 
New type java.util.ArrayList<java.lang.Object>

------------------------------------------------------------------------------------------------------------------------

[2022-04-03 17:40:17 #1 store] 
Database 'C:\Users\Carlos Diez\git\Iteracion1\Bets21\src\main\resources\bets.temp' is opened by 5080@Carlosdi

[2022-04-03 17:40:17 #2 type.registry] 
New type domain.Question

[2022-04-03 17:40:17 #3 type] 
Type domain.Question is not enhanced.

[2022-04-03 17:40:17 #4 type.registry] 
New type domain.Pronostico

[2022-04-03 17:40:17 #5 type.registry] 
New type java.util.Vector<domain.Pronostico>

[2022-04-03 17:40:17 #6 type.registry] 
New type domain.Event

[2022-04-03 17:40:17 #7 type] 
Type domain.Pronostico is not enhanced.

[2022-04-03 17:40:17 #8 type.registry] 
New type domain.Usuario

[2022-04-03 17:40:17 #9 type.registry] 
New type java.util.ArrayList<domain.Usuario>

[2022-04-03 17:40:17 #10 type] 
Type domain.Event is not enhanced.

[2022-04-03 17:40:17 #11 type.registry] 
New type java.util.Vector<domain.Question>

[2022-04-03 17:40:17 #12 type] 
Type domain.Usuario is not enhanced.

[2022-04-03 17:40:17 #13 type.registry] 
New type java.util.Vector<java.lang.Object>

[2022-04-03 17:40:17 #14 type.registry] 
New type java.util.ArrayList<java.lang.Object>

------------------------------------------------------------------------------------------------------------------------

[2022-04-03 17:48:38 #1 store] 
Database 'C:\Users\Carlos Diez\git\Iteracion1\Bets21\src\main\resources\bets.temp' is opened by 6728@Carlosdi

[2022-04-03 17:48:39 #2 type.registry] 
New type domain.Question

[2022-04-03 17:48:39 #3 type] 
Type domain.Question is not enhanced.

[2022-04-03 17:48:39 #4 type.registry] 
New type domain.Pronostico

[2022-04-03 17:48:39 #5 type.registry] 
New type java.util.Vector<domain.Pronostico>

[2022-04-03 17:48:39 #6 type.registry] 
New type domain.Event

[2022-04-03 17:48:39 #7 type] 
Type domain.Pronostico is not enhanced.

[2022-04-03 17:48:39 #8 type.registry] 
New type domain.Usuario

[2022-04-03 17:48:39 #9 type.registry] 
New type java.util.ArrayList<domain.Usuario>

[2022-04-03 17:48:39 #10 type] 
Type domain.Event is not enhanced.

[2022-04-03 17:48:39 #11 type.registry] 
New type java.util.Vector<domain.Question>

[2022-04-03 17:48:39 #12 type] 
Type domain.Usuario is not enhanced.

[2022-04-03 17:48:39 #13 type.registry] 
New type java.util.Vector<java.lang.Object>

[2022-04-03 17:48:39 #14 type.registry] 
New type java.util.ArrayList<java.lang.Object>

------------------------------------------------------------------------------------------------------------------------

[2022-04-03 17:52:31 #1 store] 
Database 'C:\Users\Carlos Diez\git\Iteracion1\Bets21\src\main\resources\bets.temp' is opened by 2612@Carlosdi

[2022-04-03 17:52:31 #2 type.registry] 
New type domain.Question

[2022-04-03 17:52:31 #3 type] 
Type domain.Question is not enhanced.

[2022-04-03 17:52:31 #4 type.registry] 
New type domain.Pronostico

[2022-04-03 17:52:31 #5 type.registry] 
New type java.util.Vector<domain.Pronostico>

[2022-04-03 17:52:31 #6 type.registry] 
New type domain.Event

[2022-04-03 17:52:31 #7 type] 
Type domain.Pronostico is not enhanced.

[2022-04-03 17:52:31 #8 type.registry] 
New type domain.Usuario

[2022-04-03 17:52:31 #9 type.registry] 
New type java.util.ArrayList<domain.Usuario>

[2022-04-03 17:52:31 #10 type] 
Type domain.Event is not enhanced.

[2022-04-03 17:52:31 #11 type.registry] 
New type java.util.Vector<domain.Question>

[2022-04-03 17:52:31 #12 type] 
Type domain.Usuario is not enhanced.

[2022-04-03 17:52:31 #13 type.registry] 
New type java.util.Vector<java.lang.Object>

[2022-04-03 17:52:31 #14 type.registry] 
New type java.util.ArrayList<java.lang.Object>

------------------------------------------------------------------------------------------------------------------------

[2022-04-03 21:08:26 #1 store] 
Database 'C:\Users\34600\git\Iteracion4\Bets21\src\main\resources\bets.temp' is opened by 114576@LAPTOP-ILS8TMDB

[2022-04-03 21:08:26 #2 type.registry] 
New type domain.Question

[2022-04-03 21:08:26 #3 type] 
Type domain.Question is not enhanced.

[2022-04-03 21:08:26 #4 type.registry] 
New type domain.Pronostico

[2022-04-03 21:08:26 #5 type.registry] 
New type java.util.Vector<domain.Pronostico>

[2022-04-03 21:08:26 #6 type.registry] 
New type domain.Event

[2022-04-03 21:08:26 #7 type] 
Type domain.Pronostico is not enhanced.

[2022-04-03 21:08:26 #8 type.registry] 
New type domain.Usuario

[2022-04-03 21:08:26 #9 type.registry] 
New type java.util.ArrayList<domain.Usuario>

[2022-04-03 21:08:26 #10 type] 
Type domain.Event is not enhanced.

[2022-04-03 21:08:26 #11 type.registry] 
New type java.util.Vector<domain.Question>

[2022-04-03 21:08:26 #12 type] 
Type domain.Usuario is not enhanced.

[2022-04-03 21:08:26 #13 type.registry] 
New type java.util.Vector<java.lang.Object>

[2022-04-03 21:08:26 #14 type.registry] 
New type java.util.ArrayList<java.lang.Object>

------------------------------------------------------------------------------------------------------------------------

[2022-04-03 21:09:45 #1 store] 
Database 'C:\Users\34600\git\Iteracion4\Bets21\src\main\resources\bets.temp' is opened by 97380@LAPTOP-ILS8TMDB

[2022-04-03 21:09:45 #2 type.registry] 
New type domain.Question

[2022-04-03 21:09:45 #3 type] 
Type domain.Question is not enhanced.

[2022-04-03 21:09:45 #4 type.registry] 
New type domain.Pronostico

[2022-04-03 21:09:45 #5 type.registry] 
New type java.util.Vector<domain.Pronostico>

[2022-04-03 21:09:45 #6 type.registry] 
New type domain.Event

[2022-04-03 21:09:45 #7 type] 
Type domain.Pronostico is not enhanced.

[2022-04-03 21:09:45 #8 type.registry] 
New type domain.Usuario

[2022-04-03 21:09:45 #9 type.registry] 
New type java.util.ArrayList<domain.Usuario>

[2022-04-03 21:09:45 #10 type] 
Type domain.Event is not enhanced.

[2022-04-03 21:09:45 #11 type.registry] 
New type java.util.Vector<domain.Question>

[2022-04-03 21:09:45 #12 type] 
Type domain.Usuario is not enhanced.

[2022-04-03 21:09:46 #13 type.registry] 
New type java.util.Vector<java.lang.Object>

[2022-04-03 21:09:46 #14 type.registry] 
New type java.util.ArrayList<java.lang.Object>

------------------------------------------------------------------------------------------------------------------------

[2022-04-03 21:11:33 #1 store] 
Database 'C:\Users\34600\git\Iteracion4\Bets21\src\main\resources\bets.temp' is opened by 108164@LAPTOP-ILS8TMDB

[2022-04-03 21:11:33 #2 type.registry] 
New type domain.Question

[2022-04-03 21:11:33 #3 type] 
Type domain.Question is not enhanced.

[2022-04-03 21:11:33 #4 type.registry] 
New type domain.Pronostico

[2022-04-03 21:11:33 #5 type.registry] 
New type java.util.Vector<domain.Pronostico>

[2022-04-03 21:11:33 #6 type.registry] 
New type domain.Event

[2022-04-03 21:11:33 #7 type] 
Type domain.Pronostico is not enhanced.

[2022-04-03 21:11:33 #8 type.registry] 
New type domain.Usuario

[2022-04-03 21:11:33 #9 type.registry] 
New type java.util.ArrayList<domain.Usuario>

[2022-04-03 21:11:33 #10 type] 
Type domain.Event is not enhanced.

[2022-04-03 21:11:33 #11 type.registry] 
New type java.util.Vector<domain.Question>

[2022-04-03 21:11:33 #12 type] 
Type domain.Usuario is not enhanced.

[2022-04-03 21:11:33 #13 type.registry] 
New type java.util.Vector<java.lang.Object>

[2022-04-03 21:11:33 #14 type.registry] 
New type java.util.ArrayList<java.lang.Object>

------------------------------------------------------------------------------------------------------------------------

[2022-04-03 21:26:17 #1 store] 
Database 'C:\Users\34600\git\Iteracion4\Bets21\src\main\resources\bets.temp' is opened by 114164@LAPTOP-ILS8TMDB

[2022-04-03 21:26:17 #2 type.registry] 
New type domain.Question

[2022-04-03 21:26:17 #3 type] 
Type domain.Question is not enhanced.

[2022-04-03 21:26:17 #4 type.registry] 
New type domain.Pronostico

[2022-04-03 21:26:17 #5 type.registry] 
New type java.util.Vector<domain.Pronostico>

[2022-04-03 21:26:17 #6 type.registry] 
New type domain.Event

[2022-04-03 21:26:17 #7 type] 
Type domain.Pronostico is not enhanced.

[2022-04-03 21:26:17 #8 type] 
Type domain.Event is not enhanced.

[2022-04-03 21:26:17 #9 type.registry] 
New type java.util.Vector<domain.Question>

[2022-04-03 21:26:17 #10 type.registry] 
New type domain.Usuario

[2022-04-03 21:26:17 #11 type] 
Type domain.Usuario is not enhanced.

[2022-04-03 21:26:17 #12 type.registry] 
New type domain.Bet

[2022-04-03 21:26:17 #13 type.registry] 
New type java.util.Vector<domain.Bet>

[2022-04-03 21:26:17 #14 type] 
Type domain.Bet is not enhanced.

[2022-04-03 21:26:17 #15 type.registry] 
New type java.util.Vector<java.lang.Object>

------------------------------------------------------------------------------------------------------------------------

[2022-04-03 21:31:50 #1 store] 
Database 'C:\Users\34600\git\Iteracion4\Bets21\src\main\resources\bets.temp' is opened by 113984@LAPTOP-ILS8TMDB

[2022-04-03 21:31:50 #2 type.registry] 
New type domain.Question

[2022-04-03 21:31:50 #3 type] 
Type domain.Question is not enhanced.

[2022-04-03 21:31:50 #4 type.registry] 
New type domain.Pronostico

[2022-04-03 21:31:50 #5 type.registry] 
New type java.util.Vector<domain.Pronostico>

[2022-04-03 21:31:50 #6 type.registry] 
New type domain.Event

[2022-04-03 21:31:50 #7 type] 
Type domain.Pronostico is not enhanced.

[2022-04-03 21:31:50 #8 type] 
Type domain.Event is not enhanced.

[2022-04-03 21:31:50 #9 type.registry] 
New type java.util.Vector<domain.Question>

[2022-04-03 21:31:50 #10 type.registry] 
New type domain.Usuario

[2022-04-03 21:31:50 #11 type] 
Type domain.Usuario is not enhanced.

[2022-04-03 21:31:50 #12 type.registry] 
New type domain.Bet

[2022-04-03 21:31:50 #13 type.registry] 
New type java.util.Vector<domain.Bet>

[2022-04-03 21:31:50 #14 type] 
Type domain.Bet is not enhanced.

[2022-04-03 21:31:50 #15 type.registry] 
New type java.util.Vector<java.lang.Object>

------------------------------------------------------------------------------------------------------------------------

[2022-04-03 21:37:32 #1 store] 
Database 'C:\Users\34600\git\Iteracion4\Bets21\src\main\resources\bets.temp' is opened by 111976@LAPTOP-ILS8TMDB

[2022-04-03 21:37:32 #2 type.registry] 
New type domain.Question

[2022-04-03 21:37:32 #3 type] 
Type domain.Question is not enhanced.

[2022-04-03 21:37:32 #4 type.registry] 
New type domain.Pronostico

[2022-04-03 21:37:32 #5 type.registry] 
New type java.util.Vector<domain.Pronostico>

[2022-04-03 21:37:32 #6 type.registry] 
New type domain.Event

[2022-04-03 21:37:32 #7 type] 
Type domain.Pronostico is not enhanced.

[2022-04-03 21:37:32 #8 type] 
Type domain.Event is not enhanced.

[2022-04-03 21:37:32 #9 type.registry] 
New type java.util.Vector<domain.Question>

[2022-04-03 21:37:32 #10 type.registry] 
New type domain.Usuario

[2022-04-03 21:37:32 #11 type] 
Type domain.Usuario is not enhanced.

[2022-04-03 21:37:32 #12 type.registry] 
New type domain.Bet

[2022-04-03 21:37:32 #13 type.registry] 
New type java.util.Vector<domain.Bet>

[2022-04-03 21:37:32 #14 type] 
Type domain.Bet is not enhanced.

[2022-04-03 21:37:32 #15 type.registry] 
New type java.util.Vector<java.lang.Object>

