------------------------------------------------------------------------------------------------------------------------

[2022-03-30 17:02:30 #1 store] 
Database 'C:\Users\Carlos Diez\git\Iteracion1\Bets21\src\main\resources\bets.temp' is opened by 9864@Carlosdi

[2022-03-30 17:02:30 #2 type.registry] 
New type domain.Question

[2022-03-30 17:02:30 #3 type] 
Type domain.Question is not enhanced.

[2022-03-30 17:02:30 #4 type.registry] 
New type domain.Pronostico

[2022-03-30 17:02:30 #5 type.registry] 
New type java.util.Vector<domain.Pronostico>

[2022-03-30 17:02:30 #6 type.registry] 
New type domain.Event

[2022-03-30 17:02:30 #7 type] 
Type domain.Pronostico is not enhanced.

[2022-03-30 17:02:30 #8 type.registry] 
New type domain.Usuario

[2022-03-30 17:02:30 #9 type] 
Type domain.Event is not enhanced.

[2022-03-30 17:02:30 #10 type.registry] 
New type java.util.Vector<domain.Question>

[2022-03-30 17:02:30 #11 type] 
Type domain.Usuario is not enhanced.

[2022-03-30 17:02:30 #12 type.registry] 
New type java.util.Vector<java.lang.Object>

------------------------------------------------------------------------------------------------------------------------

[2022-03-30 17:04:16 #1 store] 
Database 'C:\Users\Carlos Diez\git\Iteracion1\Bets21\src\main\resources\bets.temp' is opened by 2644@Carlosdi

[2022-03-30 17:04:16 #2 type.registry] 
New type domain.Question

[2022-03-30 17:04:16 #3 type] 
Type domain.Question is not enhanced.

[2022-03-30 17:04:16 #4 type.registry] 
New type domain.Pronostico

[2022-03-30 17:04:16 #5 type.registry] 
New type java.util.Vector<domain.Pronostico>

[2022-03-30 17:04:16 #6 type.registry] 
New type domain.Event

[2022-03-30 17:04:16 #7 type] 
Type domain.Pronostico is not enhanced.

[2022-03-30 17:04:16 #8 type.registry] 
New type domain.Usuario

[2022-03-30 17:04:16 #9 type] 
Type domain.Event is not enhanced.

[2022-03-30 17:04:16 #10 type.registry] 
New type java.util.Vector<domain.Question>

[2022-03-30 17:04:16 #11 type] 
Type domain.Usuario is not enhanced.

[2022-03-30 17:04:16 #12 type.registry] 
New type java.util.Vector<java.lang.Object>

------------------------------------------------------------------------------------------------------------------------

[2022-03-30 17:06:22 #1 store] 
Database 'C:\Users\Carlos Diez\git\Iteracion1\Bets21\src\main\resources\bets.temp' is opened by 9884@Carlosdi

[2022-03-30 17:06:22 #2 type.registry] 
New type domain.Question

[2022-03-30 17:06:22 #3 type] 
Type domain.Question is not enhanced.

[2022-03-30 17:06:22 #4 type.registry] 
New type domain.Pronostico

[2022-03-30 17:06:22 #5 type.registry] 
New type java.util.Vector<domain.Pronostico>

[2022-03-30 17:06:22 #6 type.registry] 
New type domain.Event

[2022-03-30 17:06:22 #7 type] 
Type domain.Pronostico is not enhanced.

[2022-03-30 17:06:22 #8 type.registry] 
New type domain.Usuario

[2022-03-30 17:06:22 #9 type] 
Type domain.Event is not enhanced.

[2022-03-30 17:06:22 #10 type.registry] 
New type java.util.Vector<domain.Question>

[2022-03-30 17:06:22 #11 type] 
Type domain.Usuario is not enhanced.

[2022-03-30 17:06:22 #12 type.registry] 
New type java.util.Vector<java.lang.Object>

------------------------------------------------------------------------------------------------------------------------

[2022-03-30 17:07:31 #1 store] 
Database 'C:\Users\Carlos Diez\git\Iteracion1\Bets21\src\main\resources\bets.temp' is opened by 280@Carlosdi

[2022-03-30 17:07:31 #2 type.registry] 
New type domain.Question

[2022-03-30 17:07:31 #3 type] 
Type domain.Question is not enhanced.

[2022-03-30 17:07:31 #4 type.registry] 
New type domain.Pronostico

[2022-03-30 17:07:31 #5 type.registry] 
New type java.util.Vector<domain.Pronostico>

[2022-03-30 17:07:31 #6 type.registry] 
New type domain.Event

[2022-03-30 17:07:31 #7 type] 
Type domain.Pronostico is not enhanced.

[2022-03-30 17:07:31 #8 type.registry] 
New type domain.Usuario

[2022-03-30 17:07:31 #9 type] 
Type domain.Event is not enhanced.

[2022-03-30 17:07:31 #10 type.registry] 
New type java.util.Vector<domain.Question>

[2022-03-30 17:07:31 #11 type] 
Type domain.Usuario is not enhanced.

[2022-03-30 17:07:32 #12 type.registry] 
New type java.util.Vector<java.lang.Object>

