------------------------------------------------------------------------------------------------------------------------

[2022-03-11 14:20:10 #1 store] 
Database 'C:\Users\34600\Documents\Eclipse2\Itera1 (2).zip_expanded\Bets21\src\main\resources\bets.temp' is opened by 50144@LAPTOP-ILS8TMDB

[2022-03-11 14:20:11 #2 type.registry] 
New type domain.Question

[2022-03-11 14:20:11 #3 type] 
Type domain.Question is not enhanced.

[2022-03-11 14:20:11 #4 type.registry] 
New type domain.Pronostico

[2022-03-11 14:20:11 #5 type.registry] 
New type java.util.Vector<domain.Pronostico>

[2022-03-11 14:20:11 #6 type.registry] 
New type domain.Event

[2022-03-11 14:20:11 #7 type] 
Type domain.Pronostico is not enhanced.

[2022-03-11 14:20:11 #8 type.registry] 
New type domain.Usuario

[2022-03-11 14:20:11 #9 type] 
Type domain.Event is not enhanced.

[2022-03-11 14:20:11 #10 type.registry] 
New type java.util.Vector<domain.Question>

[2022-03-11 14:20:11 #11 type] 
Type domain.Usuario is not enhanced.

[2022-03-11 14:20:11 #12 type.registry] 
New type java.util.Vector<java.lang.Object>

------------------------------------------------------------------------------------------------------------------------

[2022-03-11 14:35:58 #1 store] 
Database 'C:\Users\34600\Documents\Eclipse2\Itera1 (2).zip_expanded\Bets21\src\main\resources\bets.temp' is opened by 53280@LAPTOP-ILS8TMDB

[2022-03-11 14:35:58 #2 type.registry] 
New type domain.Question

[2022-03-11 14:35:58 #3 type] 
Type domain.Question is not enhanced.

[2022-03-11 14:35:58 #4 type.registry] 
New type domain.Pronostico

[2022-03-11 14:35:58 #5 type.registry] 
New type java.util.Vector<domain.Pronostico>

[2022-03-11 14:35:58 #6 type.registry] 
New type domain.Event

[2022-03-11 14:35:58 #7 type] 
Type domain.Pronostico is not enhanced.

[2022-03-11 14:35:58 #8 type.registry] 
New type domain.Usuario

[2022-03-11 14:35:58 #9 type] 
Type domain.Event is not enhanced.

[2022-03-11 14:35:58 #10 type.registry] 
New type java.util.Vector<domain.Question>

[2022-03-11 14:35:58 #11 type] 
Type domain.Usuario is not enhanced.

[2022-03-11 14:35:58 #12 type.registry] 
New type java.util.Vector<java.lang.Object>

------------------------------------------------------------------------------------------------------------------------

[2022-03-11 14:38:48 #1 store] 
Database 'C:\Users\34600\Documents\Eclipse2\Itera1 (2).zip_expanded\Bets21\src\main\resources\bets.temp' is opened by 53232@LAPTOP-ILS8TMDB

[2022-03-11 14:38:48 #2 type.registry] 
New type domain.Question

[2022-03-11 14:38:48 #3 type] 
Type domain.Question is not enhanced.

[2022-03-11 14:38:48 #4 type.registry] 
New type domain.Pronostico

[2022-03-11 14:38:48 #5 type.registry] 
New type java.util.Vector<domain.Pronostico>

[2022-03-11 14:38:48 #6 type.registry] 
New type domain.Event

[2022-03-11 14:38:48 #7 type] 
Type domain.Pronostico is not enhanced.

[2022-03-11 14:38:48 #8 type.registry] 
New type domain.Usuario

[2022-03-11 14:38:48 #9 type] 
Type domain.Event is not enhanced.

[2022-03-11 14:38:48 #10 type.registry] 
New type java.util.Vector<domain.Question>

[2022-03-11 14:38:48 #11 type] 
Type domain.Usuario is not enhanced.

[2022-03-11 14:38:48 #12 type.registry] 
New type java.util.Vector<java.lang.Object>

