------------------------------------------------------------------------------------------------------------------------

[2022-10-05 19:09:18 #1 store] 
Database 'C:\Users\Carlos Diez\git\IS21.bets\Bets21\src\main\resources\bets.temp' has been recovered (tr. 1-19)

[2022-10-05 19:09:18 #2 store] 
Database 'C:\Users\Carlos Diez\git\IS21.bets\Bets21\src\main\resources\bets.temp' is opened by 7988@Carlosdi

[2022-10-05 19:09:18 #3 type] 
Type domain.Noticia is not enhanced.

[2022-10-05 19:09:18 #4 type] 
Type domain.Liga is not enhanced.

[2022-10-05 19:09:18 #5 type] 
Type domain.Equipo is not enhanced.

[2022-10-05 19:09:18 #6 type] 
Type domain.Event is not enhanced.

[2022-10-05 19:09:18 #7 type] 
Type domain.Comentarios is not enhanced.

[2022-10-05 19:09:18 #8 type] 
Type domain.Question is not enhanced.

[2022-10-05 19:09:18 #9 type] 
Type domain.Usuario is not enhanced.

[2022-10-05 19:09:18 #10 type] 
Type domain.Pronostico is not enhanced.

[2022-10-05 19:09:18 #11 type] 
Type domain.Entrada is not enhanced.

[2022-10-05 19:09:18 #12 type] 
Type domain.Bet is not enhanced.

------------------------------------------------------------------------------------------------------------------------

[2022-10-05 19:11:37 #1 store] 
Database 'C:\Users\Carlos Diez\git\IS21.bets\Bets21\src\main\resources\bets.temp' is opened by 6516@Carlosdi

[2022-10-05 19:11:37 #2 type] 
Type domain.Noticia is not enhanced.

[2022-10-05 19:11:37 #3 type] 
Type domain.Liga is not enhanced.

[2022-10-05 19:11:37 #4 type] 
Type domain.Equipo is not enhanced.

[2022-10-05 19:11:37 #5 type] 
Type domain.Event is not enhanced.

[2022-10-05 19:11:37 #6 type] 
Type domain.Comentarios is not enhanced.

[2022-10-05 19:11:37 #7 type] 
Type domain.Question is not enhanced.

[2022-10-05 19:11:37 #8 type] 
Type domain.Usuario is not enhanced.

[2022-10-05 19:11:37 #9 type] 
Type domain.Pronostico is not enhanced.

[2022-10-05 19:11:37 #10 type] 
Type domain.Entrada is not enhanced.

[2022-10-05 19:11:37 #11 type] 
Type domain.Bet is not enhanced.

------------------------------------------------------------------------------------------------------------------------

[2022-10-05 19:18:05 #1 store] 
Database 'C:\Users\Carlos Diez\git\IS21.bets\Bets21\src\main\resources\bets.temp' is opened by 10180@Carlosdi

[2022-10-05 19:18:05 #2 type] 
Type domain.Noticia is not enhanced.

[2022-10-05 19:18:05 #3 type] 
Type domain.Liga is not enhanced.

[2022-10-05 19:18:05 #4 type] 
Type domain.Equipo is not enhanced.

[2022-10-05 19:18:05 #5 type] 
Type domain.Event is not enhanced.

[2022-10-05 19:18:05 #6 type] 
Type domain.Comentarios is not enhanced.

[2022-10-05 19:18:05 #7 type] 
Type domain.Question is not enhanced.

[2022-10-05 19:18:05 #8 type] 
Type domain.Usuario is not enhanced.

[2022-10-05 19:18:05 #9 type] 
Type domain.Pronostico is not enhanced.

[2022-10-05 19:18:05 #10 type] 
Type domain.Entrada is not enhanced.

[2022-10-05 19:18:05 #11 type] 
Type domain.Bet is not enhanced.

------------------------------------------------------------------------------------------------------------------------

[2022-10-05 19:18:52 #1 store] 
Database 'C:\Users\Carlos Diez\git\IS21.bets\Bets21\src\main\resources\bets.temp' has been recovered (tr. 22-23)

[2022-10-05 19:18:52 #2 store] 
Database 'C:\Users\Carlos Diez\git\IS21.bets\Bets21\src\main\resources\bets.temp' is opened by 4752@Carlosdi

[2022-10-05 19:18:52 #3 type] 
Type domain.Noticia is not enhanced.

[2022-10-05 19:18:52 #4 type] 
Type domain.Liga is not enhanced.

[2022-10-05 19:18:52 #5 type] 
Type domain.Equipo is not enhanced.

[2022-10-05 19:18:52 #6 type] 
Type domain.Event is not enhanced.

[2022-10-05 19:18:52 #7 type] 
Type domain.Comentarios is not enhanced.

[2022-10-05 19:18:52 #8 type] 
Type domain.Question is not enhanced.

[2022-10-05 19:18:52 #9 type] 
Type domain.Usuario is not enhanced.

[2022-10-05 19:18:52 #10 type] 
Type domain.Pronostico is not enhanced.

[2022-10-05 19:18:52 #11 type] 
Type domain.Entrada is not enhanced.

[2022-10-05 19:18:52 #12 type] 
Type domain.Bet is not enhanced.

------------------------------------------------------------------------------------------------------------------------

[2022-10-05 19:19:18 #1 store] 
Database 'C:\Users\Carlos Diez\git\IS21.bets\Bets21\src\main\resources\bets.temp' has been recovered (tr. 24-27)

[2022-10-05 19:19:18 #2 store] 
Database 'C:\Users\Carlos Diez\git\IS21.bets\Bets21\src\main\resources\bets.temp' is opened by 5596@Carlosdi

[2022-10-05 19:19:18 #3 type] 
Type domain.Noticia is not enhanced.

[2022-10-05 19:19:18 #4 type] 
Type domain.Liga is not enhanced.

[2022-10-05 19:19:18 #5 type] 
Type domain.Equipo is not enhanced.

[2022-10-05 19:19:18 #6 type] 
Type domain.Event is not enhanced.

[2022-10-05 19:19:18 #7 type] 
Type domain.Comentarios is not enhanced.

[2022-10-05 19:19:18 #8 type] 
Type domain.Question is not enhanced.

[2022-10-05 19:19:18 #9 type] 
Type domain.Usuario is not enhanced.

[2022-10-05 19:19:18 #10 type] 
Type domain.Pronostico is not enhanced.

[2022-10-05 19:19:18 #11 type] 
Type domain.Entrada is not enhanced.

[2022-10-05 19:19:18 #12 type] 
Type domain.Bet is not enhanced.

------------------------------------------------------------------------------------------------------------------------

[2022-10-05 19:19:35 #1 store] 
Database 'C:\Users\Carlos Diez\git\IS21.bets\Bets21\src\main\resources\bets.temp' has been recovered (tr. 28-38)

[2022-10-05 19:19:35 #2 store] 
Database 'C:\Users\Carlos Diez\git\IS21.bets\Bets21\src\main\resources\bets.temp' is opened by 11144@Carlosdi

[2022-10-05 19:19:35 #3 type] 
Type domain.Noticia is not enhanced.

[2022-10-05 19:19:35 #4 type] 
Type domain.Liga is not enhanced.

[2022-10-05 19:19:35 #5 type] 
Type domain.Equipo is not enhanced.

[2022-10-05 19:19:35 #6 type] 
Type domain.Event is not enhanced.

[2022-10-05 19:19:35 #7 type] 
Type domain.Comentarios is not enhanced.

[2022-10-05 19:19:35 #8 type] 
Type domain.Question is not enhanced.

[2022-10-05 19:19:35 #9 type] 
Type domain.Usuario is not enhanced.

[2022-10-05 19:19:35 #10 type] 
Type domain.Pronostico is not enhanced.

[2022-10-05 19:19:35 #11 type] 
Type domain.Entrada is not enhanced.

[2022-10-05 19:19:35 #12 type] 
Type domain.Bet is not enhanced.

------------------------------------------------------------------------------------------------------------------------

[2022-10-05 19:20:03 #1 store] 
Database 'C:\Users\Carlos Diez\git\IS21.bets\Bets21\src\main\resources\bets.temp' has been recovered (tr. 39-49)

[2022-10-05 19:20:03 #2 store] 
Database 'C:\Users\Carlos Diez\git\IS21.bets\Bets21\src\main\resources\bets.temp' is opened by 6612@Carlosdi

[2022-10-05 19:20:03 #3 type] 
Type domain.Noticia is not enhanced.

[2022-10-05 19:20:03 #4 type] 
Type domain.Liga is not enhanced.

[2022-10-05 19:20:03 #5 type] 
Type domain.Equipo is not enhanced.

[2022-10-05 19:20:03 #6 type] 
Type domain.Event is not enhanced.

[2022-10-05 19:20:03 #7 type] 
Type domain.Comentarios is not enhanced.

[2022-10-05 19:20:03 #8 type] 
Type domain.Question is not enhanced.

[2022-10-05 19:20:03 #9 type] 
Type domain.Usuario is not enhanced.

[2022-10-05 19:20:03 #10 type] 
Type domain.Pronostico is not enhanced.

[2022-10-05 19:20:03 #11 type] 
Type domain.Entrada is not enhanced.

[2022-10-05 19:20:03 #12 type] 
Type domain.Bet is not enhanced.

------------------------------------------------------------------------------------------------------------------------

[2022-10-05 19:21:31 #1 store] 
Database 'C:\Users\Carlos Diez\git\IS21.bets\Bets21\src\main\resources\bets.temp' has been recovered (tr. 50-60)

[2022-10-05 19:21:32 #2 store] 
Database 'C:\Users\Carlos Diez\git\IS21.bets\Bets21\src\main\resources\bets.temp' is opened by 7512@Carlosdi

[2022-10-05 19:21:32 #3 type] 
Type domain.Noticia is not enhanced.

[2022-10-05 19:21:32 #4 type] 
Type domain.Liga is not enhanced.

[2022-10-05 19:21:32 #5 type] 
Type domain.Equipo is not enhanced.

[2022-10-05 19:21:32 #6 type] 
Type domain.Event is not enhanced.

[2022-10-05 19:21:32 #7 type] 
Type domain.Comentarios is not enhanced.

[2022-10-05 19:21:32 #8 type] 
Type domain.Question is not enhanced.

[2022-10-05 19:21:32 #9 type] 
Type domain.Usuario is not enhanced.

[2022-10-05 19:21:32 #10 type] 
Type domain.Pronostico is not enhanced.

[2022-10-05 19:21:32 #11 type] 
Type domain.Entrada is not enhanced.

[2022-10-05 19:21:32 #12 type] 
Type domain.Bet is not enhanced.

------------------------------------------------------------------------------------------------------------------------

[2022-10-05 19:22:08 #1 store] 
Database 'C:\Users\Carlos Diez\git\IS21.bets\Bets21\src\main\resources\bets.temp' has been recovered (tr. 61-71)

[2022-10-05 19:22:08 #2 store] 
Database 'C:\Users\Carlos Diez\git\IS21.bets\Bets21\src\main\resources\bets.temp' is opened by 3572@Carlosdi

[2022-10-05 19:22:08 #3 type] 
Type domain.Noticia is not enhanced.

[2022-10-05 19:22:08 #4 type] 
Type domain.Liga is not enhanced.

[2022-10-05 19:22:08 #5 type] 
Type domain.Equipo is not enhanced.

[2022-10-05 19:22:08 #6 type] 
Type domain.Event is not enhanced.

[2022-10-05 19:22:08 #7 type] 
Type domain.Comentarios is not enhanced.

[2022-10-05 19:22:08 #8 type] 
Type domain.Question is not enhanced.

[2022-10-05 19:22:08 #9 type] 
Type domain.Usuario is not enhanced.

[2022-10-05 19:22:08 #10 type] 
Type domain.Pronostico is not enhanced.

[2022-10-05 19:22:08 #11 type] 
Type domain.Entrada is not enhanced.

[2022-10-05 19:22:08 #12 type] 
Type domain.Bet is not enhanced.

------------------------------------------------------------------------------------------------------------------------

[2022-10-05 19:42:32 #1 store] 
Database 'C:\Users\Carlos Diez\git\IS21.bets\Bets21\src\main\resources\bets.temp' has been recovered (tr. 72-82)

[2022-10-05 19:42:32 #2 store] 
Database 'C:\Users\Carlos Diez\git\IS21.bets\Bets21\src\main\resources\bets.temp' is opened by 6460@Carlosdi

[2022-10-05 19:42:32 #3 type] 
Type domain.Noticia is not enhanced.

[2022-10-05 19:42:32 #4 type] 
Type domain.Liga is not enhanced.

[2022-10-05 19:42:32 #5 type] 
Type domain.Equipo is not enhanced.

[2022-10-05 19:42:32 #6 type] 
Type domain.Event is not enhanced.

[2022-10-05 19:42:32 #7 type] 
Type domain.Comentarios is not enhanced.

[2022-10-05 19:42:32 #8 type] 
Type domain.Question is not enhanced.

[2022-10-05 19:42:32 #9 type] 
Type domain.Usuario is not enhanced.

[2022-10-05 19:42:32 #10 type] 
Type domain.Pronostico is not enhanced.

[2022-10-05 19:42:32 #11 type] 
Type domain.Entrada is not enhanced.

[2022-10-05 19:42:32 #12 type] 
Type domain.Bet is not enhanced.

------------------------------------------------------------------------------------------------------------------------

[2022-10-05 19:45:30 #1 store] 
Database 'C:\Users\Carlos Diez\git\IS21.bets\Bets21\src\main\resources\bets.temp' has been recovered (tr. 83-105)

[2022-10-05 19:45:30 #2 store] 
Database 'C:\Users\Carlos Diez\git\IS21.bets\Bets21\src\main\resources\bets.temp' is opened by 2004@Carlosdi

[2022-10-05 19:45:30 #3 type] 
Type domain.Noticia is not enhanced.

[2022-10-05 19:45:30 #4 type] 
Type domain.Liga is not enhanced.

[2022-10-05 19:45:30 #5 type] 
Type domain.Equipo is not enhanced.

[2022-10-05 19:45:30 #6 type] 
Type domain.Event is not enhanced.

[2022-10-05 19:45:30 #7 type] 
Type domain.Comentarios is not enhanced.

[2022-10-05 19:45:30 #8 type] 
Type domain.Question is not enhanced.

[2022-10-05 19:45:30 #9 type] 
Type domain.Usuario is not enhanced.

[2022-10-05 19:45:30 #10 type] 
Type domain.Pronostico is not enhanced.

[2022-10-05 19:45:30 #11 type] 
Type domain.Entrada is not enhanced.

[2022-10-05 19:45:30 #12 type] 
Type domain.Bet is not enhanced.

------------------------------------------------------------------------------------------------------------------------

[2022-10-05 19:46:02 #1 store] 
Database 'C:\Users\Carlos Diez\git\IS21.bets\Bets21\src\main\resources\bets.temp' has been recovered (tr. 106-128)

[2022-10-05 19:46:02 #2 store] 
Database 'C:\Users\Carlos Diez\git\IS21.bets\Bets21\src\main\resources\bets.temp' is opened by 11980@Carlosdi

[2022-10-05 19:46:02 #3 type] 
Type domain.Noticia is not enhanced.

[2022-10-05 19:46:02 #4 type] 
Type domain.Liga is not enhanced.

[2022-10-05 19:46:02 #5 type] 
Type domain.Equipo is not enhanced.

[2022-10-05 19:46:02 #6 type] 
Type domain.Event is not enhanced.

[2022-10-05 19:46:02 #7 type] 
Type domain.Comentarios is not enhanced.

[2022-10-05 19:46:02 #8 type] 
Type domain.Question is not enhanced.

[2022-10-05 19:46:02 #9 type] 
Type domain.Usuario is not enhanced.

[2022-10-05 19:46:02 #10 type] 
Type domain.Pronostico is not enhanced.

[2022-10-05 19:46:02 #11 type] 
Type domain.Entrada is not enhanced.

[2022-10-05 19:46:02 #12 type] 
Type domain.Bet is not enhanced.

------------------------------------------------------------------------------------------------------------------------

[2022-10-05 19:48:04 #1 store] 
Database 'C:\Users\Carlos Diez\git\IS21.bets\Bets21\src\main\resources\bets.temp' has been recovered (tr. 129-141)

[2022-10-05 19:48:04 #2 store] 
Database 'C:\Users\Carlos Diez\git\IS21.bets\Bets21\src\main\resources\bets.temp' is opened by 1748@Carlosdi

[2022-10-05 19:48:04 #3 type] 
Type domain.Noticia is not enhanced.

[2022-10-05 19:48:04 #4 type] 
Type domain.Liga is not enhanced.

[2022-10-05 19:48:04 #5 type] 
Type domain.Equipo is not enhanced.

[2022-10-05 19:48:04 #6 type] 
Type domain.Event is not enhanced.

[2022-10-05 19:48:04 #7 type] 
Type domain.Comentarios is not enhanced.

[2022-10-05 19:48:04 #8 type] 
Type domain.Question is not enhanced.

[2022-10-05 19:48:04 #9 type] 
Type domain.Usuario is not enhanced.

[2022-10-05 19:48:04 #10 type] 
Type domain.Pronostico is not enhanced.

[2022-10-05 19:48:04 #11 type] 
Type domain.Entrada is not enhanced.

[2022-10-05 19:48:04 #12 type] 
Type domain.Bet is not enhanced.

------------------------------------------------------------------------------------------------------------------------

[2022-10-05 19:51:05 #1 store] 
Database 'C:\Users\Carlos Diez\git\IS21.bets\Bets21\src\main\resources\bets.temp' has been recovered (tr. 144-173)

[2022-10-05 19:51:05 #2 store] 
Database 'C:\Users\Carlos Diez\git\IS21.bets\Bets21\src\main\resources\bets.temp' is opened by 5888@Carlosdi

[2022-10-05 19:51:05 #3 type] 
Type domain.Noticia is not enhanced.

[2022-10-05 19:51:05 #4 type] 
Type domain.Liga is not enhanced.

[2022-10-05 19:51:05 #5 type] 
Type domain.Equipo is not enhanced.

[2022-10-05 19:51:05 #6 type] 
Type domain.Event is not enhanced.

[2022-10-05 19:51:05 #7 type] 
Type domain.Comentarios is not enhanced.

[2022-10-05 19:51:05 #8 type] 
Type domain.Question is not enhanced.

[2022-10-05 19:51:05 #9 type] 
Type domain.Usuario is not enhanced.

[2022-10-05 19:51:05 #10 type] 
Type domain.Pronostico is not enhanced.

[2022-10-05 19:51:05 #11 type] 
Type domain.Entrada is not enhanced.

[2022-10-05 19:51:05 #12 type] 
Type domain.Bet is not enhanced.

------------------------------------------------------------------------------------------------------------------------

[2022-10-05 19:55:12 #1 store] 
Database 'C:\Users\Carlos Diez\git\IS21.bets\Bets21\src\main\resources\bets.temp' has been recovered (tr. 174-205)

[2022-10-05 19:55:12 #2 store] 
Database 'C:\Users\Carlos Diez\git\IS21.bets\Bets21\src\main\resources\bets.temp' is opened by 2980@Carlosdi

[2022-10-05 19:55:12 #3 type] 
Type domain.Noticia is not enhanced.

[2022-10-05 19:55:12 #4 type] 
Type domain.Liga is not enhanced.

[2022-10-05 19:55:12 #5 type] 
Type domain.Equipo is not enhanced.

[2022-10-05 19:55:12 #6 type] 
Type domain.Event is not enhanced.

[2022-10-05 19:55:12 #7 type] 
Type domain.Comentarios is not enhanced.

[2022-10-05 19:55:12 #8 type] 
Type domain.Question is not enhanced.

[2022-10-05 19:55:12 #9 type] 
Type domain.Usuario is not enhanced.

[2022-10-05 19:55:12 #10 type] 
Type domain.Pronostico is not enhanced.

[2022-10-05 19:55:12 #11 type] 
Type domain.Entrada is not enhanced.

[2022-10-05 19:55:12 #12 type] 
Type domain.Bet is not enhanced.

------------------------------------------------------------------------------------------------------------------------

[2022-10-05 20:30:56 #1 store] 
Database 'C:\Users\Carlos Diez\git\IS21.bets\Bets21\src\main\resources\bets.temp' has been recovered (tr. 206-237)

[2022-10-05 20:30:56 #2 store] 
Database 'C:\Users\Carlos Diez\git\IS21.bets\Bets21\src\main\resources\bets.temp' is opened by 1916@Carlosdi

[2022-10-05 20:30:57 #3 type] 
Type domain.Noticia is not enhanced.

[2022-10-05 20:30:57 #4 type] 
Type domain.Liga is not enhanced.

[2022-10-05 20:30:57 #5 type] 
Type domain.Equipo is not enhanced.

[2022-10-05 20:30:57 #6 type] 
Type domain.Event is not enhanced.

[2022-10-05 20:30:57 #7 type] 
Type domain.Comentarios is not enhanced.

[2022-10-05 20:30:57 #8 type] 
Type domain.Question is not enhanced.

[2022-10-05 20:30:57 #9 type] 
Type domain.Usuario is not enhanced.

[2022-10-05 20:30:57 #10 type] 
Type domain.Pronostico is not enhanced.

[2022-10-05 20:30:57 #11 type] 
Type domain.Entrada is not enhanced.

[2022-10-05 20:30:57 #12 type] 
Type domain.Bet is not enhanced.

------------------------------------------------------------------------------------------------------------------------

[2022-10-05 20:32:56 #1 store] 
Database 'C:\Users\Carlos Diez\git\IS21.bets\Bets21\src\main\resources\bets.temp' has been recovered (tr. 238-269)

[2022-10-05 20:32:57 #2 store] 
Database 'C:\Users\Carlos Diez\git\IS21.bets\Bets21\src\main\resources\bets.temp' is opened by 10380@Carlosdi

[2022-10-05 20:32:57 #3 type] 
Type domain.Noticia is not enhanced.

[2022-10-05 20:32:57 #4 type] 
Type domain.Liga is not enhanced.

[2022-10-05 20:32:57 #5 type] 
Type domain.Equipo is not enhanced.

[2022-10-05 20:32:57 #6 type] 
Type domain.Event is not enhanced.

[2022-10-05 20:32:57 #7 type] 
Type domain.Comentarios is not enhanced.

[2022-10-05 20:32:57 #8 type] 
Type domain.Question is not enhanced.

[2022-10-05 20:32:57 #9 type] 
Type domain.Usuario is not enhanced.

[2022-10-05 20:32:57 #10 type] 
Type domain.Pronostico is not enhanced.

[2022-10-05 20:32:57 #11 type] 
Type domain.Entrada is not enhanced.

[2022-10-05 20:32:57 #12 type] 
Type domain.Bet is not enhanced.

------------------------------------------------------------------------------------------------------------------------

[2022-10-05 20:33:17 #1 store] 
Database 'C:\Users\Carlos Diez\git\IS21.bets\Bets21\src\main\resources\bets.temp' has been recovered (tr. 270-305)

[2022-10-05 20:33:18 #2 store] 
Database 'C:\Users\Carlos Diez\git\IS21.bets\Bets21\src\main\resources\bets.temp' is opened by 10792@Carlosdi

[2022-10-05 20:33:18 #3 type] 
Type domain.Noticia is not enhanced.

[2022-10-05 20:33:18 #4 type] 
Type domain.Liga is not enhanced.

[2022-10-05 20:33:18 #5 type] 
Type domain.Equipo is not enhanced.

[2022-10-05 20:33:18 #6 type] 
Type domain.Event is not enhanced.

[2022-10-05 20:33:18 #7 type] 
Type domain.Comentarios is not enhanced.

[2022-10-05 20:33:18 #8 type] 
Type domain.Question is not enhanced.

[2022-10-05 20:33:18 #9 type] 
Type domain.Usuario is not enhanced.

[2022-10-05 20:33:18 #10 type] 
Type domain.Pronostico is not enhanced.

[2022-10-05 20:33:18 #11 type] 
Type domain.Entrada is not enhanced.

[2022-10-05 20:33:18 #12 type] 
Type domain.Bet is not enhanced.

------------------------------------------------------------------------------------------------------------------------

[2022-10-05 20:33:34 #1 store] 
Database 'C:\Users\Carlos Diez\git\IS21.bets\Bets21\src\main\resources\bets.temp' has been recovered (tr. 306-341)

[2022-10-05 20:33:34 #2 store] 
Database 'C:\Users\Carlos Diez\git\IS21.bets\Bets21\src\main\resources\bets.temp' is opened by 8348@Carlosdi

[2022-10-05 20:33:34 #3 type] 
Type domain.Noticia is not enhanced.

[2022-10-05 20:33:34 #4 type] 
Type domain.Liga is not enhanced.

[2022-10-05 20:33:34 #5 type] 
Type domain.Equipo is not enhanced.

[2022-10-05 20:33:34 #6 type] 
Type domain.Event is not enhanced.

[2022-10-05 20:33:34 #7 type] 
Type domain.Comentarios is not enhanced.

[2022-10-05 20:33:34 #8 type] 
Type domain.Question is not enhanced.

[2022-10-05 20:33:34 #9 type] 
Type domain.Usuario is not enhanced.

[2022-10-05 20:33:34 #10 type] 
Type domain.Pronostico is not enhanced.

[2022-10-05 20:33:34 #11 type] 
Type domain.Entrada is not enhanced.

[2022-10-05 20:33:34 #12 type] 
Type domain.Bet is not enhanced.

------------------------------------------------------------------------------------------------------------------------

[2022-10-05 20:33:53 #1 store] 
Database 'C:\Users\Carlos Diez\git\IS21.bets\Bets21\src\main\resources\bets.temp' has been recovered (tr. 342-377)

[2022-10-05 20:33:53 #2 store] 
Database 'C:\Users\Carlos Diez\git\IS21.bets\Bets21\src\main\resources\bets.temp' is opened by 12460@Carlosdi

[2022-10-05 20:33:54 #3 type] 
Type domain.Noticia is not enhanced.

[2022-10-05 20:33:54 #4 type] 
Type domain.Liga is not enhanced.

[2022-10-05 20:33:54 #5 type] 
Type domain.Equipo is not enhanced.

[2022-10-05 20:33:54 #6 type] 
Type domain.Event is not enhanced.

[2022-10-05 20:33:54 #7 type] 
Type domain.Comentarios is not enhanced.

[2022-10-05 20:33:54 #8 type] 
Type domain.Question is not enhanced.

[2022-10-05 20:33:54 #9 type] 
Type domain.Usuario is not enhanced.

[2022-10-05 20:33:54 #10 type] 
Type domain.Pronostico is not enhanced.

[2022-10-05 20:33:54 #11 type] 
Type domain.Entrada is not enhanced.

[2022-10-05 20:33:54 #12 type] 
Type domain.Bet is not enhanced.

------------------------------------------------------------------------------------------------------------------------

[2022-10-05 20:37:41 #1 store] 
Database 'C:\Users\Carlos Diez\git\IS21.bets\Bets21\src\main\resources\bets.temp' has been recovered (tr. 378-413)

[2022-10-05 20:37:41 #2 store] 
Database 'C:\Users\Carlos Diez\git\IS21.bets\Bets21\src\main\resources\bets.temp' is opened by 9728@Carlosdi

[2022-10-05 20:37:41 #3 type] 
Type domain.Noticia is not enhanced.

[2022-10-05 20:37:41 #4 type] 
Type domain.Liga is not enhanced.

[2022-10-05 20:37:41 #5 type] 
Type domain.Equipo is not enhanced.

[2022-10-05 20:37:41 #6 type] 
Type domain.Event is not enhanced.

[2022-10-05 20:37:41 #7 type] 
Type domain.Comentarios is not enhanced.

[2022-10-05 20:37:41 #8 type] 
Type domain.Question is not enhanced.

[2022-10-05 20:37:41 #9 type] 
Type domain.Usuario is not enhanced.

[2022-10-05 20:37:41 #10 type] 
Type domain.Pronostico is not enhanced.

[2022-10-05 20:37:41 #11 type] 
Type domain.Entrada is not enhanced.

[2022-10-05 20:37:41 #12 type] 
Type domain.Bet is not enhanced.

------------------------------------------------------------------------------------------------------------------------

[2022-10-05 20:43:46 #1 store] 
Database 'C:\Users\Carlos Diez\git\IS21.bets\Bets21\src\main\resources\bets.temp' has been recovered (tr. 414-450)

[2022-10-05 20:43:46 #2 store] 
Database 'C:\Users\Carlos Diez\git\IS21.bets\Bets21\src\main\resources\bets.temp' is opened by 10684@Carlosdi

[2022-10-05 20:43:46 #3 type] 
Type domain.Noticia is not enhanced.

[2022-10-05 20:43:46 #4 type] 
Type domain.Liga is not enhanced.

[2022-10-05 20:43:46 #5 type] 
Type domain.Equipo is not enhanced.

[2022-10-05 20:43:46 #6 type] 
Type domain.Event is not enhanced.

[2022-10-05 20:43:46 #7 type] 
Type domain.Comentarios is not enhanced.

[2022-10-05 20:43:46 #8 type] 
Type domain.Question is not enhanced.

[2022-10-05 20:43:46 #9 type] 
Type domain.Usuario is not enhanced.

[2022-10-05 20:43:46 #10 type] 
Type domain.Pronostico is not enhanced.

[2022-10-05 20:43:46 #11 type] 
Type domain.Entrada is not enhanced.

[2022-10-05 20:43:46 #12 type] 
Type domain.Bet is not enhanced.

------------------------------------------------------------------------------------------------------------------------

[2022-10-05 20:43:52 #1 store] 
Database 'C:\Users\Carlos Diez\git\IS21.bets\Bets21\src\main\resources\bets.temp' has been recovered (tr. 451-487)

[2022-10-05 20:43:52 #2 store] 
Database 'C:\Users\Carlos Diez\git\IS21.bets\Bets21\src\main\resources\bets.temp' is opened by 8836@Carlosdi

[2022-10-05 20:43:52 #3 type] 
Type domain.Noticia is not enhanced.

[2022-10-05 20:43:52 #4 type] 
Type domain.Liga is not enhanced.

[2022-10-05 20:43:52 #5 type] 
Type domain.Equipo is not enhanced.

[2022-10-05 20:43:52 #6 type] 
Type domain.Event is not enhanced.

[2022-10-05 20:43:52 #7 type] 
Type domain.Comentarios is not enhanced.

[2022-10-05 20:43:52 #8 type] 
Type domain.Question is not enhanced.

[2022-10-05 20:43:52 #9 type] 
Type domain.Usuario is not enhanced.

[2022-10-05 20:43:52 #10 type] 
Type domain.Pronostico is not enhanced.

[2022-10-05 20:43:52 #11 type] 
Type domain.Entrada is not enhanced.

[2022-10-05 20:43:52 #12 type] 
Type domain.Bet is not enhanced.

------------------------------------------------------------------------------------------------------------------------

[2022-10-05 20:45:13 #1 store] 
Database 'C:\Users\Carlos Diez\git\IS21.bets\Bets21\src\main\resources\bets.temp' has been recovered (tr. 488-524)

[2022-10-05 20:45:13 #2 store] 
Database 'C:\Users\Carlos Diez\git\IS21.bets\Bets21\src\main\resources\bets.temp' is opened by 4424@Carlosdi

[2022-10-05 20:45:13 #3 type] 
Type domain.Noticia is not enhanced.

[2022-10-05 20:45:13 #4 type] 
Type domain.Liga is not enhanced.

[2022-10-05 20:45:13 #5 type] 
Type domain.Equipo is not enhanced.

[2022-10-05 20:45:13 #6 type] 
Type domain.Event is not enhanced.

[2022-10-05 20:45:13 #7 type] 
Type domain.Comentarios is not enhanced.

[2022-10-05 20:45:13 #8 type] 
Type domain.Question is not enhanced.

[2022-10-05 20:45:13 #9 type] 
Type domain.Usuario is not enhanced.

[2022-10-05 20:45:13 #10 type] 
Type domain.Pronostico is not enhanced.

[2022-10-05 20:45:13 #11 type] 
Type domain.Entrada is not enhanced.

[2022-10-05 20:45:13 #12 type] 
Type domain.Bet is not enhanced.

------------------------------------------------------------------------------------------------------------------------

[2022-10-05 20:45:39 #1 store] 
Database 'C:\Users\Carlos Diez\git\IS21.bets\Bets21\src\main\resources\bets.temp' has been recovered (tr. 525-561)

[2022-10-05 20:45:39 #2 store] 
Database 'C:\Users\Carlos Diez\git\IS21.bets\Bets21\src\main\resources\bets.temp' is opened by 5016@Carlosdi

[2022-10-05 20:45:39 #3 type] 
Type domain.Noticia is not enhanced.

[2022-10-05 20:45:39 #4 type] 
Type domain.Liga is not enhanced.

[2022-10-05 20:45:39 #5 type] 
Type domain.Equipo is not enhanced.

[2022-10-05 20:45:39 #6 type] 
Type domain.Event is not enhanced.

[2022-10-05 20:45:39 #7 type] 
Type domain.Comentarios is not enhanced.

[2022-10-05 20:45:39 #8 type] 
Type domain.Question is not enhanced.

[2022-10-05 20:45:39 #9 type] 
Type domain.Usuario is not enhanced.

[2022-10-05 20:45:39 #10 type] 
Type domain.Pronostico is not enhanced.

[2022-10-05 20:45:39 #11 type] 
Type domain.Entrada is not enhanced.

[2022-10-05 20:45:39 #12 type] 
Type domain.Bet is not enhanced.

------------------------------------------------------------------------------------------------------------------------

[2022-10-05 20:45:54 #1 store] 
Database 'C:\Users\Carlos Diez\git\IS21.bets\Bets21\src\main\resources\bets.temp' has been recovered (tr. 562-598)

[2022-10-05 20:45:54 #2 store] 
Database 'C:\Users\Carlos Diez\git\IS21.bets\Bets21\src\main\resources\bets.temp' is opened by 8616@Carlosdi

[2022-10-05 20:45:54 #3 type] 
Type domain.Noticia is not enhanced.

[2022-10-05 20:45:54 #4 type] 
Type domain.Liga is not enhanced.

[2022-10-05 20:45:54 #5 type] 
Type domain.Equipo is not enhanced.

[2022-10-05 20:45:54 #6 type] 
Type domain.Event is not enhanced.

[2022-10-05 20:45:54 #7 type] 
Type domain.Comentarios is not enhanced.

[2022-10-05 20:45:54 #8 type] 
Type domain.Question is not enhanced.

[2022-10-05 20:45:54 #9 type] 
Type domain.Usuario is not enhanced.

[2022-10-05 20:45:54 #10 type] 
Type domain.Pronostico is not enhanced.

[2022-10-05 20:45:54 #11 type] 
Type domain.Entrada is not enhanced.

[2022-10-05 20:45:54 #12 type] 
Type domain.Bet is not enhanced.

------------------------------------------------------------------------------------------------------------------------

[2022-10-05 20:47:40 #1 store] 
Database 'C:\Users\Carlos Diez\git\IS21.bets\Bets21\src\main\resources\bets.temp' has been recovered (tr. 599-635)

[2022-10-05 20:47:40 #2 store] 
Database 'C:\Users\Carlos Diez\git\IS21.bets\Bets21\src\main\resources\bets.temp' is opened by 8000@Carlosdi

[2022-10-05 20:47:40 #3 type] 
Type domain.Noticia is not enhanced.

[2022-10-05 20:47:40 #4 type] 
Type domain.Liga is not enhanced.

[2022-10-05 20:47:40 #5 type] 
Type domain.Equipo is not enhanced.

[2022-10-05 20:47:40 #6 type] 
Type domain.Event is not enhanced.

[2022-10-05 20:47:40 #7 type] 
Type domain.Comentarios is not enhanced.

[2022-10-05 20:47:40 #8 type] 
Type domain.Question is not enhanced.

[2022-10-05 20:47:40 #9 type] 
Type domain.Usuario is not enhanced.

[2022-10-05 20:47:40 #10 type] 
Type domain.Pronostico is not enhanced.

[2022-10-05 20:47:40 #11 type] 
Type domain.Entrada is not enhanced.

[2022-10-05 20:47:40 #12 type] 
Type domain.Bet is not enhanced.

------------------------------------------------------------------------------------------------------------------------

[2022-10-05 20:47:55 #1 store] 
Database 'C:\Users\Carlos Diez\git\IS21.bets\Bets21\src\main\resources\bets.temp' has been recovered (tr. 636-671)

[2022-10-05 20:47:55 #2 store] 
Database 'C:\Users\Carlos Diez\git\IS21.bets\Bets21\src\main\resources\bets.temp' is opened by 11584@Carlosdi

[2022-10-05 20:47:55 #3 type] 
Type domain.Noticia is not enhanced.

[2022-10-05 20:47:55 #4 type] 
Type domain.Liga is not enhanced.

[2022-10-05 20:47:55 #5 type] 
Type domain.Equipo is not enhanced.

[2022-10-05 20:47:55 #6 type] 
Type domain.Event is not enhanced.

[2022-10-05 20:47:55 #7 type] 
Type domain.Comentarios is not enhanced.

[2022-10-05 20:47:55 #8 type] 
Type domain.Question is not enhanced.

[2022-10-05 20:47:55 #9 type] 
Type domain.Usuario is not enhanced.

[2022-10-05 20:47:55 #10 type] 
Type domain.Pronostico is not enhanced.

[2022-10-05 20:47:55 #11 type] 
Type domain.Entrada is not enhanced.

[2022-10-05 20:47:55 #12 type] 
Type domain.Bet is not enhanced.

------------------------------------------------------------------------------------------------------------------------

[2022-10-05 20:48:26 #1 store] 
Database 'C:\Users\Carlos Diez\git\IS21.bets\Bets21\src\main\resources\bets.temp' has been recovered (tr. 672-707)

[2022-10-05 20:48:26 #2 store] 
Database 'C:\Users\Carlos Diez\git\IS21.bets\Bets21\src\main\resources\bets.temp' is opened by 8844@Carlosdi

[2022-10-05 20:48:26 #3 type] 
Type domain.Noticia is not enhanced.

[2022-10-05 20:48:26 #4 type] 
Type domain.Liga is not enhanced.

[2022-10-05 20:48:26 #5 type] 
Type domain.Equipo is not enhanced.

[2022-10-05 20:48:26 #6 type] 
Type domain.Event is not enhanced.

[2022-10-05 20:48:26 #7 type] 
Type domain.Comentarios is not enhanced.

[2022-10-05 20:48:26 #8 type] 
Type domain.Question is not enhanced.

[2022-10-05 20:48:26 #9 type] 
Type domain.Usuario is not enhanced.

[2022-10-05 20:48:26 #10 type] 
Type domain.Pronostico is not enhanced.

[2022-10-05 20:48:26 #11 type] 
Type domain.Entrada is not enhanced.

[2022-10-05 20:48:26 #12 type] 
Type domain.Bet is not enhanced.

------------------------------------------------------------------------------------------------------------------------

[2022-10-05 20:49:42 #1 store] 
Database 'C:\Users\Carlos Diez\git\IS21.bets\Bets21\src\main\resources\bets.temp' has been recovered (tr. 708-743)

[2022-10-05 20:49:42 #2 store] 
Database 'C:\Users\Carlos Diez\git\IS21.bets\Bets21\src\main\resources\bets.temp' is opened by 11436@Carlosdi

[2022-10-05 20:49:43 #3 type] 
Type domain.Noticia is not enhanced.

[2022-10-05 20:49:43 #4 type] 
Type domain.Liga is not enhanced.

[2022-10-05 20:49:43 #5 type] 
Type domain.Equipo is not enhanced.

[2022-10-05 20:49:43 #6 type] 
Type domain.Event is not enhanced.

[2022-10-05 20:49:43 #7 type] 
Type domain.Comentarios is not enhanced.

[2022-10-05 20:49:43 #8 type] 
Type domain.Question is not enhanced.

[2022-10-05 20:49:43 #9 type] 
Type domain.Usuario is not enhanced.

[2022-10-05 20:49:43 #10 type] 
Type domain.Pronostico is not enhanced.

[2022-10-05 20:49:43 #11 type] 
Type domain.Entrada is not enhanced.

[2022-10-05 20:49:43 #12 type] 
Type domain.Bet is not enhanced.

------------------------------------------------------------------------------------------------------------------------

[2022-10-05 20:50:29 #1 store] 
Database 'C:\Users\Carlos Diez\git\IS21.bets\Bets21\src\main\resources\bets.temp' has been recovered (tr. 744-779)

[2022-10-05 20:50:29 #2 store] 
Database 'C:\Users\Carlos Diez\git\IS21.bets\Bets21\src\main\resources\bets.temp' is opened by 12724@Carlosdi

[2022-10-05 20:50:29 #3 type] 
Type domain.Noticia is not enhanced.

[2022-10-05 20:50:29 #4 type] 
Type domain.Liga is not enhanced.

[2022-10-05 20:50:29 #5 type] 
Type domain.Equipo is not enhanced.

[2022-10-05 20:50:29 #6 type] 
Type domain.Event is not enhanced.

[2022-10-05 20:50:29 #7 type] 
Type domain.Comentarios is not enhanced.

[2022-10-05 20:50:29 #8 type] 
Type domain.Question is not enhanced.

[2022-10-05 20:50:29 #9 type] 
Type domain.Usuario is not enhanced.

[2022-10-05 20:50:29 #10 type] 
Type domain.Pronostico is not enhanced.

[2022-10-05 20:50:29 #11 type] 
Type domain.Entrada is not enhanced.

[2022-10-05 20:50:29 #12 type] 
Type domain.Bet is not enhanced.

------------------------------------------------------------------------------------------------------------------------

[2022-10-05 20:50:41 #1 store] 
Database 'C:\Users\Carlos Diez\git\IS21.bets\Bets21\src\main\resources\bets.temp' has been recovered (tr. 780-815)

[2022-10-05 20:50:41 #2 store] 
Database 'C:\Users\Carlos Diez\git\IS21.bets\Bets21\src\main\resources\bets.temp' is opened by 7564@Carlosdi

[2022-10-05 20:50:41 #3 type] 
Type domain.Noticia is not enhanced.

[2022-10-05 20:50:41 #4 type] 
Type domain.Liga is not enhanced.

[2022-10-05 20:50:41 #5 type] 
Type domain.Equipo is not enhanced.

[2022-10-05 20:50:41 #6 type] 
Type domain.Event is not enhanced.

[2022-10-05 20:50:41 #7 type] 
Type domain.Comentarios is not enhanced.

[2022-10-05 20:50:41 #8 type] 
Type domain.Question is not enhanced.

[2022-10-05 20:50:41 #9 type] 
Type domain.Usuario is not enhanced.

[2022-10-05 20:50:41 #10 type] 
Type domain.Pronostico is not enhanced.

[2022-10-05 20:50:41 #11 type] 
Type domain.Entrada is not enhanced.

[2022-10-05 20:50:41 #12 type] 
Type domain.Bet is not enhanced.

------------------------------------------------------------------------------------------------------------------------

[2022-10-05 20:51:10 #1 store] 
Database 'C:\Users\Carlos Diez\git\IS21.bets\Bets21\src\main\resources\bets.temp' has been recovered (tr. 816-851)

[2022-10-05 20:51:10 #2 store] 
Database 'C:\Users\Carlos Diez\git\IS21.bets\Bets21\src\main\resources\bets.temp' is opened by 8020@Carlosdi

[2022-10-05 20:51:10 #3 type] 
Type domain.Noticia is not enhanced.

[2022-10-05 20:51:10 #4 type] 
Type domain.Liga is not enhanced.

[2022-10-05 20:51:10 #5 type] 
Type domain.Equipo is not enhanced.

[2022-10-05 20:51:10 #6 type] 
Type domain.Event is not enhanced.

[2022-10-05 20:51:10 #7 type] 
Type domain.Comentarios is not enhanced.

[2022-10-05 20:51:10 #8 type] 
Type domain.Question is not enhanced.

[2022-10-05 20:51:10 #9 type] 
Type domain.Usuario is not enhanced.

[2022-10-05 20:51:10 #10 type] 
Type domain.Pronostico is not enhanced.

[2022-10-05 20:51:10 #11 type] 
Type domain.Entrada is not enhanced.

[2022-10-05 20:51:10 #12 type] 
Type domain.Bet is not enhanced.

------------------------------------------------------------------------------------------------------------------------

[2022-10-05 20:51:39 #1 store] 
Database 'C:\Users\Carlos Diez\git\IS21.bets\Bets21\src\main\resources\bets.temp' has been recovered (tr. 852-888)

[2022-10-05 20:51:40 #2 store] 
Database 'C:\Users\Carlos Diez\git\IS21.bets\Bets21\src\main\resources\bets.temp' is opened by 10640@Carlosdi

[2022-10-05 20:51:40 #3 type] 
Type domain.Noticia is not enhanced.

[2022-10-05 20:51:40 #4 type] 
Type domain.Liga is not enhanced.

[2022-10-05 20:51:40 #5 type] 
Type domain.Equipo is not enhanced.

[2022-10-05 20:51:40 #6 type] 
Type domain.Event is not enhanced.

[2022-10-05 20:51:40 #7 type] 
Type domain.Comentarios is not enhanced.

[2022-10-05 20:51:40 #8 type] 
Type domain.Question is not enhanced.

[2022-10-05 20:51:40 #9 type] 
Type domain.Usuario is not enhanced.

[2022-10-05 20:51:40 #10 type] 
Type domain.Pronostico is not enhanced.

[2022-10-05 20:51:40 #11 type] 
Type domain.Entrada is not enhanced.

[2022-10-05 20:51:40 #12 type] 
Type domain.Bet is not enhanced.

------------------------------------------------------------------------------------------------------------------------

[2022-10-05 20:54:40 #1 store] 
Database 'C:\Users\Carlos Diez\git\IS21.bets\Bets21\src\main\resources\bets.temp' has been recovered (tr. 889-925)

[2022-10-05 20:54:40 #2 store] 
Database 'C:\Users\Carlos Diez\git\IS21.bets\Bets21\src\main\resources\bets.temp' is opened by 4960@Carlosdi

[2022-10-05 20:54:40 #3 type] 
Type domain.Noticia is not enhanced.

[2022-10-05 20:54:40 #4 type] 
Type domain.Liga is not enhanced.

[2022-10-05 20:54:40 #5 type] 
Type domain.Equipo is not enhanced.

[2022-10-05 20:54:40 #6 type] 
Type domain.Event is not enhanced.

[2022-10-05 20:54:40 #7 type] 
Type domain.Comentarios is not enhanced.

[2022-10-05 20:54:40 #8 type] 
Type domain.Question is not enhanced.

[2022-10-05 20:54:40 #9 type] 
Type domain.Usuario is not enhanced.

[2022-10-05 20:54:40 #10 type] 
Type domain.Pronostico is not enhanced.

[2022-10-05 20:54:40 #11 type] 
Type domain.Entrada is not enhanced.

[2022-10-05 20:54:40 #12 type] 
Type domain.Bet is not enhanced.

------------------------------------------------------------------------------------------------------------------------

[2022-10-05 20:55:33 #1 store] 
Database 'C:\Users\Carlos Diez\git\IS21.bets\Bets21\src\main\resources\bets.temp' has been recovered (tr. 926-964)

[2022-10-05 20:55:33 #2 store] 
Database 'C:\Users\Carlos Diez\git\IS21.bets\Bets21\src\main\resources\bets.temp' is opened by 8348@Carlosdi

[2022-10-05 20:55:33 #3 type] 
Type domain.Noticia is not enhanced.

[2022-10-05 20:55:33 #4 type] 
Type domain.Liga is not enhanced.

[2022-10-05 20:55:33 #5 type] 
Type domain.Equipo is not enhanced.

[2022-10-05 20:55:33 #6 type] 
Type domain.Event is not enhanced.

[2022-10-05 20:55:33 #7 type] 
Type domain.Comentarios is not enhanced.

[2022-10-05 20:55:33 #8 type] 
Type domain.Question is not enhanced.

[2022-10-05 20:55:33 #9 type] 
Type domain.Usuario is not enhanced.

[2022-10-05 20:55:33 #10 type] 
Type domain.Pronostico is not enhanced.

[2022-10-05 20:55:33 #11 type] 
Type domain.Entrada is not enhanced.

[2022-10-05 20:55:33 #12 type] 
Type domain.Bet is not enhanced.

------------------------------------------------------------------------------------------------------------------------

[2022-10-05 20:55:55 #1 store] 
Database 'C:\Users\Carlos Diez\git\IS21.bets\Bets21\src\main\resources\bets.temp' has been recovered (tr. 965-1005)

[2022-10-05 20:55:55 #2 store] 
Database 'C:\Users\Carlos Diez\git\IS21.bets\Bets21\src\main\resources\bets.temp' is opened by 13284@Carlosdi

[2022-10-05 20:55:56 #3 type] 
Type domain.Noticia is not enhanced.

[2022-10-05 20:55:56 #4 type] 
Type domain.Liga is not enhanced.

[2022-10-05 20:55:56 #5 type] 
Type domain.Equipo is not enhanced.

[2022-10-05 20:55:56 #6 type] 
Type domain.Event is not enhanced.

[2022-10-05 20:55:56 #7 type] 
Type domain.Comentarios is not enhanced.

[2022-10-05 20:55:56 #8 type] 
Type domain.Question is not enhanced.

[2022-10-05 20:55:56 #9 type] 
Type domain.Usuario is not enhanced.

[2022-10-05 20:55:56 #10 type] 
Type domain.Pronostico is not enhanced.

[2022-10-05 20:55:56 #11 type] 
Type domain.Entrada is not enhanced.

[2022-10-05 20:55:56 #12 type] 
Type domain.Bet is not enhanced.

------------------------------------------------------------------------------------------------------------------------

[2022-10-05 20:56:36 #1 store] 
Database 'C:\Users\Carlos Diez\git\IS21.bets\Bets21\src\main\resources\bets.temp' has been recovered (tr. 1006-1046)

[2022-10-05 20:56:36 #2 store] 
Database 'C:\Users\Carlos Diez\git\IS21.bets\Bets21\src\main\resources\bets.temp' is opened by 10936@Carlosdi

[2022-10-05 20:56:36 #3 type] 
Type domain.Noticia is not enhanced.

[2022-10-05 20:56:36 #4 type] 
Type domain.Liga is not enhanced.

[2022-10-05 20:56:36 #5 type] 
Type domain.Equipo is not enhanced.

[2022-10-05 20:56:36 #6 type] 
Type domain.Event is not enhanced.

[2022-10-05 20:56:36 #7 type] 
Type domain.Comentarios is not enhanced.

[2022-10-05 20:56:36 #8 type] 
Type domain.Question is not enhanced.

[2022-10-05 20:56:36 #9 type] 
Type domain.Usuario is not enhanced.

[2022-10-05 20:56:36 #10 type] 
Type domain.Pronostico is not enhanced.

[2022-10-05 20:56:36 #11 type] 
Type domain.Entrada is not enhanced.

[2022-10-05 20:56:36 #12 type] 
Type domain.Bet is not enhanced.

------------------------------------------------------------------------------------------------------------------------

[2022-10-05 21:00:20 #1 store] 
Database 'C:\Users\Carlos Diez\git\IS21.bets\Bets21\src\main\resources\bets.temp' has been recovered (tr. 1047-1087)

[2022-10-05 21:00:21 #2 store] 
Database 'C:\Users\Carlos Diez\git\IS21.bets\Bets21\src\main\resources\bets.temp' is opened by 11012@Carlosdi

[2022-10-05 21:00:21 #3 type] 
Type domain.Noticia is not enhanced.

[2022-10-05 21:00:21 #4 type] 
Type domain.Liga is not enhanced.

[2022-10-05 21:00:21 #5 type] 
Type domain.Equipo is not enhanced.

[2022-10-05 21:00:21 #6 type] 
Type domain.Event is not enhanced.

[2022-10-05 21:00:21 #7 type] 
Type domain.Comentarios is not enhanced.

[2022-10-05 21:00:21 #8 type] 
Type domain.Question is not enhanced.

[2022-10-05 21:00:21 #9 type] 
Type domain.Usuario is not enhanced.

[2022-10-05 21:00:21 #10 type] 
Type domain.Pronostico is not enhanced.

[2022-10-05 21:00:21 #11 type] 
Type domain.Entrada is not enhanced.

[2022-10-05 21:00:21 #12 type] 
Type domain.Bet is not enhanced.

------------------------------------------------------------------------------------------------------------------------

[2022-10-05 21:00:53 #1 store] 
Database 'C:\Users\Carlos Diez\git\IS21.bets\Bets21\src\main\resources\bets.temp' has been recovered (tr. 1088-1128)

[2022-10-05 21:00:53 #2 store] 
Database 'C:\Users\Carlos Diez\git\IS21.bets\Bets21\src\main\resources\bets.temp' is opened by 5864@Carlosdi

[2022-10-05 21:00:53 #3 type] 
Type domain.Noticia is not enhanced.

[2022-10-05 21:00:53 #4 type] 
Type domain.Liga is not enhanced.

[2022-10-05 21:00:53 #5 type] 
Type domain.Equipo is not enhanced.

[2022-10-05 21:00:53 #6 type] 
Type domain.Event is not enhanced.

[2022-10-05 21:00:53 #7 type] 
Type domain.Comentarios is not enhanced.

[2022-10-05 21:00:53 #8 type] 
Type domain.Question is not enhanced.

[2022-10-05 21:00:53 #9 type] 
Type domain.Usuario is not enhanced.

[2022-10-05 21:00:53 #10 type] 
Type domain.Pronostico is not enhanced.

[2022-10-05 21:00:53 #11 type] 
Type domain.Entrada is not enhanced.

[2022-10-05 21:00:53 #12 type] 
Type domain.Bet is not enhanced.

------------------------------------------------------------------------------------------------------------------------

[2022-10-05 21:02:16 #1 store] 
Database 'C:\Users\Carlos Diez\git\IS21.bets\Bets21\src\main\resources\bets.temp' is opened by 8396@Carlosdi

[2022-10-05 21:02:17 #2 type.registry] 
New type domain.Noticia

[2022-10-05 21:02:17 #3 type] 
Type domain.Noticia is not enhanced.

[2022-10-05 21:02:17 #4 type.registry] 
New type domain.Liga

[2022-10-05 21:02:17 #5 type] 
Type domain.Liga is not enhanced.

[2022-10-05 21:02:17 #6 type.registry] 
New type domain.Equipo

[2022-10-05 21:02:17 #7 type.registry] 
New type java.util.Vector<domain.Equipo>

[2022-10-05 21:02:17 #8 type] 
Type domain.Equipo is not enhanced.

[2022-10-05 21:02:17 #9 type.registry] 
New type domain.Event

[2022-10-05 21:02:17 #10 type.registry] 
New type java.util.Vector<domain.Event>

[2022-10-05 21:02:17 #11 type] 
Type domain.Event is not enhanced.

[2022-10-05 21:02:17 #12 type.registry] 
New type domain.Comentarios

[2022-10-05 21:02:17 #13 type.registry] 
New type java.util.Vector<domain.Comentarios>

[2022-10-05 21:02:17 #14 type.registry] 
New type domain.Question

[2022-10-05 21:02:17 #15 type.registry] 
New type java.util.Vector<domain.Question>

[2022-10-05 21:02:17 #16 type] 
Type domain.Comentarios is not enhanced.

[2022-10-05 21:02:17 #17 type.registry] 
New type domain.Usuario

[2022-10-05 21:02:17 #18 type] 
Type domain.Question is not enhanced.

[2022-10-05 21:02:17 #19 type.registry] 
New type domain.Pronostico

[2022-10-05 21:02:17 #20 type.registry] 
New type java.util.Vector<domain.Pronostico>

[2022-10-05 21:02:17 #21 type] 
Type domain.Usuario is not enhanced.

[2022-10-05 21:02:17 #22 type.registry] 
New type domain.Entrada

[2022-10-05 21:02:17 #23 type.registry] 
New type java.util.Vector<domain.Entrada>

[2022-10-05 21:02:17 #24 type.registry] 
New type domain.Bet

[2022-10-05 21:02:17 #25 type.registry] 
New type java.util.Vector<domain.Bet>

[2022-10-05 21:02:17 #26 type] 
Type domain.Pronostico is not enhanced.

[2022-10-05 21:02:17 #27 type] 
Type domain.Entrada is not enhanced.

[2022-10-05 21:02:17 #28 type] 
Type domain.Bet is not enhanced.

[2022-10-05 21:02:17 #29 type.registry] 
New type java.util.Vector<java.lang.Object>

------------------------------------------------------------------------------------------------------------------------

[2022-10-05 21:05:45 #1 store] 
Database 'C:\Users\Carlos Diez\git\IS21.bets\Bets21\src\main\resources\bets.temp' has been recovered (tr. 1-30)

[2022-10-05 21:05:45 #2 store] 
Database 'C:\Users\Carlos Diez\git\IS21.bets\Bets21\src\main\resources\bets.temp' is opened by 3924@Carlosdi

[2022-10-05 21:05:45 #3 type] 
Type domain.Noticia is not enhanced.

[2022-10-05 21:05:45 #4 type] 
Type domain.Liga is not enhanced.

[2022-10-05 21:05:45 #5 type] 
Type domain.Equipo is not enhanced.

[2022-10-05 21:05:45 #6 type] 
Type domain.Event is not enhanced.

[2022-10-05 21:05:45 #7 type] 
Type domain.Comentarios is not enhanced.

[2022-10-05 21:05:45 #8 type] 
Type domain.Question is not enhanced.

[2022-10-05 21:05:45 #9 type] 
Type domain.Usuario is not enhanced.

[2022-10-05 21:05:45 #10 type] 
Type domain.Pronostico is not enhanced.

[2022-10-05 21:05:45 #11 type] 
Type domain.Entrada is not enhanced.

[2022-10-05 21:05:45 #12 type] 
Type domain.Bet is not enhanced.

------------------------------------------------------------------------------------------------------------------------

[2022-10-05 21:06:06 #1 store] 
Database 'C:\Users\Carlos Diez\git\IS21.bets\Bets21\src\main\resources\bets.temp' has been recovered (tr. 33-60)

[2022-10-05 21:06:06 #2 store] 
Database 'C:\Users\Carlos Diez\git\IS21.bets\Bets21\src\main\resources\bets.temp' is opened by 10636@Carlosdi

[2022-10-05 21:06:06 #3 type] 
Type domain.Noticia is not enhanced.

[2022-10-05 21:06:06 #4 type] 
Type domain.Liga is not enhanced.

[2022-10-05 21:06:06 #5 type] 
Type domain.Equipo is not enhanced.

[2022-10-05 21:06:06 #6 type] 
Type domain.Event is not enhanced.

[2022-10-05 21:06:06 #7 type] 
Type domain.Comentarios is not enhanced.

[2022-10-05 21:06:06 #8 type] 
Type domain.Question is not enhanced.

[2022-10-05 21:06:06 #9 type] 
Type domain.Usuario is not enhanced.

[2022-10-05 21:06:06 #10 type] 
Type domain.Pronostico is not enhanced.

[2022-10-05 21:06:06 #11 type] 
Type domain.Entrada is not enhanced.

[2022-10-05 21:06:06 #12 type] 
Type domain.Bet is not enhanced.

------------------------------------------------------------------------------------------------------------------------

[2022-10-05 21:06:46 #1 store] 
Database 'C:\Users\Carlos Diez\git\IS21.bets\Bets21\src\main\resources\bets.temp' is opened by 10756@Carlosdi

[2022-10-05 21:06:46 #2 type.registry] 
New type domain.Noticia

[2022-10-05 21:06:46 #3 type] 
Type domain.Noticia is not enhanced.

[2022-10-05 21:06:46 #4 type.registry] 
New type domain.Liga

[2022-10-05 21:06:46 #5 type] 
Type domain.Liga is not enhanced.

[2022-10-05 21:06:46 #6 type.registry] 
New type domain.Equipo

[2022-10-05 21:06:46 #7 type.registry] 
New type java.util.Vector<domain.Equipo>

[2022-10-05 21:06:46 #8 type] 
Type domain.Equipo is not enhanced.

[2022-10-05 21:06:46 #9 type.registry] 
New type domain.Event

[2022-10-05 21:06:46 #10 type.registry] 
New type java.util.Vector<domain.Event>

[2022-10-05 21:06:46 #11 type] 
Type domain.Event is not enhanced.

[2022-10-05 21:06:46 #12 type.registry] 
New type domain.Comentarios

[2022-10-05 21:06:46 #13 type.registry] 
New type java.util.Vector<domain.Comentarios>

[2022-10-05 21:06:46 #14 type.registry] 
New type domain.Question

[2022-10-05 21:06:46 #15 type.registry] 
New type java.util.Vector<domain.Question>

[2022-10-05 21:06:46 #16 type] 
Type domain.Comentarios is not enhanced.

[2022-10-05 21:06:46 #17 type.registry] 
New type domain.Usuario

[2022-10-05 21:06:46 #18 type] 
Type domain.Question is not enhanced.

[2022-10-05 21:06:46 #19 type.registry] 
New type domain.Pronostico

[2022-10-05 21:06:46 #20 type.registry] 
New type java.util.Vector<domain.Pronostico>

[2022-10-05 21:06:46 #21 type] 
Type domain.Usuario is not enhanced.

[2022-10-05 21:06:46 #22 type.registry] 
New type domain.Entrada

[2022-10-05 21:06:46 #23 type.registry] 
New type java.util.Vector<domain.Entrada>

[2022-10-05 21:06:46 #24 type.registry] 
New type domain.Bet

[2022-10-05 21:06:46 #25 type.registry] 
New type java.util.Vector<domain.Bet>

[2022-10-05 21:06:46 #26 type] 
Type domain.Pronostico is not enhanced.

[2022-10-05 21:06:46 #27 type] 
Type domain.Entrada is not enhanced.

[2022-10-05 21:06:46 #28 type] 
Type domain.Bet is not enhanced.

[2022-10-05 21:06:46 #29 type.registry] 
New type java.util.Vector<java.lang.Object>

------------------------------------------------------------------------------------------------------------------------

[2022-10-05 21:09:03 #1 store] 
Database 'C:\Users\Carlos Diez\git\IS21.bets\Bets21\src\main\resources\bets.temp' is opened by 10268@Carlosdi

[2022-10-05 21:09:03 #2 type.registry] 
New type domain.Noticia

[2022-10-05 21:09:03 #3 type] 
Type domain.Noticia is not enhanced.

[2022-10-05 21:09:03 #4 type.registry] 
New type domain.Liga

[2022-10-05 21:09:03 #5 type] 
Type domain.Liga is not enhanced.

[2022-10-05 21:09:03 #6 type.registry] 
New type domain.Equipo

[2022-10-05 21:09:03 #7 type.registry] 
New type java.util.Vector<domain.Equipo>

[2022-10-05 21:09:03 #8 type] 
Type domain.Equipo is not enhanced.

[2022-10-05 21:09:03 #9 type.registry] 
New type domain.Event

[2022-10-05 21:09:03 #10 type.registry] 
New type java.util.Vector<domain.Event>

[2022-10-05 21:09:03 #11 type] 
Type domain.Event is not enhanced.

[2022-10-05 21:09:03 #12 type.registry] 
New type domain.Comentarios

[2022-10-05 21:09:03 #13 type.registry] 
New type java.util.Vector<domain.Comentarios>

[2022-10-05 21:09:03 #14 type.registry] 
New type domain.Question

[2022-10-05 21:09:03 #15 type.registry] 
New type java.util.Vector<domain.Question>

[2022-10-05 21:09:03 #16 type] 
Type domain.Comentarios is not enhanced.

[2022-10-05 21:09:03 #17 type.registry] 
New type domain.Usuario

[2022-10-05 21:09:03 #18 type] 
Type domain.Question is not enhanced.

[2022-10-05 21:09:03 #19 type.registry] 
New type domain.Pronostico

[2022-10-05 21:09:03 #20 type.registry] 
New type java.util.Vector<domain.Pronostico>

[2022-10-05 21:09:03 #21 type] 
Type domain.Usuario is not enhanced.

[2022-10-05 21:09:03 #22 type.registry] 
New type domain.Entrada

[2022-10-05 21:09:03 #23 type.registry] 
New type java.util.Vector<domain.Entrada>

[2022-10-05 21:09:03 #24 type.registry] 
New type domain.Bet

[2022-10-05 21:09:03 #25 type.registry] 
New type java.util.Vector<domain.Bet>

[2022-10-05 21:09:03 #26 type] 
Type domain.Pronostico is not enhanced.

[2022-10-05 21:09:03 #27 type] 
Type domain.Entrada is not enhanced.

[2022-10-05 21:09:03 #28 type] 
Type domain.Bet is not enhanced.

[2022-10-05 21:09:03 #29 type.registry] 
New type java.util.Vector<java.lang.Object>

------------------------------------------------------------------------------------------------------------------------

[2022-10-05 21:11:42 #1 store] 
Database 'C:\Users\Carlos Diez\git\IS21.bets\Bets21\src\main\resources\bets.temp' is opened by 3056@Carlosdi

[2022-10-05 21:11:42 #2 type.registry] 
New type domain.Noticia

[2022-10-05 21:11:42 #3 type] 
Type domain.Noticia is not enhanced.

[2022-10-05 21:11:42 #4 type.registry] 
New type domain.Liga

[2022-10-05 21:11:42 #5 type] 
Type domain.Liga is not enhanced.

[2022-10-05 21:11:42 #6 type.registry] 
New type domain.Equipo

[2022-10-05 21:11:42 #7 type.registry] 
New type java.util.Vector<domain.Equipo>

[2022-10-05 21:11:42 #8 type] 
Type domain.Equipo is not enhanced.

[2022-10-05 21:11:42 #9 type.registry] 
New type domain.Event

[2022-10-05 21:11:42 #10 type.registry] 
New type java.util.Vector<domain.Event>

[2022-10-05 21:11:42 #11 type] 
Type domain.Event is not enhanced.

[2022-10-05 21:11:42 #12 type.registry] 
New type domain.Comentarios

[2022-10-05 21:11:42 #13 type.registry] 
New type java.util.Vector<domain.Comentarios>

[2022-10-05 21:11:42 #14 type.registry] 
New type domain.Question

[2022-10-05 21:11:42 #15 type.registry] 
New type java.util.Vector<domain.Question>

[2022-10-05 21:11:42 #16 type] 
Type domain.Comentarios is not enhanced.

[2022-10-05 21:11:42 #17 type.registry] 
New type domain.Usuario

[2022-10-05 21:11:42 #18 type] 
Type domain.Question is not enhanced.

[2022-10-05 21:11:42 #19 type.registry] 
New type domain.Pronostico

[2022-10-05 21:11:42 #20 type.registry] 
New type java.util.Vector<domain.Pronostico>

[2022-10-05 21:11:42 #21 type] 
Type domain.Usuario is not enhanced.

[2022-10-05 21:11:42 #22 type.registry] 
New type domain.Entrada

[2022-10-05 21:11:42 #23 type.registry] 
New type java.util.Vector<domain.Entrada>

[2022-10-05 21:11:42 #24 type.registry] 
New type domain.Bet

[2022-10-05 21:11:42 #25 type.registry] 
New type java.util.Vector<domain.Bet>

[2022-10-05 21:11:42 #26 type] 
Type domain.Pronostico is not enhanced.

[2022-10-05 21:11:42 #27 type] 
Type domain.Entrada is not enhanced.

[2022-10-05 21:11:42 #28 type] 
Type domain.Bet is not enhanced.

[2022-10-05 21:11:42 #29 type.registry] 
New type java.util.Vector<java.lang.Object>

------------------------------------------------------------------------------------------------------------------------

[2022-10-05 21:16:38 #1 store] 
Database 'C:\Users\Carlos Diez\git\IS21.bets\Bets21\src\main\resources\bets.temp' has been recovered (tr. 1-16)

[2022-10-05 21:16:38 #2 store] 
Database 'C:\Users\Carlos Diez\git\IS21.bets\Bets21\src\main\resources\bets.temp' is opened by 10896@Carlosdi

[2022-10-05 21:16:38 #3 type] 
Type domain.Noticia is not enhanced.

[2022-10-05 21:16:38 #4 type] 
Type domain.Liga is not enhanced.

[2022-10-05 21:16:38 #5 type] 
Type domain.Equipo is not enhanced.

[2022-10-05 21:16:38 #6 type] 
Type domain.Event is not enhanced.

[2022-10-05 21:16:38 #7 type] 
Type domain.Comentarios is not enhanced.

[2022-10-05 21:16:38 #8 type] 
Type domain.Question is not enhanced.

[2022-10-05 21:16:38 #9 type] 
Type domain.Usuario is not enhanced.

[2022-10-05 21:16:38 #10 type] 
Type domain.Pronostico is not enhanced.

[2022-10-05 21:16:38 #11 type] 
Type domain.Entrada is not enhanced.

[2022-10-05 21:16:38 #12 type] 
Type domain.Bet is not enhanced.

------------------------------------------------------------------------------------------------------------------------

[2022-10-05 21:17:10 #1 store] 
Database 'C:\Users\Carlos Diez\git\IS21.bets\Bets21\src\main\resources\bets.temp' has been recovered (tr. 19-58)

[2022-10-05 21:17:10 #2 store] 
Database 'C:\Users\Carlos Diez\git\IS21.bets\Bets21\src\main\resources\bets.temp' is opened by 4648@Carlosdi

[2022-10-05 21:17:10 #3 type] 
Type domain.Noticia is not enhanced.

[2022-10-05 21:17:10 #4 type] 
Type domain.Liga is not enhanced.

[2022-10-05 21:17:10 #5 type] 
Type domain.Equipo is not enhanced.

[2022-10-05 21:17:10 #6 type] 
Type domain.Event is not enhanced.

[2022-10-05 21:17:10 #7 type] 
Type domain.Comentarios is not enhanced.

[2022-10-05 21:17:10 #8 type] 
Type domain.Question is not enhanced.

[2022-10-05 21:17:10 #9 type] 
Type domain.Usuario is not enhanced.

[2022-10-05 21:17:10 #10 type] 
Type domain.Pronostico is not enhanced.

[2022-10-05 21:17:10 #11 type] 
Type domain.Entrada is not enhanced.

[2022-10-05 21:17:10 #12 type] 
Type domain.Bet is not enhanced.

------------------------------------------------------------------------------------------------------------------------

[2022-10-05 21:17:31 #1 store] 
Database 'C:\Users\Carlos Diez\git\IS21.bets\Bets21\src\main\resources\bets.temp' has been recovered (tr. 59-63)

[2022-10-05 21:17:31 #2 store] 
Database 'C:\Users\Carlos Diez\git\IS21.bets\Bets21\src\main\resources\bets.temp' is opened by 4588@Carlosdi

[2022-10-05 21:17:31 #3 type] 
Type domain.Noticia is not enhanced.

[2022-10-05 21:17:31 #4 type] 
Type domain.Liga is not enhanced.

[2022-10-05 21:17:31 #5 type] 
Type domain.Equipo is not enhanced.

[2022-10-05 21:17:31 #6 type] 
Type domain.Event is not enhanced.

[2022-10-05 21:17:31 #7 type] 
Type domain.Comentarios is not enhanced.

[2022-10-05 21:17:31 #8 type] 
Type domain.Question is not enhanced.

[2022-10-05 21:17:31 #9 type] 
Type domain.Usuario is not enhanced.

[2022-10-05 21:17:31 #10 type] 
Type domain.Pronostico is not enhanced.

[2022-10-05 21:17:31 #11 type] 
Type domain.Entrada is not enhanced.

[2022-10-05 21:17:31 #12 type] 
Type domain.Bet is not enhanced.

------------------------------------------------------------------------------------------------------------------------

[2022-10-05 21:17:44 #1 store] 
Database 'C:\Users\Carlos Diez\git\IS21.bets\Bets21\src\main\resources\bets.temp' has been recovered (tr. 66-102)

[2022-10-05 21:17:44 #2 store] 
Database 'C:\Users\Carlos Diez\git\IS21.bets\Bets21\src\main\resources\bets.temp' is opened by 6840@Carlosdi

[2022-10-05 21:17:45 #3 type] 
Type domain.Noticia is not enhanced.

[2022-10-05 21:17:45 #4 type] 
Type domain.Liga is not enhanced.

[2022-10-05 21:17:45 #5 type] 
Type domain.Equipo is not enhanced.

[2022-10-05 21:17:45 #6 type] 
Type domain.Event is not enhanced.

[2022-10-05 21:17:45 #7 type] 
Type domain.Comentarios is not enhanced.

[2022-10-05 21:17:45 #8 type] 
Type domain.Question is not enhanced.

[2022-10-05 21:17:45 #9 type] 
Type domain.Usuario is not enhanced.

[2022-10-05 21:17:45 #10 type] 
Type domain.Pronostico is not enhanced.

[2022-10-05 21:17:45 #11 type] 
Type domain.Entrada is not enhanced.

[2022-10-05 21:17:45 #12 type] 
Type domain.Bet is not enhanced.

------------------------------------------------------------------------------------------------------------------------

[2022-10-05 21:19:07 #1 store] 
Database 'C:\Users\Carlos Diez\git\IS21.bets\Bets21\src\main\resources\bets.temp' has been recovered (tr. 103-143)

[2022-10-05 21:19:07 #2 store] 
Database 'C:\Users\Carlos Diez\git\IS21.bets\Bets21\src\main\resources\bets.temp' is opened by 7772@Carlosdi

[2022-10-05 21:19:07 #3 type] 
Type domain.Noticia is not enhanced.

[2022-10-05 21:19:07 #4 type] 
Type domain.Liga is not enhanced.

[2022-10-05 21:19:07 #5 type] 
Type domain.Equipo is not enhanced.

[2022-10-05 21:19:07 #6 type] 
Type domain.Event is not enhanced.

[2022-10-05 21:19:07 #7 type] 
Type domain.Comentarios is not enhanced.

[2022-10-05 21:19:07 #8 type] 
Type domain.Question is not enhanced.

[2022-10-05 21:19:07 #9 type] 
Type domain.Usuario is not enhanced.

[2022-10-05 21:19:07 #10 type] 
Type domain.Pronostico is not enhanced.

[2022-10-05 21:19:07 #11 type] 
Type domain.Entrada is not enhanced.

[2022-10-05 21:19:07 #12 type] 
Type domain.Bet is not enhanced.

------------------------------------------------------------------------------------------------------------------------

[2022-10-05 21:19:45 #1 store] 
Database 'C:\Users\Carlos Diez\git\IS21.bets\Bets21\src\main\resources\bets.temp' has been recovered (tr. 144-185)

[2022-10-05 21:19:45 #2 store] 
Database 'C:\Users\Carlos Diez\git\IS21.bets\Bets21\src\main\resources\bets.temp' is opened by 11184@Carlosdi

[2022-10-05 21:19:45 #3 type] 
Type domain.Noticia is not enhanced.

[2022-10-05 21:19:45 #4 type] 
Type domain.Liga is not enhanced.

[2022-10-05 21:19:45 #5 type] 
Type domain.Equipo is not enhanced.

[2022-10-05 21:19:45 #6 type] 
Type domain.Event is not enhanced.

[2022-10-05 21:19:45 #7 type] 
Type domain.Comentarios is not enhanced.

[2022-10-05 21:19:45 #8 type] 
Type domain.Question is not enhanced.

[2022-10-05 21:19:45 #9 type] 
Type domain.Usuario is not enhanced.

[2022-10-05 21:19:45 #10 type] 
Type domain.Pronostico is not enhanced.

[2022-10-05 21:19:45 #11 type] 
Type domain.Entrada is not enhanced.

[2022-10-05 21:19:45 #12 type] 
Type domain.Bet is not enhanced.

