------------------------------------------------------------------------------------------------------------------------

[2022-10-08 21:07:45 #1 store] 
Database 'C:\Users\Carlos Diez\git\IS21.bets\Bets21\src\main\resources\bets.temp' has been recovered (tr. 186-234)

[2022-10-08 21:07:45 #2 store] 
Database 'C:\Users\Carlos Diez\git\IS21.bets\Bets21\src\main\resources\bets.temp' is opened by 944@Carlosdi

[2022-10-08 21:07:45 #3 type] 
Type domain.Noticia is not enhanced.

[2022-10-08 21:07:45 #4 type] 
Type domain.Liga is not enhanced.

[2022-10-08 21:07:45 #5 type] 
Type domain.Equipo is not enhanced.

[2022-10-08 21:07:45 #6 type] 
Type domain.Event is not enhanced.

[2022-10-08 21:07:45 #7 type] 
Type domain.Comentarios is not enhanced.

[2022-10-08 21:07:45 #8 type] 
Type domain.Question is not enhanced.

[2022-10-08 21:07:45 #9 type] 
Type domain.Usuario is not enhanced.

[2022-10-08 21:07:45 #10 type] 
Type domain.Pronostico is not enhanced.

[2022-10-08 21:07:45 #11 type] 
Type domain.Entrada is not enhanced.

[2022-10-08 21:07:45 #12 type] 
Type domain.Bet is not enhanced.

------------------------------------------------------------------------------------------------------------------------

[2022-10-08 23:00:08 #1 store] 
Database 'C:\Users\Carlos Diez\git\IS21.bets\Bets21\src\main\resources\bets.temp' has been recovered (tr. 235-283)

[2022-10-08 23:00:08 #2 store] 
Database 'C:\Users\Carlos Diez\git\IS21.bets\Bets21\src\main\resources\bets.temp' is opened by 7212@Carlosdi

[2022-10-08 23:00:08 #3 type] 
Type domain.Noticia is not enhanced.

[2022-10-08 23:00:08 #4 type] 
Type domain.Liga is not enhanced.

[2022-10-08 23:00:08 #5 type] 
Type domain.Equipo is not enhanced.

[2022-10-08 23:00:08 #6 type] 
Type domain.Event is not enhanced.

[2022-10-08 23:00:08 #7 type] 
Type domain.Comentarios is not enhanced.

[2022-10-08 23:00:09 #8 type] 
Type domain.Question is not enhanced.

[2022-10-08 23:00:09 #9 type] 
Type domain.Usuario is not enhanced.

[2022-10-08 23:00:09 #10 type] 
Type domain.Pronostico is not enhanced.

[2022-10-08 23:00:09 #11 type] 
Type domain.Entrada is not enhanced.

[2022-10-08 23:00:09 #12 type] 
Type domain.Bet is not enhanced.

------------------------------------------------------------------------------------------------------------------------

[2022-10-08 23:01:58 #1 store] 
Database 'C:\Users\Carlos Diez\git\IS21.bets\Bets21\src\main\resources\bets.temp' has been recovered (tr. 284-332)

[2022-10-08 23:01:58 #2 store] 
Database 'C:\Users\Carlos Diez\git\IS21.bets\Bets21\src\main\resources\bets.temp' is opened by 9912@Carlosdi

[2022-10-08 23:01:59 #3 type] 
Type domain.Noticia is not enhanced.

[2022-10-08 23:01:59 #4 type] 
Type domain.Liga is not enhanced.

[2022-10-08 23:01:59 #5 type] 
Type domain.Equipo is not enhanced.

[2022-10-08 23:01:59 #6 type] 
Type domain.Event is not enhanced.

[2022-10-08 23:01:59 #7 type] 
Type domain.Comentarios is not enhanced.

[2022-10-08 23:01:59 #8 type] 
Type domain.Question is not enhanced.

[2022-10-08 23:01:59 #9 type] 
Type domain.Usuario is not enhanced.

[2022-10-08 23:01:59 #10 type] 
Type domain.Pronostico is not enhanced.

[2022-10-08 23:01:59 #11 type] 
Type domain.Entrada is not enhanced.

[2022-10-08 23:01:59 #12 type] 
Type domain.Bet is not enhanced.

------------------------------------------------------------------------------------------------------------------------

[2022-10-08 23:02:18 #1 store] 
Database 'C:\Users\Carlos Diez\git\IS21.bets\Bets21\src\main\resources\bets.temp' has been recovered (tr. 333-381)

[2022-10-08 23:02:18 #2 store] 
Database 'C:\Users\Carlos Diez\git\IS21.bets\Bets21\src\main\resources\bets.temp' is opened by 696@Carlosdi

[2022-10-08 23:02:18 #3 type] 
Type domain.Noticia is not enhanced.

[2022-10-08 23:02:18 #4 type] 
Type domain.Liga is not enhanced.

[2022-10-08 23:02:18 #5 type] 
Type domain.Equipo is not enhanced.

[2022-10-08 23:02:18 #6 type] 
Type domain.Event is not enhanced.

[2022-10-08 23:02:18 #7 type] 
Type domain.Comentarios is not enhanced.

[2022-10-08 23:02:18 #8 type] 
Type domain.Question is not enhanced.

[2022-10-08 23:02:18 #9 type] 
Type domain.Usuario is not enhanced.

[2022-10-08 23:02:18 #10 type] 
Type domain.Pronostico is not enhanced.

[2022-10-08 23:02:18 #11 type] 
Type domain.Entrada is not enhanced.

[2022-10-08 23:02:18 #12 type] 
Type domain.Bet is not enhanced.

------------------------------------------------------------------------------------------------------------------------

[2022-10-08 23:04:42 #1 store] 
Database 'C:\Users\Carlos Diez\git\IS21.bets\Bets21\src\main\resources\bets.temp' has been recovered (tr. 382-430)

[2022-10-08 23:04:42 #2 store] 
Database 'C:\Users\Carlos Diez\git\IS21.bets\Bets21\src\main\resources\bets.temp' is opened by 6348@Carlosdi

[2022-10-08 23:04:42 #3 type] 
Type domain.Noticia is not enhanced.

[2022-10-08 23:04:42 #4 type] 
Type domain.Liga is not enhanced.

[2022-10-08 23:04:42 #5 type] 
Type domain.Equipo is not enhanced.

[2022-10-08 23:04:42 #6 type] 
Type domain.Event is not enhanced.

[2022-10-08 23:04:42 #7 type] 
Type domain.Comentarios is not enhanced.

[2022-10-08 23:04:42 #8 type] 
Type domain.Question is not enhanced.

[2022-10-08 23:04:42 #9 type] 
Type domain.Usuario is not enhanced.

[2022-10-08 23:04:42 #10 type] 
Type domain.Pronostico is not enhanced.

[2022-10-08 23:04:42 #11 type] 
Type domain.Entrada is not enhanced.

[2022-10-08 23:04:42 #12 type] 
Type domain.Bet is not enhanced.

------------------------------------------------------------------------------------------------------------------------

[2022-10-08 23:05:02 #1 store] 
Database 'C:\Users\Carlos Diez\git\IS21.bets\Bets21\src\main\resources\bets.temp' has been recovered (tr. 431-438)

[2022-10-08 23:05:02 #2 store] 
Database 'C:\Users\Carlos Diez\git\IS21.bets\Bets21\src\main\resources\bets.temp' is opened by 9732@Carlosdi

[2022-10-08 23:05:02 #3 type] 
Type domain.Noticia is not enhanced.

[2022-10-08 23:05:02 #4 type] 
Type domain.Liga is not enhanced.

[2022-10-08 23:05:02 #5 type] 
Type domain.Equipo is not enhanced.

[2022-10-08 23:05:02 #6 type] 
Type domain.Event is not enhanced.

[2022-10-08 23:05:02 #7 type] 
Type domain.Comentarios is not enhanced.

[2022-10-08 23:05:02 #8 type] 
Type domain.Question is not enhanced.

[2022-10-08 23:05:02 #9 type] 
Type domain.Usuario is not enhanced.

[2022-10-08 23:05:02 #10 type] 
Type domain.Pronostico is not enhanced.

[2022-10-08 23:05:02 #11 type] 
Type domain.Entrada is not enhanced.

[2022-10-08 23:05:02 #12 type] 
Type domain.Bet is not enhanced.

------------------------------------------------------------------------------------------------------------------------

[2022-10-08 23:05:39 #1 store] 
Database 'C:\Users\Carlos Diez\git\IS21.bets\Bets21\src\main\resources\bets.temp' has been recovered (tr. 439-446)

[2022-10-08 23:05:39 #2 store] 
Database 'C:\Users\Carlos Diez\git\IS21.bets\Bets21\src\main\resources\bets.temp' is opened by 11060@Carlosdi

[2022-10-08 23:05:39 #3 type] 
Type domain.Noticia is not enhanced.

[2022-10-08 23:05:39 #4 type] 
Type domain.Liga is not enhanced.

[2022-10-08 23:05:39 #5 type] 
Type domain.Equipo is not enhanced.

[2022-10-08 23:05:39 #6 type] 
Type domain.Event is not enhanced.

[2022-10-08 23:05:39 #7 type] 
Type domain.Comentarios is not enhanced.

[2022-10-08 23:05:39 #8 type] 
Type domain.Question is not enhanced.

[2022-10-08 23:05:39 #9 type] 
Type domain.Usuario is not enhanced.

[2022-10-08 23:05:39 #10 type] 
Type domain.Pronostico is not enhanced.

[2022-10-08 23:05:39 #11 type] 
Type domain.Entrada is not enhanced.

[2022-10-08 23:05:39 #12 type] 
Type domain.Bet is not enhanced.

------------------------------------------------------------------------------------------------------------------------

[2022-10-08 23:07:25 #1 store] 
Database 'C:\Users\Carlos Diez\git\IS21.bets\Bets21\src\main\resources\bets.temp' has been recovered (tr. 447-454)

[2022-10-08 23:07:25 #2 store] 
Database 'C:\Users\Carlos Diez\git\IS21.bets\Bets21\src\main\resources\bets.temp' is opened by 5556@Carlosdi

[2022-10-08 23:07:25 #3 type] 
Type domain.Noticia is not enhanced.

[2022-10-08 23:07:25 #4 type] 
Type domain.Liga is not enhanced.

[2022-10-08 23:07:25 #5 type] 
Type domain.Equipo is not enhanced.

[2022-10-08 23:07:25 #6 type] 
Type domain.Event is not enhanced.

[2022-10-08 23:07:25 #7 type] 
Type domain.Comentarios is not enhanced.

[2022-10-08 23:07:25 #8 type] 
Type domain.Question is not enhanced.

[2022-10-08 23:07:25 #9 type] 
Type domain.Usuario is not enhanced.

[2022-10-08 23:07:25 #10 type] 
Type domain.Pronostico is not enhanced.

[2022-10-08 23:07:25 #11 type] 
Type domain.Entrada is not enhanced.

[2022-10-08 23:07:25 #12 type] 
Type domain.Bet is not enhanced.

------------------------------------------------------------------------------------------------------------------------

[2022-10-08 23:08:00 #1 store] 
Database 'C:\Users\Carlos Diez\git\IS21.bets\Bets21\src\main\resources\bets.temp' has been recovered (tr. 455-474)

[2022-10-08 23:08:00 #2 store] 
Database 'C:\Users\Carlos Diez\git\IS21.bets\Bets21\src\main\resources\bets.temp' is opened by 7032@Carlosdi

[2022-10-08 23:08:00 #3 type] 
Type domain.Noticia is not enhanced.

[2022-10-08 23:08:00 #4 type] 
Type domain.Liga is not enhanced.

[2022-10-08 23:08:00 #5 type] 
Type domain.Equipo is not enhanced.

[2022-10-08 23:08:00 #6 type] 
Type domain.Event is not enhanced.

[2022-10-08 23:08:00 #7 type] 
Type domain.Comentarios is not enhanced.

[2022-10-08 23:08:00 #8 type] 
Type domain.Question is not enhanced.

[2022-10-08 23:08:00 #9 type] 
Type domain.Usuario is not enhanced.

[2022-10-08 23:08:00 #10 type] 
Type domain.Pronostico is not enhanced.

[2022-10-08 23:08:00 #11 type] 
Type domain.Entrada is not enhanced.

[2022-10-08 23:08:00 #12 type] 
Type domain.Bet is not enhanced.

------------------------------------------------------------------------------------------------------------------------

[2022-10-08 23:09:28 #1 store] 
Database 'C:\Users\Carlos Diez\git\IS21.bets\Bets21\src\main\resources\bets.temp' has been recovered (tr. 475-494)

[2022-10-08 23:09:29 #2 store] 
Database 'C:\Users\Carlos Diez\git\IS21.bets\Bets21\src\main\resources\bets.temp' is opened by 2128@Carlosdi

[2022-10-08 23:09:29 #3 type] 
Type domain.Noticia is not enhanced.

[2022-10-08 23:09:29 #4 type] 
Type domain.Liga is not enhanced.

[2022-10-08 23:09:29 #5 type] 
Type domain.Equipo is not enhanced.

[2022-10-08 23:09:29 #6 type] 
Type domain.Event is not enhanced.

[2022-10-08 23:09:29 #7 type] 
Type domain.Comentarios is not enhanced.

[2022-10-08 23:09:29 #8 type] 
Type domain.Question is not enhanced.

[2022-10-08 23:09:29 #9 type] 
Type domain.Usuario is not enhanced.

[2022-10-08 23:09:29 #10 type] 
Type domain.Pronostico is not enhanced.

[2022-10-08 23:09:29 #11 type] 
Type domain.Entrada is not enhanced.

[2022-10-08 23:09:29 #12 type] 
Type domain.Bet is not enhanced.

------------------------------------------------------------------------------------------------------------------------

[2022-10-08 23:10:40 #1 store] 
Database 'C:\Users\Carlos Diez\git\IS21.bets\Bets21\src\main\resources\bets.temp' has been recovered (tr. 495-514)

[2022-10-08 23:10:40 #2 store] 
Database 'C:\Users\Carlos Diez\git\IS21.bets\Bets21\src\main\resources\bets.temp' is opened by 8836@Carlosdi

[2022-10-08 23:10:40 #3 type] 
Type domain.Noticia is not enhanced.

[2022-10-08 23:10:40 #4 type] 
Type domain.Liga is not enhanced.

[2022-10-08 23:10:40 #5 type] 
Type domain.Equipo is not enhanced.

[2022-10-08 23:10:40 #6 type] 
Type domain.Event is not enhanced.

[2022-10-08 23:10:40 #7 type] 
Type domain.Comentarios is not enhanced.

[2022-10-08 23:10:40 #8 type] 
Type domain.Question is not enhanced.

[2022-10-08 23:10:40 #9 type] 
Type domain.Usuario is not enhanced.

[2022-10-08 23:10:40 #10 type] 
Type domain.Pronostico is not enhanced.

[2022-10-08 23:10:40 #11 type] 
Type domain.Entrada is not enhanced.

[2022-10-08 23:10:40 #12 type] 
Type domain.Bet is not enhanced.

------------------------------------------------------------------------------------------------------------------------

[2022-10-08 23:12:13 #1 store] 
Database 'C:\Users\Carlos Diez\git\IS21.bets\Bets21\src\main\resources\bets.temp' has been recovered (tr. 515-538)

[2022-10-08 23:12:13 #2 store] 
Database 'C:\Users\Carlos Diez\git\IS21.bets\Bets21\src\main\resources\bets.temp' is opened by 6488@Carlosdi

[2022-10-08 23:12:13 #3 type] 
Type domain.Noticia is not enhanced.

[2022-10-08 23:12:13 #4 type] 
Type domain.Liga is not enhanced.

[2022-10-08 23:12:13 #5 type] 
Type domain.Equipo is not enhanced.

[2022-10-08 23:12:13 #6 type] 
Type domain.Event is not enhanced.

[2022-10-08 23:12:13 #7 type] 
Type domain.Comentarios is not enhanced.

[2022-10-08 23:12:13 #8 type] 
Type domain.Question is not enhanced.

[2022-10-08 23:12:13 #9 type] 
Type domain.Usuario is not enhanced.

[2022-10-08 23:12:13 #10 type] 
Type domain.Pronostico is not enhanced.

[2022-10-08 23:12:13 #11 type] 
Type domain.Entrada is not enhanced.

[2022-10-08 23:12:13 #12 type] 
Type domain.Bet is not enhanced.

------------------------------------------------------------------------------------------------------------------------

[2022-10-08 23:14:20 #1 store] 
Database 'C:\Users\Carlos Diez\git\IS21.bets\Bets21\src\main\resources\bets.temp' has been recovered (tr. 539-567)

[2022-10-08 23:14:20 #2 store] 
Database 'C:\Users\Carlos Diez\git\IS21.bets\Bets21\src\main\resources\bets.temp' is opened by 6188@Carlosdi

[2022-10-08 23:14:20 #3 type] 
Type domain.Noticia is not enhanced.

[2022-10-08 23:14:20 #4 type] 
Type domain.Liga is not enhanced.

[2022-10-08 23:14:20 #5 type] 
Type domain.Equipo is not enhanced.

[2022-10-08 23:14:20 #6 type] 
Type domain.Event is not enhanced.

[2022-10-08 23:14:20 #7 type] 
Type domain.Comentarios is not enhanced.

[2022-10-08 23:14:20 #8 type] 
Type domain.Question is not enhanced.

[2022-10-08 23:14:20 #9 type] 
Type domain.Usuario is not enhanced.

[2022-10-08 23:14:20 #10 type] 
Type domain.Pronostico is not enhanced.

[2022-10-08 23:14:20 #11 type] 
Type domain.Entrada is not enhanced.

[2022-10-08 23:14:20 #12 type] 
Type domain.Bet is not enhanced.

------------------------------------------------------------------------------------------------------------------------

[2022-10-08 23:14:37 #1 store] 
Database 'C:\Users\Carlos Diez\git\IS21.bets\Bets21\src\main\resources\bets.temp' has been recovered (tr. 568-595)

[2022-10-08 23:14:37 #2 store] 
Database 'C:\Users\Carlos Diez\git\IS21.bets\Bets21\src\main\resources\bets.temp' is opened by 6400@Carlosdi

[2022-10-08 23:14:37 #3 type] 
Type domain.Noticia is not enhanced.

[2022-10-08 23:14:37 #4 type] 
Type domain.Liga is not enhanced.

[2022-10-08 23:14:37 #5 type] 
Type domain.Equipo is not enhanced.

[2022-10-08 23:14:37 #6 type] 
Type domain.Event is not enhanced.

[2022-10-08 23:14:37 #7 type] 
Type domain.Comentarios is not enhanced.

[2022-10-08 23:14:37 #8 type] 
Type domain.Question is not enhanced.

[2022-10-08 23:14:37 #9 type] 
Type domain.Usuario is not enhanced.

[2022-10-08 23:14:37 #10 type] 
Type domain.Pronostico is not enhanced.

[2022-10-08 23:14:37 #11 type] 
Type domain.Entrada is not enhanced.

[2022-10-08 23:14:37 #12 type] 
Type domain.Bet is not enhanced.

------------------------------------------------------------------------------------------------------------------------

[2022-10-08 23:17:49 #1 store] 
Database 'C:\Users\Carlos Diez\git\IS21.bets\Bets21\src\main\resources\bets.temp' has been recovered (tr. 596-597)

[2022-10-08 23:17:49 #2 store] 
Database 'C:\Users\Carlos Diez\git\IS21.bets\Bets21\src\main\resources\bets.temp' is opened by 5260@Carlosdi

[2022-10-08 23:17:50 #3 type] 
Type domain.Noticia is not enhanced.

[2022-10-08 23:17:50 #4 type] 
Type domain.Liga is not enhanced.

[2022-10-08 23:17:50 #5 type] 
Type domain.Equipo is not enhanced.

[2022-10-08 23:17:50 #6 type] 
Type domain.Event is not enhanced.

[2022-10-08 23:17:50 #7 type] 
Type domain.Comentarios is not enhanced.

[2022-10-08 23:17:50 #8 type] 
Type domain.Question is not enhanced.

[2022-10-08 23:17:50 #9 type] 
Type domain.Usuario is not enhanced.

[2022-10-08 23:17:50 #10 type] 
Type domain.Pronostico is not enhanced.

[2022-10-08 23:17:50 #11 type] 
Type domain.Entrada is not enhanced.

[2022-10-08 23:17:50 #12 type] 
Type domain.Bet is not enhanced.

------------------------------------------------------------------------------------------------------------------------

[2022-10-08 23:19:05 #1 store] 
Database 'C:\Users\Carlos Diez\git\IS21.bets\Bets21\src\main\resources\bets.temp' has been recovered (tr. 600-625)

[2022-10-08 23:19:05 #2 store] 
Database 'C:\Users\Carlos Diez\git\IS21.bets\Bets21\src\main\resources\bets.temp' is opened by 8516@Carlosdi

[2022-10-08 23:19:06 #3 type] 
Type domain.Noticia is not enhanced.

[2022-10-08 23:19:06 #4 type] 
Type domain.Liga is not enhanced.

[2022-10-08 23:19:06 #5 type] 
Type domain.Equipo is not enhanced.

[2022-10-08 23:19:06 #6 type] 
Type domain.Event is not enhanced.

[2022-10-08 23:19:06 #7 type] 
Type domain.Comentarios is not enhanced.

[2022-10-08 23:19:06 #8 type] 
Type domain.Question is not enhanced.

[2022-10-08 23:19:06 #9 type] 
Type domain.Usuario is not enhanced.

[2022-10-08 23:19:06 #10 type] 
Type domain.Pronostico is not enhanced.

[2022-10-08 23:19:06 #11 type] 
Type domain.Entrada is not enhanced.

[2022-10-08 23:19:06 #12 type] 
Type domain.Bet is not enhanced.

------------------------------------------------------------------------------------------------------------------------

[2022-10-08 23:19:16 #1 store] 
Database 'C:\Users\Carlos Diez\git\IS21.bets\Bets21\src\main\resources\bets.temp' has been recovered (tr. 626-649)

[2022-10-08 23:19:16 #2 store] 
Database 'C:\Users\Carlos Diez\git\IS21.bets\Bets21\src\main\resources\bets.temp' is opened by 9724@Carlosdi

[2022-10-08 23:19:16 #3 type] 
Type domain.Noticia is not enhanced.

[2022-10-08 23:19:16 #4 type] 
Type domain.Liga is not enhanced.

[2022-10-08 23:19:16 #5 type] 
Type domain.Equipo is not enhanced.

[2022-10-08 23:19:16 #6 type] 
Type domain.Event is not enhanced.

[2022-10-08 23:19:16 #7 type] 
Type domain.Comentarios is not enhanced.

[2022-10-08 23:19:16 #8 type] 
Type domain.Question is not enhanced.

[2022-10-08 23:19:16 #9 type] 
Type domain.Usuario is not enhanced.

[2022-10-08 23:19:16 #10 type] 
Type domain.Pronostico is not enhanced.

[2022-10-08 23:19:16 #11 type] 
Type domain.Entrada is not enhanced.

[2022-10-08 23:19:16 #12 type] 
Type domain.Bet is not enhanced.

------------------------------------------------------------------------------------------------------------------------

[2022-10-08 23:19:31 #1 store] 
Database 'C:\Users\Carlos Diez\git\IS21.bets\Bets21\src\main\resources\bets.temp' has been recovered (tr. 650-680)

[2022-10-08 23:19:31 #2 store] 
Database 'C:\Users\Carlos Diez\git\IS21.bets\Bets21\src\main\resources\bets.temp' is opened by 8692@Carlosdi

[2022-10-08 23:19:31 #3 type] 
Type domain.Noticia is not enhanced.

[2022-10-08 23:19:31 #4 type] 
Type domain.Liga is not enhanced.

[2022-10-08 23:19:31 #5 type] 
Type domain.Equipo is not enhanced.

[2022-10-08 23:19:31 #6 type] 
Type domain.Event is not enhanced.

[2022-10-08 23:19:31 #7 type] 
Type domain.Comentarios is not enhanced.

[2022-10-08 23:19:31 #8 type] 
Type domain.Question is not enhanced.

[2022-10-08 23:19:31 #9 type] 
Type domain.Usuario is not enhanced.

[2022-10-08 23:19:31 #10 type] 
Type domain.Pronostico is not enhanced.

[2022-10-08 23:19:31 #11 type] 
Type domain.Entrada is not enhanced.

[2022-10-08 23:19:31 #12 type] 
Type domain.Bet is not enhanced.

------------------------------------------------------------------------------------------------------------------------

[2022-10-08 23:22:26 #1 store] 
Database 'C:\Users\Carlos Diez\git\IS21.bets\Bets21\src\main\resources\bets.temp' has been recovered (tr. 681-711)

[2022-10-08 23:22:26 #2 store] 
Database 'C:\Users\Carlos Diez\git\IS21.bets\Bets21\src\main\resources\bets.temp' is opened by 12804@Carlosdi

[2022-10-08 23:22:26 #3 type] 
Type domain.Noticia is not enhanced.

[2022-10-08 23:22:26 #4 type] 
Type domain.Liga is not enhanced.

[2022-10-08 23:22:26 #5 type] 
Type domain.Equipo is not enhanced.

[2022-10-08 23:22:26 #6 type] 
Type domain.Event is not enhanced.

[2022-10-08 23:22:26 #7 type] 
Type domain.Comentarios is not enhanced.

[2022-10-08 23:22:26 #8 type] 
Type domain.Question is not enhanced.

[2022-10-08 23:22:26 #9 type] 
Type domain.Usuario is not enhanced.

[2022-10-08 23:22:26 #10 type] 
Type domain.Pronostico is not enhanced.

[2022-10-08 23:22:26 #11 type] 
Type domain.Entrada is not enhanced.

[2022-10-08 23:22:26 #12 type] 
Type domain.Bet is not enhanced.

------------------------------------------------------------------------------------------------------------------------

[2022-10-08 23:22:46 #1 store] 
Database 'C:\Users\Carlos Diez\git\IS21.bets\Bets21\src\main\resources\bets.temp' has been recovered (tr. 712-746)

[2022-10-08 23:22:46 #2 store] 
Database 'C:\Users\Carlos Diez\git\IS21.bets\Bets21\src\main\resources\bets.temp' is opened by 8088@Carlosdi

[2022-10-08 23:22:47 #3 type] 
Type domain.Noticia is not enhanced.

[2022-10-08 23:22:47 #4 type] 
Type domain.Liga is not enhanced.

[2022-10-08 23:22:47 #5 type] 
Type domain.Equipo is not enhanced.

[2022-10-08 23:22:47 #6 type] 
Type domain.Event is not enhanced.

[2022-10-08 23:22:47 #7 type] 
Type domain.Comentarios is not enhanced.

[2022-10-08 23:22:47 #8 type] 
Type domain.Question is not enhanced.

[2022-10-08 23:22:47 #9 type] 
Type domain.Usuario is not enhanced.

[2022-10-08 23:22:47 #10 type] 
Type domain.Pronostico is not enhanced.

[2022-10-08 23:22:47 #11 type] 
Type domain.Entrada is not enhanced.

[2022-10-08 23:22:47 #12 type] 
Type domain.Bet is not enhanced.

------------------------------------------------------------------------------------------------------------------------

[2022-10-08 23:23:46 #1 store] 
Database 'C:\Users\Carlos Diez\git\IS21.bets\Bets21\src\main\resources\bets.temp' has been recovered (tr. 747-781)

[2022-10-08 23:23:46 #2 store] 
Database 'C:\Users\Carlos Diez\git\IS21.bets\Bets21\src\main\resources\bets.temp' is opened by 12772@Carlosdi

[2022-10-08 23:23:46 #3 type] 
Type domain.Noticia is not enhanced.

[2022-10-08 23:23:46 #4 type] 
Type domain.Liga is not enhanced.

[2022-10-08 23:23:46 #5 type] 
Type domain.Equipo is not enhanced.

[2022-10-08 23:23:46 #6 type] 
Type domain.Event is not enhanced.

[2022-10-08 23:23:46 #7 type] 
Type domain.Comentarios is not enhanced.

[2022-10-08 23:23:46 #8 type] 
Type domain.Question is not enhanced.

[2022-10-08 23:23:46 #9 type] 
Type domain.Usuario is not enhanced.

[2022-10-08 23:23:46 #10 type] 
Type domain.Pronostico is not enhanced.

[2022-10-08 23:23:46 #11 type] 
Type domain.Entrada is not enhanced.

[2022-10-08 23:23:46 #12 type] 
Type domain.Bet is not enhanced.

------------------------------------------------------------------------------------------------------------------------

[2022-10-08 23:23:59 #1 store] 
Database 'C:\Users\Carlos Diez\git\IS21.bets\Bets21\src\main\resources\bets.temp' has been recovered (tr. 782-827)

[2022-10-08 23:24:00 #2 store] 
Database 'C:\Users\Carlos Diez\git\IS21.bets\Bets21\src\main\resources\bets.temp' is opened by 5396@Carlosdi

[2022-10-08 23:24:00 #3 type] 
Type domain.Noticia is not enhanced.

[2022-10-08 23:24:00 #4 type] 
Type domain.Liga is not enhanced.

[2022-10-08 23:24:00 #5 type] 
Type domain.Equipo is not enhanced.

[2022-10-08 23:24:00 #6 type] 
Type domain.Event is not enhanced.

[2022-10-08 23:24:00 #7 type] 
Type domain.Comentarios is not enhanced.

[2022-10-08 23:24:00 #8 type] 
Type domain.Question is not enhanced.

[2022-10-08 23:24:00 #9 type] 
Type domain.Usuario is not enhanced.

[2022-10-08 23:24:00 #10 type] 
Type domain.Pronostico is not enhanced.

[2022-10-08 23:24:00 #11 type] 
Type domain.Entrada is not enhanced.

[2022-10-08 23:24:00 #12 type] 
Type domain.Bet is not enhanced.

------------------------------------------------------------------------------------------------------------------------

[2022-10-08 23:24:13 #1 store] 
Database 'C:\Users\Carlos Diez\git\IS21.bets\Bets21\src\main\resources\bets.temp' has been recovered (tr. 828-873)

[2022-10-08 23:24:13 #2 store] 
Database 'C:\Users\Carlos Diez\git\IS21.bets\Bets21\src\main\resources\bets.temp' is opened by 1620@Carlosdi

[2022-10-08 23:24:14 #3 type] 
Type domain.Noticia is not enhanced.

[2022-10-08 23:24:14 #4 type] 
Type domain.Liga is not enhanced.

[2022-10-08 23:24:14 #5 type] 
Type domain.Equipo is not enhanced.

[2022-10-08 23:24:14 #6 type] 
Type domain.Event is not enhanced.

[2022-10-08 23:24:14 #7 type] 
Type domain.Comentarios is not enhanced.

[2022-10-08 23:24:14 #8 type] 
Type domain.Question is not enhanced.

[2022-10-08 23:24:14 #9 type] 
Type domain.Usuario is not enhanced.

[2022-10-08 23:24:14 #10 type] 
Type domain.Pronostico is not enhanced.

[2022-10-08 23:24:14 #11 type] 
Type domain.Entrada is not enhanced.

[2022-10-08 23:24:14 #12 type] 
Type domain.Bet is not enhanced.

------------------------------------------------------------------------------------------------------------------------

[2022-10-08 23:25:34 #1 store] 
Database 'C:\Users\Carlos Diez\git\IS21.bets\Bets21\src\main\resources\bets.temp' has been recovered (tr. 874-919)

[2022-10-08 23:25:34 #2 store] 
Database 'C:\Users\Carlos Diez\git\IS21.bets\Bets21\src\main\resources\bets.temp' is opened by 8596@Carlosdi

[2022-10-08 23:25:35 #3 type] 
Type domain.Noticia is not enhanced.

[2022-10-08 23:25:35 #4 type] 
Type domain.Liga is not enhanced.

[2022-10-08 23:25:35 #5 type] 
Type domain.Equipo is not enhanced.

[2022-10-08 23:25:35 #6 type] 
Type domain.Event is not enhanced.

[2022-10-08 23:25:35 #7 type] 
Type domain.Comentarios is not enhanced.

[2022-10-08 23:25:35 #8 type] 
Type domain.Question is not enhanced.

[2022-10-08 23:25:35 #9 type] 
Type domain.Usuario is not enhanced.

[2022-10-08 23:25:35 #10 type] 
Type domain.Pronostico is not enhanced.

[2022-10-08 23:25:35 #11 type] 
Type domain.Entrada is not enhanced.

[2022-10-08 23:25:35 #12 type] 
Type domain.Bet is not enhanced.

------------------------------------------------------------------------------------------------------------------------

[2022-10-08 23:27:14 #1 store] 
Database 'C:\Users\Carlos Diez\git\IS21.bets\Bets21\src\main\resources\bets.temp' has been recovered (tr. 920-962)

[2022-10-08 23:27:14 #2 store] 
Database 'C:\Users\Carlos Diez\git\IS21.bets\Bets21\src\main\resources\bets.temp' is opened by 11632@Carlosdi

[2022-10-08 23:27:14 #3 type] 
Type domain.Noticia is not enhanced.

[2022-10-08 23:27:14 #4 type] 
Type domain.Liga is not enhanced.

[2022-10-08 23:27:14 #5 type] 
Type domain.Equipo is not enhanced.

[2022-10-08 23:27:14 #6 type] 
Type domain.Event is not enhanced.

[2022-10-08 23:27:14 #7 type] 
Type domain.Comentarios is not enhanced.

[2022-10-08 23:27:14 #8 type] 
Type domain.Question is not enhanced.

[2022-10-08 23:27:14 #9 type] 
Type domain.Usuario is not enhanced.

[2022-10-08 23:27:14 #10 type] 
Type domain.Pronostico is not enhanced.

[2022-10-08 23:27:14 #11 type] 
Type domain.Entrada is not enhanced.

[2022-10-08 23:27:14 #12 type] 
Type domain.Bet is not enhanced.

------------------------------------------------------------------------------------------------------------------------

[2022-10-08 23:30:51 #1 store] 
Database 'C:\Users\Carlos Diez\git\IS21.bets\Bets21\src\main\resources\bets.temp' has been recovered (tr. 963-1004)

[2022-10-08 23:30:51 #2 store] 
Database 'C:\Users\Carlos Diez\git\IS21.bets\Bets21\src\main\resources\bets.temp' is opened by 7196@Carlosdi

[2022-10-08 23:30:52 #3 type] 
Type domain.Noticia is not enhanced.

[2022-10-08 23:30:52 #4 type] 
Type domain.Liga is not enhanced.

[2022-10-08 23:30:52 #5 type] 
Type domain.Equipo is not enhanced.

[2022-10-08 23:30:52 #6 type] 
Type domain.Event is not enhanced.

[2022-10-08 23:30:52 #7 type] 
Type domain.Comentarios is not enhanced.

[2022-10-08 23:30:52 #8 type] 
Type domain.Question is not enhanced.

[2022-10-08 23:30:52 #9 type] 
Type domain.Usuario is not enhanced.

[2022-10-08 23:30:52 #10 type] 
Type domain.Pronostico is not enhanced.

[2022-10-08 23:30:52 #11 type] 
Type domain.Entrada is not enhanced.

[2022-10-08 23:30:52 #12 type] 
Type domain.Bet is not enhanced.

------------------------------------------------------------------------------------------------------------------------

[2022-10-08 23:35:05 #1 store] 
Database 'C:\Users\Carlos Diez\git\IS21.bets\Bets21\src\main\resources\bets.temp' has been recovered (tr. 1005-1046)

[2022-10-08 23:35:05 #2 store] 
Database 'C:\Users\Carlos Diez\git\IS21.bets\Bets21\src\main\resources\bets.temp' is opened by 10936@Carlosdi

[2022-10-08 23:35:06 #3 type] 
Type domain.Noticia is not enhanced.

[2022-10-08 23:35:06 #4 type] 
Type domain.Liga is not enhanced.

[2022-10-08 23:35:06 #5 type] 
Type domain.Equipo is not enhanced.

[2022-10-08 23:35:06 #6 type] 
Type domain.Event is not enhanced.

[2022-10-08 23:35:06 #7 type] 
Type domain.Comentarios is not enhanced.

[2022-10-08 23:35:06 #8 type] 
Type domain.Question is not enhanced.

[2022-10-08 23:35:06 #9 type] 
Type domain.Usuario is not enhanced.

[2022-10-08 23:35:06 #10 type] 
Type domain.Pronostico is not enhanced.

[2022-10-08 23:35:06 #11 type] 
Type domain.Entrada is not enhanced.

[2022-10-08 23:35:06 #12 type] 
Type domain.Bet is not enhanced.

------------------------------------------------------------------------------------------------------------------------

[2022-10-08 23:40:13 #1 store] 
Database 'C:\Users\Carlos Diez\git\IS21.bets\Bets21\src\main\resources\bets.temp' has been recovered (tr. 1047-1095)

[2022-10-08 23:40:13 #2 store] 
Database 'C:\Users\Carlos Diez\git\IS21.bets\Bets21\src\main\resources\bets.temp' is opened by 3760@Carlosdi

[2022-10-08 23:40:13 #3 type] 
Type domain.Noticia is not enhanced.

[2022-10-08 23:40:13 #4 type] 
Type domain.Liga is not enhanced.

[2022-10-08 23:40:13 #5 type] 
Type domain.Equipo is not enhanced.

[2022-10-08 23:40:13 #6 type] 
Type domain.Event is not enhanced.

[2022-10-08 23:40:13 #7 type] 
Type domain.Comentarios is not enhanced.

[2022-10-08 23:40:13 #8 type] 
Type domain.Question is not enhanced.

[2022-10-08 23:40:13 #9 type] 
Type domain.Usuario is not enhanced.

[2022-10-08 23:40:13 #10 type] 
Type domain.Pronostico is not enhanced.

[2022-10-08 23:40:13 #11 type] 
Type domain.Entrada is not enhanced.

[2022-10-08 23:40:13 #12 type] 
Type domain.Bet is not enhanced.

------------------------------------------------------------------------------------------------------------------------

[2022-10-08 23:43:02 #1 store] 
Database 'C:\Users\Carlos Diez\git\IS21.bets\Bets21\src\main\resources\bets.temp' has been recovered (tr. 1096-1151)

[2022-10-08 23:43:02 #2 store] 
Database 'C:\Users\Carlos Diez\git\IS21.bets\Bets21\src\main\resources\bets.temp' is opened by 7772@Carlosdi

[2022-10-08 23:43:03 #3 type] 
Type domain.Noticia is not enhanced.

[2022-10-08 23:43:03 #4 type] 
Type domain.Liga is not enhanced.

[2022-10-08 23:43:03 #5 type] 
Type domain.Equipo is not enhanced.

[2022-10-08 23:43:03 #6 type] 
Type domain.Event is not enhanced.

[2022-10-08 23:43:03 #7 type] 
Type domain.Comentarios is not enhanced.

[2022-10-08 23:43:03 #8 type] 
Type domain.Question is not enhanced.

[2022-10-08 23:43:03 #9 type] 
Type domain.Usuario is not enhanced.

[2022-10-08 23:43:03 #10 type] 
Type domain.Pronostico is not enhanced.

[2022-10-08 23:43:03 #11 type] 
Type domain.Entrada is not enhanced.

[2022-10-08 23:43:03 #12 type] 
Type domain.Bet is not enhanced.

------------------------------------------------------------------------------------------------------------------------

[2022-10-08 23:43:59 #1 store] 
Database 'C:\Users\Carlos Diez\git\IS21.bets\Bets21\src\main\resources\bets.temp' has been recovered (tr. 1152-1202)

[2022-10-08 23:43:59 #2 store] 
Database 'C:\Users\Carlos Diez\git\IS21.bets\Bets21\src\main\resources\bets.temp' is opened by 9196@Carlosdi

[2022-10-08 23:43:59 #3 type] 
Type domain.Noticia is not enhanced.

[2022-10-08 23:43:59 #4 type] 
Type domain.Liga is not enhanced.

[2022-10-08 23:43:59 #5 type] 
Type domain.Equipo is not enhanced.

[2022-10-08 23:43:59 #6 type] 
Type domain.Event is not enhanced.

[2022-10-08 23:43:59 #7 type] 
Type domain.Comentarios is not enhanced.

[2022-10-08 23:43:59 #8 type] 
Type domain.Question is not enhanced.

[2022-10-08 23:43:59 #9 type] 
Type domain.Usuario is not enhanced.

[2022-10-08 23:43:59 #10 type] 
Type domain.Pronostico is not enhanced.

[2022-10-08 23:43:59 #11 type] 
Type domain.Entrada is not enhanced.

[2022-10-08 23:43:59 #12 type] 
Type domain.Bet is not enhanced.

------------------------------------------------------------------------------------------------------------------------

[2022-10-08 23:44:17 #1 store] 
Database 'C:\Users\Carlos Diez\git\IS21.bets\Bets21\src\main\resources\bets.temp' has been recovered (tr. 1203-1253)

[2022-10-08 23:44:17 #2 store] 
Database 'C:\Users\Carlos Diez\git\IS21.bets\Bets21\src\main\resources\bets.temp' is opened by 12476@Carlosdi

[2022-10-08 23:44:17 #3 type] 
Type domain.Noticia is not enhanced.

[2022-10-08 23:44:17 #4 type] 
Type domain.Liga is not enhanced.

[2022-10-08 23:44:17 #5 type] 
Type domain.Equipo is not enhanced.

[2022-10-08 23:44:17 #6 type] 
Type domain.Event is not enhanced.

[2022-10-08 23:44:17 #7 type] 
Type domain.Comentarios is not enhanced.

[2022-10-08 23:44:17 #8 type] 
Type domain.Question is not enhanced.

[2022-10-08 23:44:17 #9 type] 
Type domain.Usuario is not enhanced.

[2022-10-08 23:44:17 #10 type] 
Type domain.Pronostico is not enhanced.

[2022-10-08 23:44:17 #11 type] 
Type domain.Entrada is not enhanced.

[2022-10-08 23:44:17 #12 type] 
Type domain.Bet is not enhanced.

------------------------------------------------------------------------------------------------------------------------

[2022-10-08 23:44:46 #1 store] 
Database 'C:\Users\Carlos Diez\git\IS21.bets\Bets21\src\main\resources\bets.temp' has been recovered (tr. 1254-1304)

[2022-10-08 23:44:46 #2 store] 
Database 'C:\Users\Carlos Diez\git\IS21.bets\Bets21\src\main\resources\bets.temp' is opened by 7856@Carlosdi

[2022-10-08 23:44:46 #3 type] 
Type domain.Noticia is not enhanced.

[2022-10-08 23:44:46 #4 type] 
Type domain.Liga is not enhanced.

[2022-10-08 23:44:46 #5 type] 
Type domain.Equipo is not enhanced.

[2022-10-08 23:44:46 #6 type] 
Type domain.Event is not enhanced.

[2022-10-08 23:44:46 #7 type] 
Type domain.Comentarios is not enhanced.

[2022-10-08 23:44:46 #8 type] 
Type domain.Question is not enhanced.

[2022-10-08 23:44:46 #9 type] 
Type domain.Usuario is not enhanced.

[2022-10-08 23:44:46 #10 type] 
Type domain.Pronostico is not enhanced.

[2022-10-08 23:44:46 #11 type] 
Type domain.Entrada is not enhanced.

[2022-10-08 23:44:46 #12 type] 
Type domain.Bet is not enhanced.

------------------------------------------------------------------------------------------------------------------------

[2022-10-08 23:45:41 #1 store] 
Database 'C:\Users\Carlos Diez\git\IS21.bets\Bets21\src\main\resources\bets.temp' has been recovered (tr. 1305-1312)

[2022-10-08 23:45:41 #2 store] 
Database 'C:\Users\Carlos Diez\git\IS21.bets\Bets21\src\main\resources\bets.temp' is opened by 6400@Carlosdi

[2022-10-08 23:45:41 #3 type] 
Type domain.Noticia is not enhanced.

[2022-10-08 23:45:41 #4 type] 
Type domain.Liga is not enhanced.

[2022-10-08 23:45:41 #5 type] 
Type domain.Equipo is not enhanced.

[2022-10-08 23:45:41 #6 type] 
Type domain.Event is not enhanced.

[2022-10-08 23:45:41 #7 type] 
Type domain.Comentarios is not enhanced.

[2022-10-08 23:45:41 #8 type] 
Type domain.Question is not enhanced.

[2022-10-08 23:45:41 #9 type] 
Type domain.Usuario is not enhanced.

[2022-10-08 23:45:41 #10 type] 
Type domain.Pronostico is not enhanced.

[2022-10-08 23:45:41 #11 type] 
Type domain.Entrada is not enhanced.

[2022-10-08 23:45:41 #12 type] 
Type domain.Bet is not enhanced.

------------------------------------------------------------------------------------------------------------------------

[2022-10-08 23:48:13 #1 store] 
Database 'C:\Users\Carlos Diez\git\IS21.bets\Bets21\src\main\resources\bets.temp' has been recovered (tr. 1314-1321)

[2022-10-08 23:48:13 #2 store] 
Database 'C:\Users\Carlos Diez\git\IS21.bets\Bets21\src\main\resources\bets.temp' is opened by 8312@Carlosdi

[2022-10-08 23:48:13 #3 type] 
Type domain.Noticia is not enhanced.

[2022-10-08 23:48:13 #4 type] 
Type domain.Liga is not enhanced.

[2022-10-08 23:48:13 #5 type] 
Type domain.Equipo is not enhanced.

[2022-10-08 23:48:13 #6 type] 
Type domain.Event is not enhanced.

[2022-10-08 23:48:13 #7 type] 
Type domain.Comentarios is not enhanced.

[2022-10-08 23:48:13 #8 type] 
Type domain.Question is not enhanced.

[2022-10-08 23:48:13 #9 type] 
Type domain.Usuario is not enhanced.

[2022-10-08 23:48:13 #10 type] 
Type domain.Pronostico is not enhanced.

[2022-10-08 23:48:13 #11 type] 
Type domain.Entrada is not enhanced.

[2022-10-08 23:48:13 #12 type] 
Type domain.Bet is not enhanced.

------------------------------------------------------------------------------------------------------------------------

[2022-10-08 23:53:33 #1 store] 
Database 'C:\Users\Carlos Diez\git\IS21.bets\Bets21\src\main\resources\bets.temp' has been recovered (tr. 1323-1374)

[2022-10-08 23:53:33 #2 store] 
Database 'C:\Users\Carlos Diez\git\IS21.bets\Bets21\src\main\resources\bets.temp' is opened by 11884@Carlosdi

[2022-10-08 23:53:34 #3 type] 
Type domain.Noticia is not enhanced.

[2022-10-08 23:53:34 #4 type] 
Type domain.Liga is not enhanced.

[2022-10-08 23:53:34 #5 type] 
Type domain.Equipo is not enhanced.

[2022-10-08 23:53:34 #6 type] 
Type domain.Event is not enhanced.

[2022-10-08 23:53:34 #7 type] 
Type domain.Comentarios is not enhanced.

[2022-10-08 23:53:34 #8 type] 
Type domain.Question is not enhanced.

[2022-10-08 23:53:34 #9 type] 
Type domain.Usuario is not enhanced.

[2022-10-08 23:53:34 #10 type] 
Type domain.Pronostico is not enhanced.

[2022-10-08 23:53:34 #11 type] 
Type domain.Entrada is not enhanced.

[2022-10-08 23:53:34 #12 type] 
Type domain.Bet is not enhanced.

------------------------------------------------------------------------------------------------------------------------

[2022-10-08 23:54:28 #1 store] 
Database 'C:\Users\Carlos Diez\git\IS21.bets\Bets21\src\main\resources\bets.temp' has been recovered (tr. 1375-1424)

[2022-10-08 23:54:28 #2 store] 
Database 'C:\Users\Carlos Diez\git\IS21.bets\Bets21\src\main\resources\bets.temp' is opened by 7004@Carlosdi

[2022-10-08 23:54:28 #3 type] 
Type domain.Noticia is not enhanced.

[2022-10-08 23:54:28 #4 type] 
Type domain.Liga is not enhanced.

[2022-10-08 23:54:28 #5 type] 
Type domain.Equipo is not enhanced.

[2022-10-08 23:54:28 #6 type] 
Type domain.Event is not enhanced.

[2022-10-08 23:54:28 #7 type] 
Type domain.Comentarios is not enhanced.

[2022-10-08 23:54:28 #8 type] 
Type domain.Question is not enhanced.

[2022-10-08 23:54:28 #9 type] 
Type domain.Usuario is not enhanced.

[2022-10-08 23:54:28 #10 type] 
Type domain.Pronostico is not enhanced.

[2022-10-08 23:54:28 #11 type] 
Type domain.Entrada is not enhanced.

[2022-10-08 23:54:28 #12 type] 
Type domain.Bet is not enhanced.

------------------------------------------------------------------------------------------------------------------------

[2022-10-08 23:54:42 #1 store] 
Database 'C:\Users\Carlos Diez\git\IS21.bets\Bets21\src\main\resources\bets.temp' has been recovered (tr. 1425-1474)

[2022-10-08 23:54:42 #2 store] 
Database 'C:\Users\Carlos Diez\git\IS21.bets\Bets21\src\main\resources\bets.temp' is opened by 976@Carlosdi

[2022-10-08 23:54:42 #3 type] 
Type domain.Noticia is not enhanced.

[2022-10-08 23:54:42 #4 type] 
Type domain.Liga is not enhanced.

[2022-10-08 23:54:42 #5 type] 
Type domain.Equipo is not enhanced.

[2022-10-08 23:54:42 #6 type] 
Type domain.Event is not enhanced.

[2022-10-08 23:54:42 #7 type] 
Type domain.Comentarios is not enhanced.

[2022-10-08 23:54:42 #8 type] 
Type domain.Question is not enhanced.

[2022-10-08 23:54:42 #9 type] 
Type domain.Usuario is not enhanced.

[2022-10-08 23:54:42 #10 type] 
Type domain.Pronostico is not enhanced.

[2022-10-08 23:54:42 #11 type] 
Type domain.Entrada is not enhanced.

[2022-10-08 23:54:42 #12 type] 
Type domain.Bet is not enhanced.

------------------------------------------------------------------------------------------------------------------------

[2022-10-08 23:55:45 #1 store] 
Database 'C:\Users\Carlos Diez\git\IS21.bets\Bets21\src\main\resources\bets.temp' has been recovered (tr. 1475-1524)

[2022-10-08 23:55:45 #2 store] 
Database 'C:\Users\Carlos Diez\git\IS21.bets\Bets21\src\main\resources\bets.temp' is opened by 8284@Carlosdi

[2022-10-08 23:55:46 #3 type] 
Type domain.Noticia is not enhanced.

[2022-10-08 23:55:46 #4 type] 
Type domain.Liga is not enhanced.

[2022-10-08 23:55:46 #5 type] 
Type domain.Equipo is not enhanced.

[2022-10-08 23:55:46 #6 type] 
Type domain.Event is not enhanced.

[2022-10-08 23:55:46 #7 type] 
Type domain.Comentarios is not enhanced.

[2022-10-08 23:55:46 #8 type] 
Type domain.Question is not enhanced.

[2022-10-08 23:55:46 #9 type] 
Type domain.Usuario is not enhanced.

[2022-10-08 23:55:46 #10 type] 
Type domain.Pronostico is not enhanced.

[2022-10-08 23:55:46 #11 type] 
Type domain.Entrada is not enhanced.

[2022-10-08 23:55:46 #12 type] 
Type domain.Bet is not enhanced.

------------------------------------------------------------------------------------------------------------------------

[2022-10-08 23:56:26 #1 store] 
Database 'C:\Users\Carlos Diez\git\IS21.bets\Bets21\src\main\resources\bets.temp' has been recovered (tr. 1525-1574)

[2022-10-08 23:56:26 #2 store] 
Database 'C:\Users\Carlos Diez\git\IS21.bets\Bets21\src\main\resources\bets.temp' is opened by 9508@Carlosdi

[2022-10-08 23:56:26 #3 type] 
Type domain.Noticia is not enhanced.

[2022-10-08 23:56:26 #4 type] 
Type domain.Liga is not enhanced.

[2022-10-08 23:56:26 #5 type] 
Type domain.Equipo is not enhanced.

[2022-10-08 23:56:26 #6 type] 
Type domain.Event is not enhanced.

[2022-10-08 23:56:26 #7 type] 
Type domain.Comentarios is not enhanced.

[2022-10-08 23:56:26 #8 type] 
Type domain.Question is not enhanced.

[2022-10-08 23:56:26 #9 type] 
Type domain.Usuario is not enhanced.

[2022-10-08 23:56:26 #10 type] 
Type domain.Pronostico is not enhanced.

[2022-10-08 23:56:26 #11 type] 
Type domain.Entrada is not enhanced.

[2022-10-08 23:56:26 #12 type] 
Type domain.Bet is not enhanced.

------------------------------------------------------------------------------------------------------------------------

[2022-10-08 23:57:22 #1 store] 
Database 'C:\Users\Carlos Diez\git\IS21.bets\Bets21\src\main\resources\bets.temp' has been recovered (tr. 1575-1624)

[2022-10-08 23:57:22 #2 store] 
Database 'C:\Users\Carlos Diez\git\IS21.bets\Bets21\src\main\resources\bets.temp' is opened by 5608@Carlosdi

[2022-10-08 23:57:22 #3 type] 
Type domain.Noticia is not enhanced.

[2022-10-08 23:57:22 #4 type] 
Type domain.Liga is not enhanced.

[2022-10-08 23:57:22 #5 type] 
Type domain.Equipo is not enhanced.

[2022-10-08 23:57:22 #6 type] 
Type domain.Event is not enhanced.

[2022-10-08 23:57:22 #7 type] 
Type domain.Comentarios is not enhanced.

[2022-10-08 23:57:22 #8 type] 
Type domain.Question is not enhanced.

[2022-10-08 23:57:22 #9 type] 
Type domain.Usuario is not enhanced.

[2022-10-08 23:57:22 #10 type] 
Type domain.Pronostico is not enhanced.

[2022-10-08 23:57:22 #11 type] 
Type domain.Entrada is not enhanced.

[2022-10-08 23:57:22 #12 type] 
Type domain.Bet is not enhanced.

------------------------------------------------------------------------------------------------------------------------

[2022-10-08 23:58:37 #1 store] 
Database 'C:\Users\Carlos Diez\git\IS21.bets\Bets21\src\main\resources\bets.temp' has been recovered (tr. 1625-1674)

[2022-10-08 23:58:37 #2 store] 
Database 'C:\Users\Carlos Diez\git\IS21.bets\Bets21\src\main\resources\bets.temp' is opened by 12368@Carlosdi

[2022-10-08 23:58:37 #3 type] 
Type domain.Noticia is not enhanced.

[2022-10-08 23:58:37 #4 type] 
Type domain.Liga is not enhanced.

[2022-10-08 23:58:37 #5 type] 
Type domain.Equipo is not enhanced.

[2022-10-08 23:58:37 #6 type] 
Type domain.Event is not enhanced.

[2022-10-08 23:58:37 #7 type] 
Type domain.Comentarios is not enhanced.

[2022-10-08 23:58:37 #8 type] 
Type domain.Question is not enhanced.

[2022-10-08 23:58:37 #9 type] 
Type domain.Usuario is not enhanced.

[2022-10-08 23:58:37 #10 type] 
Type domain.Pronostico is not enhanced.

[2022-10-08 23:58:37 #11 type] 
Type domain.Entrada is not enhanced.

[2022-10-08 23:58:37 #12 type] 
Type domain.Bet is not enhanced.

------------------------------------------------------------------------------------------------------------------------

[2022-10-08 23:58:49 #1 store] 
Database 'C:\Users\Carlos Diez\git\IS21.bets\Bets21\src\main\resources\bets.temp' has been recovered (tr. 1675-1724)

[2022-10-08 23:58:50 #2 store] 
Database 'C:\Users\Carlos Diez\git\IS21.bets\Bets21\src\main\resources\bets.temp' is opened by 11700@Carlosdi

[2022-10-08 23:58:50 #3 type] 
Type domain.Noticia is not enhanced.

[2022-10-08 23:58:50 #4 type] 
Type domain.Liga is not enhanced.

[2022-10-08 23:58:50 #5 type] 
Type domain.Equipo is not enhanced.

[2022-10-08 23:58:50 #6 type] 
Type domain.Event is not enhanced.

[2022-10-08 23:58:50 #7 type] 
Type domain.Comentarios is not enhanced.

[2022-10-08 23:58:50 #8 type] 
Type domain.Question is not enhanced.

[2022-10-08 23:58:50 #9 type] 
Type domain.Usuario is not enhanced.

[2022-10-08 23:58:50 #10 type] 
Type domain.Pronostico is not enhanced.

[2022-10-08 23:58:50 #11 type] 
Type domain.Entrada is not enhanced.

[2022-10-08 23:58:50 #12 type] 
Type domain.Bet is not enhanced.

------------------------------------------------------------------------------------------------------------------------

[2022-10-08 23:59:55 #1 store] 
Database 'C:\Users\Carlos Diez\git\IS21.bets\Bets21\src\main\resources\bets.temp' has been recovered (tr. 1725-1774)

[2022-10-08 23:59:55 #2 store] 
Database 'C:\Users\Carlos Diez\git\IS21.bets\Bets21\src\main\resources\bets.temp' is opened by 13284@Carlosdi

[2022-10-08 23:59:55 #3 type] 
Type domain.Noticia is not enhanced.

[2022-10-08 23:59:55 #4 type] 
Type domain.Liga is not enhanced.

[2022-10-08 23:59:55 #5 type] 
Type domain.Equipo is not enhanced.

[2022-10-08 23:59:55 #6 type] 
Type domain.Event is not enhanced.

[2022-10-08 23:59:55 #7 type] 
Type domain.Comentarios is not enhanced.

[2022-10-08 23:59:55 #8 type] 
Type domain.Question is not enhanced.

[2022-10-08 23:59:55 #9 type] 
Type domain.Usuario is not enhanced.

[2022-10-08 23:59:55 #10 type] 
Type domain.Pronostico is not enhanced.

[2022-10-08 23:59:55 #11 type] 
Type domain.Entrada is not enhanced.

[2022-10-08 23:59:55 #12 type] 
Type domain.Bet is not enhanced.

