------------------------------------------------------------------------------------------------------------------------

[2022-01-18 10:48:30 #1 store] 
Database 'C:\Users\ehu\git\Bets21\src\main\resources\bets.temp' is opened by 14060@U030085

[2022-01-18 10:48:30 #2 type.registry] 
New type domain.Question

[2022-01-18 10:48:30 #3 type] 
Type domain.Question is not enhanced.

[2022-01-18 10:48:30 #4 type.registry] 
New type domain.Event

[2022-01-18 10:48:30 #5 type] 
Type domain.Event is not enhanced.

[2022-01-18 10:48:30 #6 type.registry] 
New type java.util.Vector<domain.Question>

[2022-01-18 10:48:30 #7 type.registry] 
New type java.util.Vector<java.lang.Object>

------------------------------------------------------------------------------------------------------------------------

[2022-01-18 10:49:11 #1 store] 
Database 'C:\Users\ehu\git\Bets21\src\main\resources\bets.temp' is opened by 11684@U030085

[2022-01-18 10:49:11 #2 type.registry] 
New type domain.Question

[2022-01-18 10:49:11 #3 type] 
Type domain.Question is not enhanced.

[2022-01-18 10:49:11 #4 type.registry] 
New type domain.Event

[2022-01-18 10:49:11 #5 type] 
Type domain.Event is not enhanced.

[2022-01-18 10:49:11 #6 type.registry] 
New type java.util.Vector<domain.Question>

[2022-01-18 10:49:11 #7 type.registry] 
New type java.util.Vector<java.lang.Object>

------------------------------------------------------------------------------------------------------------------------

[2022-01-18 10:50:16 #1 server] 
java.net.BindException: Address already in use: bind
	at java.base/sun.nio.ch.Net.bind0(Native Method)
	at java.base/sun.nio.ch.Net.bind(Net.java:552)
	at java.base/sun.nio.ch.Net.bind(Net.java:541)
	at java.base/sun.nio.ch.NioSocketImpl.bind(NioSocketImpl.java:643)
	at java.base/java.net.ServerSocket.bind(ServerSocket.java:395)
	at java.base/java.net.ServerSocket.<init>(ServerSocket.java:281)
	at java.base/java.net.ServerSocket.<init>(ServerSocket.java:225)
	at com.objectdb.o.SMR.I(SMR.java:259)
	at com.objectdb.o.SMR.n(SMR.java:159)
	at com.objectdb.o.TOL.run(TOL.java:116)
	at com.objectdb.Server.runCommand(Server.java:200)
	at com.objectdb.Server.run(Server.java:104)
	at com.objectdb.Server.main(Server.java:63)

------------------------------------------------------------------------------------------------------------------------

[2022-01-18 10:50:24 #1 type.registry] 
New type domain.Question

[2022-01-18 10:50:24 #2 type] 
Type domain.Question is not enhanced.

[2022-01-18 10:50:24 #3 type.registry] 
New type domain.Event

[2022-01-18 10:50:24 #4 type] 
Type domain.Event is not enhanced.

[2022-01-18 10:50:24 #5 type.registry] 
New type java.util.Vector<domain.Question>

[2022-01-18 10:50:24 #6 type.registry] 
New type java.util.Vector<java.lang.Object>

------------------------------------------------------------------------------------------------------------------------

[2022-01-18 10:50:53 #1 server] 
java.net.BindException: Address already in use: bind
	at java.base/sun.nio.ch.Net.bind0(Native Method)
	at java.base/sun.nio.ch.Net.bind(Net.java:552)
	at java.base/sun.nio.ch.Net.bind(Net.java:541)
	at java.base/sun.nio.ch.NioSocketImpl.bind(NioSocketImpl.java:643)
	at java.base/java.net.ServerSocket.bind(ServerSocket.java:395)
	at java.base/java.net.ServerSocket.<init>(ServerSocket.java:281)
	at java.base/java.net.ServerSocket.<init>(ServerSocket.java:225)
	at com.objectdb.o.SMR.I(SMR.java:259)
	at com.objectdb.o.SMR.n(SMR.java:159)
	at com.objectdb.o.TOL.run(TOL.java:116)
	at com.objectdb.Server.runCommand(Server.java:200)
	at com.objectdb.Server.run(Server.java:104)
	at com.objectdb.Server.main(Server.java:63)

------------------------------------------------------------------------------------------------------------------------

[2022-01-18 10:51:01 #1 type.registry] 
New type domain.Question

[2022-01-18 10:51:01 #2 type] 
Type domain.Question is not enhanced.

[2022-01-18 10:51:01 #3 type.registry] 
New type domain.Event

[2022-01-18 10:51:01 #4 type] 
Type domain.Event is not enhanced.

[2022-01-18 10:51:01 #5 type.registry] 
New type java.util.Vector<domain.Question>

[2022-01-18 10:51:01 #6 type.registry] 
New type java.util.Vector<java.lang.Object>

