------------------------------------------------------------------------------------------------------------------------

[2022-05-11 09:13:55 #1 store] 
Database 'C:\Users\ehu\git\Iteracion_III\Bets21\src\main\resources\bets.temp' is opened by 13544@U030090

[2022-05-11 09:13:55 #2 type.registry] 
New type domain.Noticia

[2022-05-11 09:13:55 #3 type] 
Type domain.Noticia is not enhanced.

[2022-05-11 09:13:55 #4 type.registry] 
New type domain.Equipo

[2022-05-11 09:13:55 #5 type] 
Type domain.Equipo is not enhanced.

[2022-05-11 09:13:55 #6 type.registry] 
New type domain.Event

[2022-05-11 09:13:55 #7 type.registry] 
New type java.util.Vector<domain.Event>

[2022-05-11 09:13:55 #8 type] 
Type domain.Event is not enhanced.

[2022-05-11 09:13:55 #9 type.registry] 
New type domain.Comentarios

[2022-05-11 09:13:55 #10 type.registry] 
New type java.util.Vector<domain.Comentarios>

[2022-05-11 09:13:55 #11 type.registry] 
New type java.util.Vector<domain.Equipo>

[2022-05-11 09:13:55 #12 type.registry] 
New type domain.Question

[2022-05-11 09:13:55 #13 type.registry] 
New type java.util.Vector<domain.Question>

[2022-05-11 09:13:55 #14 type] 
Type domain.Comentarios is not enhanced.

[2022-05-11 09:13:55 #15 type.registry] 
New type domain.Usuario

[2022-05-11 09:13:55 #16 type] 
Type domain.Question is not enhanced.

[2022-05-11 09:13:55 #17 type.registry] 
New type domain.Pronostico

[2022-05-11 09:13:55 #18 type.registry] 
New type java.util.Vector<domain.Pronostico>

[2022-05-11 09:13:55 #19 type] 
Type domain.Usuario is not enhanced.

[2022-05-11 09:13:55 #20 type.registry] 
New type domain.Bet

[2022-05-11 09:13:55 #21 type.registry] 
New type java.util.Vector<domain.Bet>

[2022-05-11 09:13:55 #22 type] 
Type domain.Pronostico is not enhanced.

[2022-05-11 09:13:55 #23 type] 
Type domain.Bet is not enhanced.

[2022-05-11 09:13:55 #24 type.registry] 
New type java.util.Vector<java.lang.Object>

------------------------------------------------------------------------------------------------------------------------

[2022-05-11 09:22:08 #1 store] 
Database 'C:\Users\ehu\git\Iteracion_III\Bets21\src\main\resources\bets.temp' is opened by 5452@U030090

[2022-05-11 09:22:08 #2 type.registry] 
New type domain.Noticia

[2022-05-11 09:22:08 #3 type] 
Type domain.Noticia is not enhanced.

[2022-05-11 09:22:08 #4 type.registry] 
New type domain.Equipo

[2022-05-11 09:22:08 #5 type] 
Type domain.Equipo is not enhanced.

[2022-05-11 09:22:08 #6 type.registry] 
New type domain.Event

[2022-05-11 09:22:08 #7 type.registry] 
New type java.util.Vector<domain.Event>

[2022-05-11 09:22:08 #8 type] 
Type domain.Event is not enhanced.

[2022-05-11 09:22:08 #9 type.registry] 
New type domain.Comentarios

[2022-05-11 09:22:08 #10 type.registry] 
New type java.util.Vector<domain.Comentarios>

[2022-05-11 09:22:08 #11 type.registry] 
New type java.util.Vector<domain.Equipo>

[2022-05-11 09:22:08 #12 type.registry] 
New type domain.Question

[2022-05-11 09:22:08 #13 type.registry] 
New type java.util.Vector<domain.Question>

[2022-05-11 09:22:08 #14 type] 
Type domain.Comentarios is not enhanced.

[2022-05-11 09:22:08 #15 type.registry] 
New type domain.Usuario

[2022-05-11 09:22:08 #16 type] 
Type domain.Question is not enhanced.

[2022-05-11 09:22:08 #17 type.registry] 
New type domain.Pronostico

[2022-05-11 09:22:08 #18 type.registry] 
New type java.util.Vector<domain.Pronostico>

[2022-05-11 09:22:08 #19 type] 
Type domain.Usuario is not enhanced.

[2022-05-11 09:22:08 #20 type.registry] 
New type domain.Bet

[2022-05-11 09:22:08 #21 type.registry] 
New type java.util.Vector<domain.Bet>

[2022-05-11 09:22:08 #22 type] 
Type domain.Pronostico is not enhanced.

[2022-05-11 09:22:08 #23 type] 
Type domain.Bet is not enhanced.

[2022-05-11 09:22:08 #24 type.registry] 
New type java.util.Vector<java.lang.Object>

------------------------------------------------------------------------------------------------------------------------

[2022-05-11 09:23:48 #1 store] 
Database 'C:\Users\ehu\git\Iteracion_III\Bets21\src\main\resources\bets.temp' is opened by 7096@U030090

[2022-05-11 09:23:49 #2 type.registry] 
New type domain.Noticia

[2022-05-11 09:23:49 #3 type] 
Type domain.Noticia is not enhanced.

[2022-05-11 09:23:49 #4 type.registry] 
New type domain.Equipo

[2022-05-11 09:23:49 #5 type] 
Type domain.Equipo is not enhanced.

[2022-05-11 09:23:49 #6 type.registry] 
New type domain.Event

[2022-05-11 09:23:49 #7 type.registry] 
New type java.util.Vector<domain.Event>

[2022-05-11 09:23:49 #8 type] 
Type domain.Event is not enhanced.

[2022-05-11 09:23:49 #9 type.registry] 
New type domain.Comentarios

[2022-05-11 09:23:49 #10 type.registry] 
New type java.util.Vector<domain.Comentarios>

[2022-05-11 09:23:49 #11 type.registry] 
New type java.util.Vector<domain.Equipo>

[2022-05-11 09:23:49 #12 type.registry] 
New type domain.Question

[2022-05-11 09:23:49 #13 type.registry] 
New type java.util.Vector<domain.Question>

[2022-05-11 09:23:49 #14 type] 
Type domain.Comentarios is not enhanced.

[2022-05-11 09:23:49 #15 type.registry] 
New type domain.Usuario

[2022-05-11 09:23:49 #16 type] 
Type domain.Question is not enhanced.

[2022-05-11 09:23:49 #17 type.registry] 
New type domain.Pronostico

[2022-05-11 09:23:49 #18 type.registry] 
New type java.util.Vector<domain.Pronostico>

[2022-05-11 09:23:49 #19 type] 
Type domain.Usuario is not enhanced.

[2022-05-11 09:23:49 #20 type.registry] 
New type domain.Bet

[2022-05-11 09:23:49 #21 type.registry] 
New type java.util.Vector<domain.Bet>

[2022-05-11 09:23:49 #22 type] 
Type domain.Pronostico is not enhanced.

[2022-05-11 09:23:49 #23 type] 
Type domain.Bet is not enhanced.

[2022-05-11 09:23:49 #24 type.registry] 
New type java.util.Vector<java.lang.Object>

